
######################################################################
   MONTE CARLO COMPARATIVE ANALYSIS (Proximal vs SRA vs Oracle)
######################################################################
Configurations:
 - n_train: 2000
 - mc_reps: 30
 - mc_eval_size: 100000
 - seed: 285063
 - tau: 0.5
 - phi_type: 3
 - model_type: linear
 - k_folds: 2
 - max_alt_iters: 10
 - dgp: S1
 - optim_mode: ao
 - no_cf: True
 - prox_only: False
 - mmr_loss: V_statistic
 - q22_output_bound: 10.0
 - Device: cuda


[1/30] MC Repetition Seed: 285063
  -> Training Proximal QTR (Always Cross-Fitting)

==================================================
🚀 Starting Proximal QTR Policy Learning (S1)
=== Configuration & Data Generation ===
Generated data: Train(2000), Val(500)

=== Step 1: Pre-estimating Bridge Functions (q22) w/ Cross-Fitting ===

>> Cross-Fitting Fold 1/2
Starting Hyperparameter Optimization for a1=1, a2=1...
Best Params found: {'network_width': 32, 'network_depth': 4, 'dropout_prob': 0.365284779995549, 'lr': 0.005258188669570648, 'l2': 0.000687087043417171, 'lambda_reg': 0.0015494042248714653, 'q22_output_bound': 10.0, 'epochs': 200}
Training Final q11 Checkpoint...
Training Final q22 Checkpoint...
Starting Hyperparameter Optimization for a1=1, a2=-1...
Best Params found: {'network_width': 128, 'network_depth': 4, 'dropout_prob': 0.2738805827170011, 'lr': 0.002813892190784953, 'l2': 0.0001758717114513903, 'lambda_reg': 3.5725289754908758e-06, 'q22_output_bound': 10.0, 'epochs': 200}
Training Final q11 Checkpoint...
Training Final q22 Checkpoint...
Starting Hyperparameter Optimization for a1=-1, a2=1...
Best Params found: {'network_width': 32, 'network_depth': 2, 'dropout_prob': 0.3198910694988938, 'lr': 0.0027506011241591704, 'l2': 0.0003409025576864326, 'lambda_reg': 1.5722466589361328e-06, 'q22_output_bound': 10.0, 'epochs': 200}
Training Final q11 Checkpoint...
Training Final q22 Checkpoint...
Starting Hyperparameter Optimization for a1=-1, a2=-1...
Best Params found: {'network_width': 32, 'network_depth': 4, 'dropout_prob': 0.49604504592594995, 'lr': 0.006923766589118307, 'l2': 0.0034078281153395733, 'lambda_reg': 0.0008994402914509662, 'q22_output_bound': 10.0, 'epochs': 200}
Training Final q11 Checkpoint...
Training Final q22 Checkpoint...

>> Cross-Fitting Fold 2/2
Starting Hyperparameter Optimization for a1=1, a2=1...
Best Params found: {'network_width': 32, 'network_depth': 4, 'dropout_prob': 0.47884696165746665, 'lr': 0.006657600451080893, 'l2': 0.0006108503978488442, 'lambda_reg': 1.6240671054236343e-06, 'q22_output_bound': 10.0, 'epochs': 200}
Training Final q11 Checkpoint...
Training Final q22 Checkpoint...
Starting Hyperparameter Optimization for a1=1, a2=-1...
Best Params found: {'network_width': 64, 'network_depth': 4, 'dropout_prob': 0.3987594370341486, 'lr': 0.0017965759982065124, 'l2': 0.0002326642694601361, 'lambda_reg': 1.812166519766956e-05, 'q22_output_bound': 10.0, 'epochs': 200}
Training Final q11 Checkpoint...
Training Final q22 Checkpoint...
Starting Hyperparameter Optimization for a1=-1, a2=1...
Best Params found: {'network_width': 128, 'network_depth': 4, 'dropout_prob': 0.4537844797023677, 'lr': 2.245960387948954e-05, 'l2': 0.008605760595740973, 'lambda_reg': 5.691068214290409e-05, 'q22_output_bound': 10.0, 'epochs': 200}
Training Final q11 Checkpoint...
Training Final q22 Checkpoint...
Starting Hyperparameter Optimization for a1=-1, a2=-1...
Best Params found: {'network_width': 64, 'network_depth': 4, 'dropout_prob': 0.40753348763116415, 'lr': 0.0003351423160315362, 'l2': 0.00013412139421909355, 'lambda_reg': 1.829436251393558e-06, 'q22_output_bound': 10.0, 'epochs': 200}
Training Final q11 Checkpoint...
Training Final q22 Checkpoint...
Weight summary before inner optimization -> Train mean: 2.8502, Max: 8.8978

=== Step 2 & 3: Alternating Optimization for Policy Learning ===
Alternating Optim Settings -> Grid size: 2000, epsilon_n: 0.000100, delta_n: 0.000100, hn: 0.026313
                           -> flip_rate_thresh: 0.0250, batch_size: 128

--- Running Initial Hyperparameter Optimization for Policy Networks ---
Optimal configs locked: {'lr': 0.00010364036008523377, 'l2': 1.6992055506049091e-07, 'epochs': 200}

--- Alternating Optim Iteration 1/10 ---
Current q^(k-1) = -0.018193
    -> Updated Empirical Survival Value (SV) at new q 1.269649: 0.500944 (Target: 0.500000)
    -> Convergence checks: |q_new - q_current| = 1.287841, |SV - target| = 0.000944, Policy Flips: 0

--- Alternating Optim Iteration 2/10 ---
Current q^(k-1) = 1.269649
    -> Updated Empirical Survival Value (SV) at new q 4.671824: 0.500126 (Target: 0.500000)
    -> Policy Flip Counts: F1=807, F2=1334
    -> Policy Flip Rates: F1=0.403500, F2=0.667000 (thresh=0.0250)
    -> Convergence checks: |q_new - q_current| = 3.402176, |SV - target| = 0.000126, Policy Flips: 2141

--- Alternating Optim Iteration 3/10 ---
Current q^(k-1) = 4.671824
    -> Updated Empirical Survival Value (SV) at new q 4.352528: 0.499983 (Target: 0.500000)
    -> Policy Flip Counts: F1=1842, F2=444
    -> Policy Flip Rates: F1=0.921000, F2=0.222000 (thresh=0.0250)
    -> Convergence checks: |q_new - q_current| = 0.319296, |SV - target| = 0.000017, Policy Flips: 2286

--- Alternating Optim Iteration 4/10 ---
Current q^(k-1) = 4.352528
    -> Updated Empirical Survival Value (SV) at new q 5.997271: 0.500009 (Target: 0.500000)
    -> Policy Flip Counts: F1=1575, F2=429
    -> Policy Flip Rates: F1=0.787500, F2=0.214500 (thresh=0.0250)
    -> Convergence checks: |q_new - q_current| = 1.644743, |SV - target| = 0.000009, Policy Flips: 2004

--- Alternating Optim Iteration 5/10 ---
Current q^(k-1) = 5.997271
    -> Updated Empirical Survival Value (SV) at new q 3.508824: 0.498300 (Target: 0.500000)
    -> Policy Flip Counts: F1=425, F2=848
    -> Policy Flip Rates: F1=0.212500, F2=0.424000 (thresh=0.0250)
    -> Convergence checks: |q_new - q_current| = 2.488447, |SV - target| = 0.001700, Policy Flips: 1273

--- Alternating Optim Iteration 6/10 ---
Current q^(k-1) = 3.508824
    -> Updated Empirical Survival Value (SV) at new q 6.402930: 0.498207 (Target: 0.500000)
    -> Policy Flip Counts: F1=67, F2=274
    -> Policy Flip Rates: F1=0.033500, F2=0.137000 (thresh=0.0250)
    -> Convergence checks: |q_new - q_current| = 2.894106, |SV - target| = 0.001793, Policy Flips: 341

--- Alternating Optim Iteration 7/10 ---
Current q^(k-1) = 6.402930
    -> Updated Empirical Survival Value (SV) at new q 2.936506: 0.499750 (Target: 0.500000)
    -> Policy Flip Counts: F1=67, F2=826
    -> Policy Flip Rates: F1=0.033500, F2=0.413000 (thresh=0.0250)
    -> Convergence checks: |q_new - q_current| = 3.466424, |SV - target| = 0.000250, Policy Flips: 893

--- Alternating Optim Iteration 8/10 ---
Current q^(k-1) = 2.936506
    -> Updated Empirical Survival Value (SV) at new q 3.108563: 0.501391 (Target: 0.500000)
    -> Policy Flip Counts: F1=1522, F2=1013
    -> Policy Flip Rates: F1=0.761000, F2=0.506500 (thresh=0.0250)
    -> Convergence checks: |q_new - q_current| = 0.172057, |SV - target| = 0.001391, Policy Flips: 2535

--- Alternating Optim Iteration 9/10 ---
Current q^(k-1) = 3.108563
    -> Updated Empirical Survival Value (SV) at new q 4.413190: 0.499603 (Target: 0.500000)
    -> Policy Flip Counts: F1=15, F2=850
    -> Policy Flip Rates: F1=0.007500, F2=0.425000 (thresh=0.0250)
    -> Convergence checks: |q_new - q_current| = 1.304627, |SV - target| = 0.000397, Policy Flips: 865

--- Alternating Optim Iteration 10/10 ---
Current q^(k-1) = 4.413190
    -> Updated Empirical Survival Value (SV) at new q 1.982108: 0.500037 (Target: 0.500000)
    -> Policy Flip Counts: F1=1507, F2=1141
    -> Policy Flip Rates: F1=0.753500, F2=0.570500 (thresh=0.0250)
    -> Convergence checks: |q_new - q_current| = 2.431082, |SV - target| = 0.000037, Policy Flips: 2648

✅ Training Completed! Final optimal q: 1.982108, Estimated SV: 0.500037
  -> Training SRA Estimator (No-CF: True)...

==================================================
🚀 Starting SRA Policy Learning (NO-CF MODE, S1)

=== SRA Step 1: Estimating Propensity Weights (Logistic Regression) - NO CF ===
Training SRA Propensity Models (Logistic Regression)...

=== SRA Step 2 & 3: Alternating Optimization (Binary Search Version) ===
AO Settings -> Grid size: 2000, epsilon_n: 0.000100, delta_n: 0.000100, hn: 0.026313

--- Running Initial Hyperparameter Optimization for Policy Networks (SRA NO-CF AO) ---
Optimal configs locked: {'lr': 0.00643913592484839, 'l2': 1.370199138370214e-08, 'epochs': 200}

--- Alternating Optim Iteration 1/10 ---
Current q^(k-1) = -0.018193
    -> Updated Empirical Survival Value (SV) at new q 4.524235: 0.500482 (Target: 0.500000)
    -> Convergence checks: |q_new - q_current| = 4.542428, |SV - target| = 0.000482, Policy Flips: 0

--- Alternating Optim Iteration 2/10 ---
Current q^(k-1) = 4.524235
    -> Updated Empirical Survival Value (SV) at new q 4.422771: 0.500380 (Target: 0.500000)
    -> Convergence checks: |q_new - q_current| = 0.101464, |SV - target| = 0.000380, Policy Flips: 114

--- Alternating Optim Iteration 3/10 ---
Current q^(k-1) = 4.422771
    -> Updated Empirical Survival Value (SV) at new q 3.797242: 0.499848 (Target: 0.500000)
    -> Convergence checks: |q_new - q_current| = 0.625529, |SV - target| = 0.000152, Policy Flips: 1997

--- Alternating Optim Iteration 4/10 ---
Current q^(k-1) = 3.797242
    -> Updated Empirical Survival Value (SV) at new q 4.413190: 0.500312 (Target: 0.500000)
    -> Convergence checks: |q_new - q_current| = 0.615948, |SV - target| = 0.000312, Policy Flips: 2005

--- Alternating Optim Iteration 5/10 ---
Current q^(k-1) = 4.413190
    -> Updated Empirical Survival Value (SV) at new q 4.413190: 0.500312 (Target: 0.500000)
    -> Convergence checks: |q_new - q_current| = 0.000000, |SV - target| = 0.000312, Policy Flips: 4
✅ AO Converged by delta_n threshold (q settled): shifed 0.000000 <= 0.000100
  -> Training Oracle Estimator (No-CF: True)...

==================================================
🚀 Starting Oracle Policy Learning (NO-CF MODE, S1)

=== Oracle Step 1: Estimating Propensity Weights (Oracle Features) - NO CF ===
Training Oracle Propensity Models (Logistic Regression - DGPSatisfied)...

=== Oracle Step 2 & 3: Alternating Optimization (Binary Search Version) ===
AO Settings -> Grid size: 2000, epsilon_n: 0.000100, delta_n: 0.000100, hn: 0.026313

--- Running Initial Hyperparameter Optimization for Policy Networks (Oracle NO-CF AO) ---
Optimal configs locked: {'lr': 0.00643913592484839, 'l2': 1.370199138370214e-08, 'epochs': 200}

--- Alternating Optim Iteration 1/10 ---
Current q^(k-1) = -0.018193
    -> Updated Empirical Survival Value (SV) at new q 5.190809: 0.499056 (Target: 0.500000)
    -> Convergence checks: |q_new - q_current| = 5.209001, |SV - target| = 0.000944, Policy Flips: 0

--- Alternating Optim Iteration 2/10 ---
Current q^(k-1) = 5.190809
    -> Updated Empirical Survival Value (SV) at new q 5.243353: 0.499888 (Target: 0.500000)
    -> Convergence checks: |q_new - q_current| = 0.052544, |SV - target| = 0.000112, Policy Flips: 1

--- Alternating Optim Iteration 3/10 ---
Current q^(k-1) = 5.243353
    -> Updated Empirical Survival Value (SV) at new q 5.190809: 0.499056 (Target: 0.500000)
    -> Convergence checks: |q_new - q_current| = 0.052544, |SV - target| = 0.000944, Policy Flips: 2

--- Alternating Optim Iteration 4/10 ---
Current q^(k-1) = 5.190809
    -> Updated Empirical Survival Value (SV) at new q 5.190809: 0.499056 (Target: 0.500000)
    -> Convergence checks: |q_new - q_current| = 0.000000, |SV - target| = 0.000944, Policy Flips: 1
✅ AO Converged by delta_n threshold (q settled): shifed 0.000000 <= 0.000100
   Perf  -> Prox: 1.741936840020 | SRA: 4.757833094463 | Oracle: 5.709799358629

[2/30] MC Repetition Seed: 285064
  -> Training Proximal QTR (Always Cross-Fitting)

==================================================
🚀 Starting Proximal QTR Policy Learning (S1)
=== Configuration & Data Generation ===
Generated data: Train(2000), Val(500)

=== Step 1: Pre-estimating Bridge Functions (q22) w/ Cross-Fitting ===

>> Cross-Fitting Fold 1/2
Starting Hyperparameter Optimization for a1=1, a2=1...
Best Params found: {'network_width': 32, 'network_depth': 3, 'dropout_prob': 0.43087006374604553, 'lr': 3.8733091293955736e-05, 'l2': 0.002595791928086529, 'lambda_reg': 0.00040051004502063964, 'q22_output_bound': 10.0, 'epochs': 200}
Training Final q11 Checkpoint...
Training Final q22 Checkpoint...
Starting Hyperparameter Optimization for a1=1, a2=-1...
Best Params found: {'network_width': 128, 'network_depth': 3, 'dropout_prob': 0.3662266542553766, 'lr': 0.00812999748955612, 'l2': 0.0024835810945194716, 'lambda_reg': 1.4920957854931493e-05, 'q22_output_bound': 10.0, 'epochs': 200}
Training Final q11 Checkpoint...
Training Final q22 Checkpoint...
Starting Hyperparameter Optimization for a1=-1, a2=1...
Best Params found: {'network_width': 64, 'network_depth': 4, 'dropout_prob': 0.32750876598661816, 'lr': 0.002371967846762843, 'l2': 0.0027645637598639632, 'lambda_reg': 1.3602937610661773e-06, 'q22_output_bound': 10.0, 'epochs': 200}
Training Final q11 Checkpoint...
Training Final q22 Checkpoint...
Starting Hyperparameter Optimization for a1=-1, a2=-1...
Best Params found: {'network_width': 32, 'network_depth': 3, 'dropout_prob': 0.49189668343210424, 'lr': 0.009871764967384879, 'l2': 0.002516420547235272, 'lambda_reg': 0.0004394738568357532, 'q22_output_bound': 10.0, 'epochs': 200}
Training Final q11 Checkpoint...
Training Final q22 Checkpoint...

>> Cross-Fitting Fold 2/2
Starting Hyperparameter Optimization for a1=1, a2=1...
Best Params found: {'network_width': 128, 'network_depth': 3, 'dropout_prob': 0.23109984972211356, 'lr': 0.00623304041959021, 'l2': 0.0015507115647012148, 'lambda_reg': 0.0010462945386284363, 'q22_output_bound': 10.0, 'epochs': 200}
Training Final q11 Checkpoint...
Training Final q22 Checkpoint...
Starting Hyperparameter Optimization for a1=1, a2=-1...
Best Params found: {'network_width': 64, 'network_depth': 4, 'dropout_prob': 0.33396003241789374, 'lr': 0.002908035682935363, 'l2': 0.0002993938682365182, 'lambda_reg': 0.00035995722758282834, 'q22_output_bound': 10.0, 'epochs': 200}
Training Final q11 Checkpoint...
Training Final q22 Checkpoint...
Starting Hyperparameter Optimization for a1=-1, a2=1...
Best Params found: {'network_width': 64, 'network_depth': 4, 'dropout_prob': 0.33144200375171823, 'lr': 0.0014952789142353522, 'l2': 0.00012765819037147255, 'lambda_reg': 0.0001914365618203345, 'q22_output_bound': 10.0, 'epochs': 200}
Training Final q11 Checkpoint...
Training Final q22 Checkpoint...
Starting Hyperparameter Optimization for a1=-1, a2=-1...
Best Params found: {'network_width': 128, 'network_depth': 4, 'dropout_prob': 0.4477959165881311, 'lr': 0.00014900085802766039, 'l2': 0.0034322860573884045, 'lambda_reg': 0.009225434011536318, 'q22_output_bound': 10.0, 'epochs': 200}
Training Final q11 Checkpoint...
Training Final q22 Checkpoint...
Weight summary before inner optimization -> Train mean: 2.3704, Max: 8.1053

=== Step 2 & 3: Alternating Optimization for Policy Learning ===
Alternating Optim Settings -> Grid size: 2000, epsilon_n: 0.000100, delta_n: 0.000100, hn: 0.026313
                           -> flip_rate_thresh: 0.0250, batch_size: 128

--- Running Initial Hyperparameter Optimization for Policy Networks ---
Optimal configs locked: {'lr': 0.0007409119933470275, 'l2': 2.0596951582420146e-08, 'epochs': 200}

--- Alternating Optim Iteration 1/10 ---
Current q^(k-1) = 0.267169
    -> Updated Empirical Survival Value (SV) at new q 5.261953: 0.501517 (Target: 0.500000)
    -> Convergence checks: |q_new - q_current| = 4.994783, |SV - target| = 0.001517, Policy Flips: 0

--- Alternating Optim Iteration 2/10 ---
Current q^(k-1) = 5.261953
    -> Updated Empirical Survival Value (SV) at new q 6.582137: 0.499544 (Target: 0.500000)
    -> Policy Flip Counts: F1=0, F2=762
    -> Policy Flip Rates: F1=0.000000, F2=0.381000 (thresh=0.0250)
    -> Convergence checks: |q_new - q_current| = 1.320184, |SV - target| = 0.000456, Policy Flips: 762

--- Alternating Optim Iteration 3/10 ---
Current q^(k-1) = 6.582137
    -> Updated Empirical Survival Value (SV) at new q 6.511122: 0.500543 (Target: 0.500000)
    -> Policy Flip Counts: F1=4, F2=0
    -> Policy Flip Rates: F1=0.002000, F2=0.000000 (thresh=0.0250)
    -> Convergence checks: |q_new - q_current| = 0.071015, |SV - target| = 0.000543, Policy Flips: 4
✅ AO Converged by micro flip: Policies almost unchanged from last iteration.

✅ Training Completed! Final optimal q: 6.511122, Estimated SV: 0.500543
  -> Training SRA Estimator (No-CF: True)...

==================================================
🚀 Starting SRA Policy Learning (NO-CF MODE, S1)

=== SRA Step 1: Estimating Propensity Weights (Logistic Regression) - NO CF ===
Training SRA Propensity Models (Logistic Regression)...

=== SRA Step 2 & 3: Alternating Optimization (Binary Search Version) ===
AO Settings -> Grid size: 2000, epsilon_n: 0.000100, delta_n: 0.000100, hn: 0.026313

--- Running Initial Hyperparameter Optimization for Policy Networks (SRA NO-CF AO) ---
Optimal configs locked: {'lr': 0.00892237185823468, 'l2': 3.610153068768341e-07, 'epochs': 200}

--- Alternating Optim Iteration 1/10 ---
Current q^(k-1) = 0.267169
    -> Updated Empirical Survival Value (SV) at new q 4.252390: 0.499461 (Target: 0.500000)
    -> Convergence checks: |q_new - q_current| = 3.985220, |SV - target| = 0.000539, Policy Flips: 0

--- Alternating Optim Iteration 2/10 ---
Current q^(k-1) = 4.252390
    -> Updated Empirical Survival Value (SV) at new q 4.780966: 0.499502 (Target: 0.500000)
    -> Convergence checks: |q_new - q_current| = 0.528576, |SV - target| = 0.000498, Policy Flips: 1449

--- Alternating Optim Iteration 3/10 ---
Current q^(k-1) = 4.780966
    -> Updated Empirical Survival Value (SV) at new q 4.666531: 0.499220 (Target: 0.500000)
    -> Convergence checks: |q_new - q_current| = 0.114435, |SV - target| = 0.000780, Policy Flips: 468

--- Alternating Optim Iteration 4/10 ---
Current q^(k-1) = 4.666531
    -> Updated Empirical Survival Value (SV) at new q 4.507774: 0.499104 (Target: 0.500000)
    -> Convergence checks: |q_new - q_current| = 0.158757, |SV - target| = 0.000896, Policy Flips: 84

--- Alternating Optim Iteration 5/10 ---
Current q^(k-1) = 4.507774
    -> Updated Empirical Survival Value (SV) at new q 4.507774: 0.499104 (Target: 0.500000)
    -> Convergence checks: |q_new - q_current| = 0.000000, |SV - target| = 0.000896, Policy Flips: 0
✅ AO Converged by delta_n threshold (q settled): shifed 0.000000 <= 0.000100
  -> Training Oracle Estimator (No-CF: True)...

==================================================
🚀 Starting Oracle Policy Learning (NO-CF MODE, S1)

=== Oracle Step 1: Estimating Propensity Weights (Oracle Features) - NO CF ===
Training Oracle Propensity Models (Logistic Regression - DGPSatisfied)...

=== Oracle Step 2 & 3: Alternating Optimization (Binary Search Version) ===
AO Settings -> Grid size: 2000, epsilon_n: 0.000100, delta_n: 0.000100, hn: 0.026313

--- Running Initial Hyperparameter Optimization for Policy Networks (Oracle NO-CF AO) ---
Optimal configs locked: {'lr': 0.00769433314690273, 'l2': 5.919239797442106e-08, 'epochs': 200}

--- Alternating Optim Iteration 1/10 ---
Current q^(k-1) = 0.267169
    -> Updated Empirical Survival Value (SV) at new q 6.039767: 0.499188 (Target: 0.500000)
    -> Convergence checks: |q_new - q_current| = 5.772597, |SV - target| = 0.000812, Policy Flips: 0

--- Alternating Optim Iteration 2/10 ---
Current q^(k-1) = 6.039767
    -> Updated Empirical Survival Value (SV) at new q 5.758625: 0.500415 (Target: 0.500000)
    -> Convergence checks: |q_new - q_current| = 0.281142, |SV - target| = 0.000415, Policy Flips: 985

--- Alternating Optim Iteration 3/10 ---
Current q^(k-1) = 5.758625
    -> Updated Empirical Survival Value (SV) at new q 5.940243: 0.499542 (Target: 0.500000)
    -> Convergence checks: |q_new - q_current| = 0.181618, |SV - target| = 0.000458, Policy Flips: 66

--- Alternating Optim Iteration 4/10 ---
Current q^(k-1) = 5.940243
    -> Updated Empirical Survival Value (SV) at new q 5.758625: 0.500415 (Target: 0.500000)
    -> Convergence checks: |q_new - q_current| = 0.181618, |SV - target| = 0.000415, Policy Flips: 66

--- Alternating Optim Iteration 5/10 ---
Current q^(k-1) = 5.758625
    -> Updated Empirical Survival Value (SV) at new q 5.940243: 0.500533 (Target: 0.500000)
    -> Convergence checks: |q_new - q_current| = 0.181618, |SV - target| = 0.000533, Policy Flips: 46

--- Alternating Optim Iteration 6/10 ---
Current q^(k-1) = 5.940243
    -> Updated Empirical Survival Value (SV) at new q 5.800260: 0.499867 (Target: 0.500000)
    -> Convergence checks: |q_new - q_current| = 0.139983, |SV - target| = 0.000133, Policy Flips: 24

--- Alternating Optim Iteration 7/10 ---
Current q^(k-1) = 5.800260
    -> Updated Empirical Survival Value (SV) at new q 5.758625: 0.500415 (Target: 0.500000)
    -> Convergence checks: |q_new - q_current| = 0.041635, |SV - target| = 0.000415, Policy Flips: 26

--- Alternating Optim Iteration 8/10 ---
Current q^(k-1) = 5.758625
    -> Updated Empirical Survival Value (SV) at new q 5.758625: 0.500415 (Target: 0.500000)
    -> Convergence checks: |q_new - q_current| = 0.000000, |SV - target| = 0.000415, Policy Flips: 4
✅ AO Converged by delta_n threshold (q settled): shifed 0.000000 <= 0.000100
   Perf  -> Prox: 5.705211145250 | SRA: 5.707555457326 | Oracle: 5.707555457326

[3/30] MC Repetition Seed: 285065
  -> Training Proximal QTR (Always Cross-Fitting)

==================================================
🚀 Starting Proximal QTR Policy Learning (S1)
=== Configuration & Data Generation ===
Generated data: Train(2000), Val(500)

=== Step 1: Pre-estimating Bridge Functions (q22) w/ Cross-Fitting ===

>> Cross-Fitting Fold 1/2
Starting Hyperparameter Optimization for a1=1, a2=1...
Best Params found: {'network_width': 128, 'network_depth': 4, 'dropout_prob': 0.41539949380806085, 'lr': 0.002477785685371236, 'l2': 0.000490503075106017, 'lambda_reg': 0.0013632753220627575, 'q22_output_bound': 10.0, 'epochs': 200}
Training Final q11 Checkpoint...
Training Final q22 Checkpoint...
Starting Hyperparameter Optimization for a1=1, a2=-1...
Best Params found: {'network_width': 64, 'network_depth': 4, 'dropout_prob': 0.4600275222911857, 'lr': 0.00012281088227830082, 'l2': 0.0014504827538358944, 'lambda_reg': 0.0008257239143389688, 'q22_output_bound': 10.0, 'epochs': 200}
Training Final q11 Checkpoint...
Training Final q22 Checkpoint...
Starting Hyperparameter Optimization for a1=-1, a2=1...
Best Params found: {'network_width': 32, 'network_depth': 4, 'dropout_prob': 0.3516069595706608, 'lr': 0.002896129712192893, 'l2': 0.0006671766452447256, 'lambda_reg': 0.0016070000550277752, 'q22_output_bound': 10.0, 'epochs': 200}
Training Final q11 Checkpoint...
Training Final q22 Checkpoint...
Starting Hyperparameter Optimization for a1=-1, a2=-1...
Best Params found: {'network_width': 32, 'network_depth': 4, 'dropout_prob': 0.2521026670053568, 'lr': 0.0010592315970685347, 'l2': 0.00046556675797441066, 'lambda_reg': 2.582675143139704e-05, 'q22_output_bound': 10.0, 'epochs': 200}
Training Final q11 Checkpoint...
Training Final q22 Checkpoint...

>> Cross-Fitting Fold 2/2
Starting Hyperparameter Optimization for a1=1, a2=1...
Best Params found: {'network_width': 32, 'network_depth': 4, 'dropout_prob': 0.3877318509712081, 'lr': 0.0004896490361468009, 'l2': 0.00010839496958497213, 'lambda_reg': 2.0843481280056258e-05, 'q22_output_bound': 10.0, 'epochs': 200}
Training Final q11 Checkpoint...
Training Final q22 Checkpoint...
Starting Hyperparameter Optimization for a1=1, a2=-1...
Best Params found: {'network_width': 32, 'network_depth': 4, 'dropout_prob': 0.13768918081937434, 'lr': 0.0023760296625427125, 'l2': 0.0006779727675180264, 'lambda_reg': 0.00023010143259791685, 'q22_output_bound': 10.0, 'epochs': 200}
Training Final q11 Checkpoint...
Training Final q22 Checkpoint...
Starting Hyperparameter Optimization for a1=-1, a2=1...
Best Params found: {'network_width': 32, 'network_depth': 3, 'dropout_prob': 0.4395301344991074, 'lr': 0.001987284115257657, 'l2': 0.0001791653631427185, 'lambda_reg': 0.0006346315327018023, 'q22_output_bound': 10.0, 'epochs': 200}
Training Final q11 Checkpoint...
Training Final q22 Checkpoint...
Starting Hyperparameter Optimization for a1=-1, a2=-1...
Best Params found: {'network_width': 32, 'network_depth': 3, 'dropout_prob': 0.4412210866967254, 'lr': 0.0028796757324906085, 'l2': 0.004123008405155813, 'lambda_reg': 0.0017314221189661562, 'q22_output_bound': 10.0, 'epochs': 200}
Training Final q11 Checkpoint...
Training Final q22 Checkpoint...
Weight summary before inner optimization -> Train mean: 3.4269, Max: 8.5262

=== Step 2 & 3: Alternating Optimization for Policy Learning ===
Alternating Optim Settings -> Grid size: 2000, epsilon_n: 0.000100, delta_n: 0.000100, hn: 0.026313
                           -> flip_rate_thresh: 0.0250, batch_size: 128

--- Running Initial Hyperparameter Optimization for Policy Networks ---
Optimal configs locked: {'lr': 0.0009411718392310898, 'l2': 6.496358497145993e-08, 'epochs': 200}

--- Alternating Optim Iteration 1/10 ---
Current q^(k-1) = 0.239802
    -> Updated Empirical Survival Value (SV) at new q 4.546274: 0.500640 (Target: 0.500000)
    -> Convergence checks: |q_new - q_current| = 4.306472, |SV - target| = 0.000640, Policy Flips: 0

--- Alternating Optim Iteration 2/10 ---
Current q^(k-1) = 4.546274
    -> Updated Empirical Survival Value (SV) at new q 4.546274: 0.500640 (Target: 0.500000)
    -> Policy Flip Counts: F1=0, F2=886
    -> Policy Flip Rates: F1=0.000000, F2=0.443000 (thresh=0.0250)
    -> Convergence checks: |q_new - q_current| = 0.000000, |SV - target| = 0.000640, Policy Flips: 886

--- Alternating Optim Iteration 3/10 ---
Current q^(k-1) = 4.546274
    -> Updated Empirical Survival Value (SV) at new q 4.546274: 0.500640 (Target: 0.500000)
    -> Policy Flip Counts: F1=0, F2=249
    -> Policy Flip Rates: F1=0.000000, F2=0.124500 (thresh=0.0250)
    -> Convergence checks: |q_new - q_current| = 0.000000, |SV - target| = 0.000640, Policy Flips: 249

--- Alternating Optim Iteration 4/10 ---
Current q^(k-1) = 4.546274
    -> Updated Empirical Survival Value (SV) at new q 4.546274: 0.500605 (Target: 0.500000)
    -> Policy Flip Counts: F1=0, F2=249
    -> Policy Flip Rates: F1=0.000000, F2=0.124500 (thresh=0.0250)
    -> Convergence checks: |q_new - q_current| = 0.000000, |SV - target| = 0.000605, Policy Flips: 249

--- Alternating Optim Iteration 5/10 ---
Current q^(k-1) = 4.546274
    -> Updated Empirical Survival Value (SV) at new q 5.024457: 0.500201 (Target: 0.500000)
    -> Policy Flip Counts: F1=2000, F2=0
    -> Policy Flip Rates: F1=1.000000, F2=0.000000 (thresh=0.0250)
    -> Convergence checks: |q_new - q_current| = 0.478184, |SV - target| = 0.000201, Policy Flips: 2000

--- Alternating Optim Iteration 6/10 ---
Current q^(k-1) = 5.024457
    -> Updated Empirical Survival Value (SV) at new q 4.546274: 0.500640 (Target: 0.500000)
    -> Policy Flip Counts: F1=2000, F2=0
    -> Policy Flip Rates: F1=1.000000, F2=0.000000 (thresh=0.0250)
    -> Convergence checks: |q_new - q_current| = 0.478184, |SV - target| = 0.000640, Policy Flips: 2000

--- Alternating Optim Iteration 7/10 ---
Current q^(k-1) = 4.546274
    -> Updated Empirical Survival Value (SV) at new q 4.546274: 0.500640 (Target: 0.500000)
    -> Policy Flip Counts: F1=0, F2=0
    -> Policy Flip Rates: F1=0.000000, F2=0.000000 (thresh=0.0250)
    -> Convergence checks: |q_new - q_current| = 0.000000, |SV - target| = 0.000640, Policy Flips: 0
✅ AO Converged by delta_n threshold (q settled): shifted 0.000000 <= 0.000100

✅ Training Completed! Final optimal q: 4.546274, Estimated SV: 0.500640
  -> Training SRA Estimator (No-CF: True)...

==================================================
🚀 Starting SRA Policy Learning (NO-CF MODE, S1)

=== SRA Step 1: Estimating Propensity Weights (Logistic Regression) - NO CF ===
Training SRA Propensity Models (Logistic Regression)...

=== SRA Step 2 & 3: Alternating Optimization (Binary Search Version) ===
AO Settings -> Grid size: 2000, epsilon_n: 0.000100, delta_n: 0.000100, hn: 0.026313

--- Running Initial Hyperparameter Optimization for Policy Networks (SRA NO-CF AO) ---
Optimal configs locked: {'lr': 0.009105689501578673, 'l2': 1.115434355541734e-08, 'epochs': 200}

--- Alternating Optim Iteration 1/10 ---
Current q^(k-1) = 0.239802
    -> Updated Empirical Survival Value (SV) at new q 3.720978: 0.500733 (Target: 0.500000)
    -> Convergence checks: |q_new - q_current| = 3.481176, |SV - target| = 0.000733, Policy Flips: 0

--- Alternating Optim Iteration 2/10 ---
Current q^(k-1) = 3.720978
    -> Updated Empirical Survival Value (SV) at new q 3.694225: 0.499261 (Target: 0.500000)
    -> Convergence checks: |q_new - q_current| = 0.026753, |SV - target| = 0.000739, Policy Flips: 2000

--- Alternating Optim Iteration 3/10 ---
Current q^(k-1) = 3.694225
    -> Updated Empirical Survival Value (SV) at new q 3.720978: 0.500733 (Target: 0.500000)
    -> Convergence checks: |q_new - q_current| = 0.026753, |SV - target| = 0.000733, Policy Flips: 2000

--- Alternating Optim Iteration 4/10 ---
Current q^(k-1) = 3.720978
    -> Updated Empirical Survival Value (SV) at new q 3.694225: 0.499261 (Target: 0.500000)
    -> Convergence checks: |q_new - q_current| = 0.026753, |SV - target| = 0.000739, Policy Flips: 2000

--- Alternating Optim Iteration 5/10 ---
Current q^(k-1) = 3.694225
    -> Updated Empirical Survival Value (SV) at new q 3.693429: 0.499650 (Target: 0.500000)
    -> Convergence checks: |q_new - q_current| = 0.000796, |SV - target| = 0.000350, Policy Flips: 161

--- Alternating Optim Iteration 6/10 ---
Current q^(k-1) = 3.693429
    -> Updated Empirical Survival Value (SV) at new q 3.720978: 0.500733 (Target: 0.500000)
    -> Convergence checks: |q_new - q_current| = 0.027549, |SV - target| = 0.000733, Policy Flips: 1839

--- Alternating Optim Iteration 7/10 ---
Current q^(k-1) = 3.720978
    -> Updated Empirical Survival Value (SV) at new q 3.694225: 0.499261 (Target: 0.500000)
    -> Convergence checks: |q_new - q_current| = 0.026753, |SV - target| = 0.000739, Policy Flips: 2000

--- Alternating Optim Iteration 8/10 ---
Current q^(k-1) = 3.694225
    -> Updated Empirical Survival Value (SV) at new q 3.720978: 0.500733 (Target: 0.500000)
    -> Convergence checks: |q_new - q_current| = 0.026753, |SV - target| = 0.000733, Policy Flips: 2000

--- Alternating Optim Iteration 9/10 ---
Current q^(k-1) = 3.720978
    -> Updated Empirical Survival Value (SV) at new q 3.720978: 0.500733 (Target: 0.500000)
    -> Convergence checks: |q_new - q_current| = 0.000000, |SV - target| = 0.000733, Policy Flips: 0
✅ AO Converged by delta_n threshold (q settled): shifed 0.000000 <= 0.000100
  -> Training Oracle Estimator (No-CF: True)...

==================================================
🚀 Starting Oracle Policy Learning (NO-CF MODE, S1)

=== Oracle Step 1: Estimating Propensity Weights (Oracle Features) - NO CF ===
Training Oracle Propensity Models (Logistic Regression - DGPSatisfied)...

=== Oracle Step 2 & 3: Alternating Optimization (Binary Search Version) ===
AO Settings -> Grid size: 2000, epsilon_n: 0.000100, delta_n: 0.000100, hn: 0.026313

--- Running Initial Hyperparameter Optimization for Policy Networks (Oracle NO-CF AO) ---
Optimal configs locked: {'lr': 0.007985233288513511, 'l2': 3.0179570896461675e-07, 'epochs': 200}

--- Alternating Optim Iteration 1/10 ---
Current q^(k-1) = 0.239802
    -> Updated Empirical Survival Value (SV) at new q 5.111491: 0.499382 (Target: 0.500000)
    -> Convergence checks: |q_new - q_current| = 4.871689, |SV - target| = 0.000618, Policy Flips: 0

--- Alternating Optim Iteration 2/10 ---
Current q^(k-1) = 5.111491
    -> Updated Empirical Survival Value (SV) at new q 5.024457: 0.499514 (Target: 0.500000)
    -> Convergence checks: |q_new - q_current| = 0.087033, |SV - target| = 0.000486, Policy Flips: 150

--- Alternating Optim Iteration 3/10 ---
Current q^(k-1) = 5.024457
    -> Updated Empirical Survival Value (SV) at new q 5.024457: 0.499514 (Target: 0.500000)
    -> Convergence checks: |q_new - q_current| = 0.000000, |SV - target| = 0.000486, Policy Flips: 0
✅ AO Converged by delta_n threshold (q settled): shifed 0.000000 <= 0.000100
   Perf  -> Prox: 4.793719676613 | SRA: 5.754680453335 | Oracle: 5.754680453335

[4/30] MC Repetition Seed: 285066
  -> Training Proximal QTR (Always Cross-Fitting)

==================================================
🚀 Starting Proximal QTR Policy Learning (S1)
=== Configuration & Data Generation ===
Generated data: Train(2000), Val(500)

=== Step 1: Pre-estimating Bridge Functions (q22) w/ Cross-Fitting ===

>> Cross-Fitting Fold 1/2
Starting Hyperparameter Optimization for a1=1, a2=1...
Best Params found: {'network_width': 32, 'network_depth': 3, 'dropout_prob': 0.49682846108293843, 'lr': 0.004166955484438568, 'l2': 0.0013635742308703667, 'lambda_reg': 0.0006529662812751235, 'q22_output_bound': 10.0, 'epochs': 200}
Training Final q11 Checkpoint...
Training Final q22 Checkpoint...
Starting Hyperparameter Optimization for a1=1, a2=-1...
Best Params found: {'network_width': 64, 'network_depth': 3, 'dropout_prob': 0.4284437543117575, 'lr': 0.00047524483979879864, 'l2': 0.00010899106036662625, 'lambda_reg': 0.00019660652436541545, 'q22_output_bound': 10.0, 'epochs': 200}
Training Final q11 Checkpoint...
Training Final q22 Checkpoint...
Starting Hyperparameter Optimization for a1=-1, a2=1...
Best Params found: {'network_width': 64, 'network_depth': 4, 'dropout_prob': 0.2944558332013694, 'lr': 0.008616785263028611, 'l2': 0.0018754644862356605, 'lambda_reg': 1.8037782620295971e-06, 'q22_output_bound': 10.0, 'epochs': 200}
Training Final q11 Checkpoint...
Training Final q22 Checkpoint...
Starting Hyperparameter Optimization for a1=-1, a2=-1...
Best Params found: {'network_width': 64, 'network_depth': 4, 'dropout_prob': 0.25175973426925, 'lr': 0.003608064446512537, 'l2': 0.003811563320731615, 'lambda_reg': 0.00012797270966723471, 'q22_output_bound': 10.0, 'epochs': 200}
Training Final q11 Checkpoint...
Training Final q22 Checkpoint...

>> Cross-Fitting Fold 2/2
Starting Hyperparameter Optimization for a1=1, a2=1...
Best Params found: {'network_width': 32, 'network_depth': 4, 'dropout_prob': 0.33165637162893097, 'lr': 0.009433696659633999, 'l2': 0.0006918665720950234, 'lambda_reg': 0.009627460687069754, 'q22_output_bound': 10.0, 'epochs': 200}
Training Final q11 Checkpoint...
Training Final q22 Checkpoint...
Starting Hyperparameter Optimization for a1=1, a2=-1...
Best Params found: {'network_width': 128, 'network_depth': 4, 'dropout_prob': 0.3654434870171714, 'lr': 0.006168400133905635, 'l2': 0.0005156940860396865, 'lambda_reg': 0.00019798816431568353, 'q22_output_bound': 10.0, 'epochs': 200}
Training Final q11 Checkpoint...
Training Final q22 Checkpoint...
Starting Hyperparameter Optimization for a1=-1, a2=1...
Best Params found: {'network_width': 128, 'network_depth': 4, 'dropout_prob': 0.4142869470287379, 'lr': 0.0004059776938045839, 'l2': 0.0004261369667417251, 'lambda_reg': 0.00012872574563514144, 'q22_output_bound': 10.0, 'epochs': 200}
Training Final q11 Checkpoint...
Training Final q22 Checkpoint...
Starting Hyperparameter Optimization for a1=-1, a2=-1...
Best Params found: {'network_width': 64, 'network_depth': 4, 'dropout_prob': 0.47792733095103135, 'lr': 0.001733582249837468, 'l2': 0.003388666644706961, 'lambda_reg': 9.848058320408037e-06, 'q22_output_bound': 10.0, 'epochs': 200}
Training Final q11 Checkpoint...
Training Final q22 Checkpoint...
Weight summary before inner optimization -> Train mean: 3.4554, Max: 8.2197

=== Step 2 & 3: Alternating Optimization for Policy Learning ===
Alternating Optim Settings -> Grid size: 2000, epsilon_n: 0.000100, delta_n: 0.000100, hn: 0.026313
                           -> flip_rate_thresh: 0.0250, batch_size: 128

--- Running Initial Hyperparameter Optimization for Policy Networks ---
Optimal configs locked: {'lr': 0.000932631484778986, 'l2': 1.5340464517663864e-07, 'epochs': 200}

--- Alternating Optim Iteration 1/10 ---
Current q^(k-1) = 0.128984
    -> Updated Empirical Survival Value (SV) at new q 0.602928: 0.499545 (Target: 0.500000)
    -> Convergence checks: |q_new - q_current| = 0.473945, |SV - target| = 0.000455, Policy Flips: 0

--- Alternating Optim Iteration 2/10 ---
Current q^(k-1) = 0.602928
    -> Updated Empirical Survival Value (SV) at new q 4.546316: 0.500136 (Target: 0.500000)
    -> Policy Flip Counts: F1=2000, F2=1943
    -> Policy Flip Rates: F1=1.000000, F2=0.971500 (thresh=0.0250)
    -> Convergence checks: |q_new - q_current| = 3.943387, |SV - target| = 0.000136, Policy Flips: 3943

--- Alternating Optim Iteration 3/10 ---
Current q^(k-1) = 4.546316
    -> Updated Empirical Survival Value (SV) at new q 4.546316: 0.500136 (Target: 0.500000)
    -> Policy Flip Counts: F1=0, F2=72
    -> Policy Flip Rates: F1=0.000000, F2=0.036000 (thresh=0.0250)
    -> Convergence checks: |q_new - q_current| = 0.000000, |SV - target| = 0.000136, Policy Flips: 72

--- Alternating Optim Iteration 4/10 ---
Current q^(k-1) = 4.546316
    -> Updated Empirical Survival Value (SV) at new q 4.546316: 0.500136 (Target: 0.500000)
    -> Policy Flip Counts: F1=0, F2=29
    -> Policy Flip Rates: F1=0.000000, F2=0.014500 (thresh=0.0250)
    -> Convergence checks: |q_new - q_current| = 0.000000, |SV - target| = 0.000136, Policy Flips: 29
✅ AO Converged by delta_n threshold (q settled): shifted 0.000000 <= 0.000100

✅ Training Completed! Final optimal q: 4.546316, Estimated SV: 0.500136
  -> Training SRA Estimator (No-CF: True)...

==================================================
🚀 Starting SRA Policy Learning (NO-CF MODE, S1)

=== SRA Step 1: Estimating Propensity Weights (Logistic Regression) - NO CF ===
Training SRA Propensity Models (Logistic Regression)...

=== SRA Step 2 & 3: Alternating Optimization (Binary Search Version) ===
AO Settings -> Grid size: 2000, epsilon_n: 0.000100, delta_n: 0.000100, hn: 0.026313

--- Running Initial Hyperparameter Optimization for Policy Networks (SRA NO-CF AO) ---
Optimal configs locked: {'lr': 0.0019512284847517628, 'l2': 3.789163299482664e-08, 'epochs': 200}

--- Alternating Optim Iteration 1/10 ---
Current q^(k-1) = 0.128984
    -> Updated Empirical Survival Value (SV) at new q 4.080923: 0.500158 (Target: 0.500000)
    -> Convergence checks: |q_new - q_current| = 3.951939, |SV - target| = 0.000158, Policy Flips: 0

--- Alternating Optim Iteration 2/10 ---
Current q^(k-1) = 4.080923
    -> Updated Empirical Survival Value (SV) at new q 4.193673: 0.500610 (Target: 0.500000)
    -> Convergence checks: |q_new - q_current| = 0.112750, |SV - target| = 0.000610, Policy Flips: 44

--- Alternating Optim Iteration 3/10 ---
Current q^(k-1) = 4.193673
    -> Updated Empirical Survival Value (SV) at new q 4.067380: 0.500119 (Target: 0.500000)
    -> Convergence checks: |q_new - q_current| = 0.126293, |SV - target| = 0.000119, Policy Flips: 1939

--- Alternating Optim Iteration 4/10 ---
Current q^(k-1) = 4.067380
    -> Updated Empirical Survival Value (SV) at new q 4.067380: 0.500013 (Target: 0.500000)
    -> Convergence checks: |q_new - q_current| = 0.000000, |SV - target| = 0.000013, Policy Flips: 81
✅ AO Converged by epsilon: |0.500013 - 0.500000| <= 0.000100
  -> Training Oracle Estimator (No-CF: True)...

==================================================
🚀 Starting Oracle Policy Learning (NO-CF MODE, S1)

=== Oracle Step 1: Estimating Propensity Weights (Oracle Features) - NO CF ===
Training Oracle Propensity Models (Logistic Regression - DGPSatisfied)...

=== Oracle Step 2 & 3: Alternating Optimization (Binary Search Version) ===
AO Settings -> Grid size: 2000, epsilon_n: 0.000100, delta_n: 0.000100, hn: 0.026313

--- Running Initial Hyperparameter Optimization for Policy Networks (Oracle NO-CF AO) ---
Optimal configs locked: {'lr': 0.008920124720276493, 'l2': 3.7153967254125484e-08, 'epochs': 200}

--- Alternating Optim Iteration 1/10 ---
Current q^(k-1) = 0.128984
    -> Updated Empirical Survival Value (SV) at new q 5.568266: 0.499424 (Target: 0.500000)
    -> Convergence checks: |q_new - q_current| = 5.439282, |SV - target| = 0.000576, Policy Flips: 0

--- Alternating Optim Iteration 2/10 ---
Current q^(k-1) = 5.568266
    -> Updated Empirical Survival Value (SV) at new q 5.568266: 0.499424 (Target: 0.500000)
    -> Convergence checks: |q_new - q_current| = 0.000000, |SV - target| = 0.000576, Policy Flips: 1
✅ AO Converged by delta_n threshold (q settled): shifed 0.000000 <= 0.000100
   Perf  -> Prox: 4.703739188998 | SRA: 5.610818332401 | Oracle: 5.652940606220

[5/30] MC Repetition Seed: 285067
  -> Training Proximal QTR (Always Cross-Fitting)

==================================================
🚀 Starting Proximal QTR Policy Learning (S1)
=== Configuration & Data Generation ===
Generated data: Train(2000), Val(500)

=== Step 1: Pre-estimating Bridge Functions (q22) w/ Cross-Fitting ===

>> Cross-Fitting Fold 1/2
Starting Hyperparameter Optimization for a1=1, a2=1...
Best Params found: {'network_width': 64, 'network_depth': 4, 'dropout_prob': 0.2078857506263338, 'lr': 0.0005333703598584209, 'l2': 0.009034887395690765, 'lambda_reg': 9.92973626846816e-06, 'q22_output_bound': 10.0, 'epochs': 200}
Training Final q11 Checkpoint...
Training Final q22 Checkpoint...
Starting Hyperparameter Optimization for a1=1, a2=-1...
Best Params found: {'network_width': 64, 'network_depth': 4, 'dropout_prob': 0.3307751103112011, 'lr': 0.003557059016104769, 'l2': 0.009595379679116027, 'lambda_reg': 0.004717646401818332, 'q22_output_bound': 10.0, 'epochs': 200}
Training Final q11 Checkpoint...
Training Final q22 Checkpoint...
Starting Hyperparameter Optimization for a1=-1, a2=1...
Best Params found: {'network_width': 32, 'network_depth': 2, 'dropout_prob': 0.39728722074904155, 'lr': 1.519674409834137e-05, 'l2': 0.00576387621734474, 'lambda_reg': 0.0001483256204521569, 'q22_output_bound': 10.0, 'epochs': 200}
Training Final q11 Checkpoint...
Training Final q22 Checkpoint...
Starting Hyperparameter Optimization for a1=-1, a2=-1...
Best Params found: {'network_width': 64, 'network_depth': 4, 'dropout_prob': 0.22251121367745813, 'lr': 0.006601553410280354, 'l2': 0.004347303340788713, 'lambda_reg': 7.858834024244769e-05, 'q22_output_bound': 10.0, 'epochs': 200}
Training Final q11 Checkpoint...
Training Final q22 Checkpoint...

>> Cross-Fitting Fold 2/2
Starting Hyperparameter Optimization for a1=1, a2=1...
Best Params found: {'network_width': 32, 'network_depth': 2, 'dropout_prob': 0.19215815212940957, 'lr': 1.728478196164704e-05, 'l2': 0.0017325466008821123, 'lambda_reg': 0.003811893659865524, 'q22_output_bound': 10.0, 'epochs': 200}
Training Final q11 Checkpoint...
Training Final q22 Checkpoint...
Starting Hyperparameter Optimization for a1=1, a2=-1...
Best Params found: {'network_width': 32, 'network_depth': 3, 'dropout_prob': 0.4046199035247299, 'lr': 0.005758936887600726, 'l2': 0.000340740451733852, 'lambda_reg': 1.1314322508438531e-05, 'q22_output_bound': 10.0, 'epochs': 200}
Training Final q11 Checkpoint...
Training Final q22 Checkpoint...
Starting Hyperparameter Optimization for a1=-1, a2=1...
Best Params found: {'network_width': 128, 'network_depth': 4, 'dropout_prob': 0.3832109296736649, 'lr': 0.0018443632850353535, 'l2': 0.00019937471233617544, 'lambda_reg': 0.008357113913544455, 'q22_output_bound': 10.0, 'epochs': 200}
Training Final q11 Checkpoint...
Training Final q22 Checkpoint...
Starting Hyperparameter Optimization for a1=-1, a2=-1...
Best Params found: {'network_width': 128, 'network_depth': 4, 'dropout_prob': 0.4152400769720175, 'lr': 0.0015612318682199375, 'l2': 0.0010045450488924247, 'lambda_reg': 0.00031750919906367765, 'q22_output_bound': 10.0, 'epochs': 200}
Training Final q11 Checkpoint...
Training Final q22 Checkpoint...
Weight summary before inner optimization -> Train mean: 2.3048, Max: 8.1706

=== Step 2 & 3: Alternating Optimization for Policy Learning ===
Alternating Optim Settings -> Grid size: 2000, epsilon_n: 0.000100, delta_n: 0.000100, hn: 0.026313
                           -> flip_rate_thresh: 0.0250, batch_size: 128

--- Running Initial Hyperparameter Optimization for Policy Networks ---
Optimal configs locked: {'lr': 0.0009563180097727289, 'l2': 6.943745263652296e-07, 'epochs': 200}

--- Alternating Optim Iteration 1/10 ---
Current q^(k-1) = -0.045763
    -> Updated Empirical Survival Value (SV) at new q 0.624886: 0.499743 (Target: 0.500000)
    -> Convergence checks: |q_new - q_current| = 0.670649, |SV - target| = 0.000257, Policy Flips: 0

--- Alternating Optim Iteration 2/10 ---
Current q^(k-1) = 0.624886
    -> Updated Empirical Survival Value (SV) at new q 0.646592: 0.500798 (Target: 0.500000)
    -> Policy Flip Counts: F1=0, F2=193
    -> Policy Flip Rates: F1=0.000000, F2=0.096500 (thresh=0.0250)
    -> Convergence checks: |q_new - q_current| = 0.021706, |SV - target| = 0.000798, Policy Flips: 193

--- Alternating Optim Iteration 3/10 ---
Current q^(k-1) = 0.646592
    -> Updated Empirical Survival Value (SV) at new q 0.733744: 0.500764 (Target: 0.500000)
    -> Policy Flip Counts: F1=0, F2=244
    -> Policy Flip Rates: F1=0.000000, F2=0.122000 (thresh=0.0250)
    -> Convergence checks: |q_new - q_current| = 0.087152, |SV - target| = 0.000764, Policy Flips: 244

--- Alternating Optim Iteration 4/10 ---
Current q^(k-1) = 0.733744
    -> Updated Empirical Survival Value (SV) at new q 0.828743: 0.498643 (Target: 0.500000)
    -> Policy Flip Counts: F1=0, F2=158
    -> Policy Flip Rates: F1=0.000000, F2=0.079000 (thresh=0.0250)
    -> Convergence checks: |q_new - q_current| = 0.095000, |SV - target| = 0.001357, Policy Flips: 158

--- Alternating Optim Iteration 5/10 ---
Current q^(k-1) = 0.828743
    -> Updated Empirical Survival Value (SV) at new q 0.741682: 0.501717 (Target: 0.500000)
    -> Policy Flip Counts: F1=0, F2=43
    -> Policy Flip Rates: F1=0.000000, F2=0.021500 (thresh=0.0250)
    -> Convergence checks: |q_new - q_current| = 0.087061, |SV - target| = 0.001717, Policy Flips: 43
✅ AO Converged by micro flip: Policies almost unchanged from last iteration.

✅ Training Completed! Final optimal q: 0.741682, Estimated SV: 0.501717
  -> Training SRA Estimator (No-CF: True)...

==================================================
🚀 Starting SRA Policy Learning (NO-CF MODE, S1)

=== SRA Step 1: Estimating Propensity Weights (Logistic Regression) - NO CF ===
Training SRA Propensity Models (Logistic Regression)...

=== SRA Step 2 & 3: Alternating Optimization (Binary Search Version) ===
AO Settings -> Grid size: 2000, epsilon_n: 0.000100, delta_n: 0.000100, hn: 0.026313

--- Running Initial Hyperparameter Optimization for Policy Networks (SRA NO-CF AO) ---
Optimal configs locked: {'lr': 0.009417149738835917, 'l2': 5.250334844007087e-07, 'epochs': 200}

--- Alternating Optim Iteration 1/10 ---
Current q^(k-1) = -0.045763
    -> Updated Empirical Survival Value (SV) at new q 4.670916: 0.499632 (Target: 0.500000)
    -> Convergence checks: |q_new - q_current| = 4.716679, |SV - target| = 0.000368, Policy Flips: 0

--- Alternating Optim Iteration 2/10 ---
Current q^(k-1) = 4.670916
    -> Updated Empirical Survival Value (SV) at new q 4.670916: 0.499632 (Target: 0.500000)
    -> Convergence checks: |q_new - q_current| = 0.000000, |SV - target| = 0.000368, Policy Flips: 4
✅ AO Converged by delta_n threshold (q settled): shifed 0.000000 <= 0.000100
  -> Training Oracle Estimator (No-CF: True)...

==================================================
🚀 Starting Oracle Policy Learning (NO-CF MODE, S1)

=== Oracle Step 1: Estimating Propensity Weights (Oracle Features) - NO CF ===
Training Oracle Propensity Models (Logistic Regression - DGPSatisfied)...

=== Oracle Step 2 & 3: Alternating Optimization (Binary Search Version) ===
AO Settings -> Grid size: 2000, epsilon_n: 0.000100, delta_n: 0.000100, hn: 0.026313

--- Running Initial Hyperparameter Optimization for Policy Networks (Oracle NO-CF AO) ---
Optimal configs locked: {'lr': 0.009852611116864021, 'l2': 1.0168075186455397e-08, 'epochs': 200}

--- Alternating Optim Iteration 1/10 ---
Current q^(k-1) = -0.045763
    -> Updated Empirical Survival Value (SV) at new q 5.385629: 0.500931 (Target: 0.500000)
    -> Convergence checks: |q_new - q_current| = 5.431393, |SV - target| = 0.000931, Policy Flips: 0

--- Alternating Optim Iteration 2/10 ---
Current q^(k-1) = 5.385629
    -> Updated Empirical Survival Value (SV) at new q 5.385629: 0.500931 (Target: 0.500000)
    -> Convergence checks: |q_new - q_current| = 0.000000, |SV - target| = 0.000931, Policy Flips: 0
✅ AO Converged by delta_n threshold (q settled): shifed 0.000000 <= 0.000100
   Perf  -> Prox: 1.316628436943 | SRA: 4.772224758024 | Oracle: 5.718323442959

[6/30] MC Repetition Seed: 285068
  -> Training Proximal QTR (Always Cross-Fitting)

==================================================
🚀 Starting Proximal QTR Policy Learning (S1)
=== Configuration & Data Generation ===
Generated data: Train(2000), Val(500)

=== Step 1: Pre-estimating Bridge Functions (q22) w/ Cross-Fitting ===

>> Cross-Fitting Fold 1/2
Starting Hyperparameter Optimization for a1=1, a2=1...
Best Params found: {'network_width': 128, 'network_depth': 3, 'dropout_prob': 0.3808197336755521, 'lr': 0.008547333733997395, 'l2': 0.00033266080090494586, 'lambda_reg': 0.007250877442029821, 'q22_output_bound': 10.0, 'epochs': 200}
Training Final q11 Checkpoint...
Training Final q22 Checkpoint...
Starting Hyperparameter Optimization for a1=1, a2=-1...
Best Params found: {'network_width': 64, 'network_depth': 3, 'dropout_prob': 0.49920528714312057, 'lr': 0.0005705717104028697, 'l2': 0.0003244454466646693, 'lambda_reg': 0.00010778652954249047, 'q22_output_bound': 10.0, 'epochs': 200}
Training Final q11 Checkpoint...
Training Final q22 Checkpoint...
Starting Hyperparameter Optimization for a1=-1, a2=1...
Best Params found: {'network_width': 32, 'network_depth': 3, 'dropout_prob': 0.4353210772509011, 'lr': 0.003920309913232235, 'l2': 0.002319562202012022, 'lambda_reg': 0.0005027512931531134, 'q22_output_bound': 10.0, 'epochs': 200}
Training Final q11 Checkpoint...
Training Final q22 Checkpoint...
Starting Hyperparameter Optimization for a1=-1, a2=-1...
Best Params found: {'network_width': 64, 'network_depth': 3, 'dropout_prob': 0.3378781554685911, 'lr': 0.005191275409199349, 'l2': 0.0006609474336380723, 'lambda_reg': 3.418625942659966e-05, 'q22_output_bound': 10.0, 'epochs': 200}
Training Final q11 Checkpoint...
Training Final q22 Checkpoint...

>> Cross-Fitting Fold 2/2
Starting Hyperparameter Optimization for a1=1, a2=1...
Best Params found: {'network_width': 128, 'network_depth': 4, 'dropout_prob': 0.4629782369288222, 'lr': 0.0005017652061025065, 'l2': 0.0038006986265552633, 'lambda_reg': 0.00014661408606305687, 'q22_output_bound': 10.0, 'epochs': 200}
Training Final q11 Checkpoint...
Training Final q22 Checkpoint...
Starting Hyperparameter Optimization for a1=1, a2=-1...
Best Params found: {'network_width': 128, 'network_depth': 4, 'dropout_prob': 0.35778577900733277, 'lr': 0.0006196681310248591, 'l2': 0.00013629439517090703, 'lambda_reg': 9.217114474222317e-06, 'q22_output_bound': 10.0, 'epochs': 200}
Training Final q11 Checkpoint...
Training Final q22 Checkpoint...
Starting Hyperparameter Optimization for a1=-1, a2=1...
Best Params found: {'network_width': 128, 'network_depth': 4, 'dropout_prob': 0.3488060204776244, 'lr': 0.0007555733758951917, 'l2': 0.0015245342407295638, 'lambda_reg': 8.960471967713228e-05, 'q22_output_bound': 10.0, 'epochs': 200}
Training Final q11 Checkpoint...
Training Final q22 Checkpoint...
Starting Hyperparameter Optimization for a1=-1, a2=-1...
Best Params found: {'network_width': 128, 'network_depth': 4, 'dropout_prob': 0.44013803465210694, 'lr': 0.002875218789156016, 'l2': 0.0001627181703469947, 'lambda_reg': 5.905420874278451e-05, 'q22_output_bound': 10.0, 'epochs': 200}
Training Final q11 Checkpoint...
Training Final q22 Checkpoint...
Weight summary before inner optimization -> Train mean: 2.0311, Max: 8.6044

=== Step 2 & 3: Alternating Optimization for Policy Learning ===
Alternating Optim Settings -> Grid size: 2000, epsilon_n: 0.000100, delta_n: 0.000100, hn: 0.026313
                           -> flip_rate_thresh: 0.0250, batch_size: 128

--- Running Initial Hyperparameter Optimization for Policy Networks ---
