
######################################################################
   MONTE CARLO COMPARATIVE ANALYSIS (Proximal vs SRA vs Oracle)
######################################################################
Configurations:
 - n_train: 3500
 - mc_reps: 50
 - mc_eval_size: 100000
 - seed: 285063
 - tau: 0.5
 - phi_type: 3
 - model_type: nn
 - k_folds: 2
 - max_alt_iters: 10
 - dgp: S1
 - optim_mode: ao
 - no_cf: True
 - prox_only: True
 - mmr_loss: V_statistic
 - q22_output_bound: 0.0
 - Device: cuda


[1/50] MC Repetition Seed: 285063
  -> Training Proximal QTR (Always Cross-Fitting)

==================================================
🚀 Starting Proximal QTR Policy Learning (S1)
=== Configuration & Data Generation ===
Generated data: Train(3500), Val(875)

=== Step 1: Pre-estimating Bridge Functions (q22) w/ Cross-Fitting ===

>> Cross-Fitting Fold 1/2
Starting Hyperparameter Optimization for a1=1, a2=1...
Best Params found: {'network_width': 128, 'network_depth': 4, 'dropout_prob': 0.4994323563828966, 'lr': 1.996383773520509e-05, 'l2': 0.0005225363140276019, 'lambda_reg': 0.0063249000372303295, 'q22_output_bound': 0.0, 'epochs': 200}
Training Final q11 Checkpoint...
Training Final q22 Checkpoint...
Starting Hyperparameter Optimization for a1=1, a2=-1...
Best Params found: {'network_width': 64, 'network_depth': 4, 'dropout_prob': 0.4181667674117414, 'lr': 6.963280344927154e-05, 'l2': 0.000692763629660756, 'lambda_reg': 3.712718011323279e-05, 'q22_output_bound': 0.0, 'epochs': 200}
Training Final q11 Checkpoint...
Training Final q22 Checkpoint...
Starting Hyperparameter Optimization for a1=-1, a2=1...
Best Params found: {'network_width': 128, 'network_depth': 3, 'dropout_prob': 0.4049055345451197, 'lr': 0.001312149787102039, 'l2': 0.004454231638696291, 'lambda_reg': 0.0002097739503814123, 'q22_output_bound': 0.0, 'epochs': 200}
Training Final q11 Checkpoint...
Training Final q22 Checkpoint...
Starting Hyperparameter Optimization for a1=-1, a2=-1...
Best Params found: {'network_width': 64, 'network_depth': 4, 'dropout_prob': 0.393033296343486, 'lr': 0.002649062914365491, 'l2': 0.0002338444663822694, 'lambda_reg': 0.002185990765119085, 'q22_output_bound': 0.0, 'epochs': 200}
Training Final q11 Checkpoint...
Training Final q22 Checkpoint...

>> Cross-Fitting Fold 2/2
Starting Hyperparameter Optimization for a1=1, a2=1...
Best Params found: {'network_width': 32, 'network_depth': 2, 'dropout_prob': 0.39140243995377655, 'lr': 2.34064673299947e-05, 'l2': 0.0013990675048124264, 'lambda_reg': 0.0010971625127736086, 'q22_output_bound': 0.0, 'epochs': 200}
Training Final q11 Checkpoint...
Training Final q22 Checkpoint...
Starting Hyperparameter Optimization for a1=1, a2=-1...
Best Params found: {'network_width': 32, 'network_depth': 3, 'dropout_prob': 0.31963821440139706, 'lr': 1.057260290083953e-05, 'l2': 0.00037293869931888786, 'lambda_reg': 0.00011017089048381118, 'q22_output_bound': 0.0, 'epochs': 200}
Training Final q11 Checkpoint...
Training Final q22 Checkpoint...
Starting Hyperparameter Optimization for a1=-1, a2=1...
Best Params found: {'network_width': 128, 'network_depth': 4, 'dropout_prob': 0.3903363319431358, 'lr': 0.0032725827148830525, 'l2': 0.00988944710217367, 'lambda_reg': 1.5437120051342905e-05, 'q22_output_bound': 0.0, 'epochs': 200}
Training Final q11 Checkpoint...
Training Final q22 Checkpoint...
Starting Hyperparameter Optimization for a1=-1, a2=-1...
Best Params found: {'network_width': 64, 'network_depth': 4, 'dropout_prob': 0.3393385104705279, 'lr': 0.001400901237955264, 'l2': 0.00012055688622271774, 'lambda_reg': 1.1533455040427717e-06, 'q22_output_bound': 0.0, 'epochs': 200}
Training Final q11 Checkpoint...
Training Final q22 Checkpoint...
Weight summary before inner optimization -> Train mean: 1.5813, Max: 9.0489

=== Step 2 & 3: Alternating Optimization for Policy Learning ===
Alternating Optim Settings -> Grid size: 3500, epsilon_n: 0.000100, delta_n: 0.000100, hn: 0.024508
                           -> flip_rate_thresh: 0.0143, batch_size: 128

--- Running Initial Hyperparameter Optimization for Policy Networks ---
Optimal configs locked: {'lr': 0.0001496733978038885, 'l2': 1.579239950000002e-08, 'network_width': 128, 'network_depth': 3, 'epochs': 200}

--- Alternating Optim Iteration 1/10 ---
Current q^(k-1) = 0.048318
    -> Updated Empirical Survival Value (SV) at new q 5.834115: 0.499498 (Target: 0.500000)
    -> Convergence checks: |q_new - q_current| = 5.785797, |SV - target| = 0.000502, Policy Flips: 0

--- Alternating Optim Iteration 2/10 ---
Current q^(k-1) = 5.834115
    -> Updated Empirical Survival Value (SV) at new q 5.798391: 0.499695 (Target: 0.500000)
    -> Policy Flip Counts: F1=24, F2=0
    -> Policy Flip Rates: F1=0.006857, F2=0.000000 (thresh=0.0143)
    -> Convergence checks: |q_new - q_current| = 0.035723, |SV - target| = 0.000305, Policy Flips: 24
✅ AO Converged by micro flip: Policies almost unchanged from last iteration.

✅ Training Completed! Final optimal q: 5.798391, Estimated SV: 0.499695
   Perf  -> Prox: 4.757833094463

[2/50] MC Repetition Seed: 285064
  -> Training Proximal QTR (Always Cross-Fitting)

==================================================
🚀 Starting Proximal QTR Policy Learning (S1)
=== Configuration & Data Generation ===
Generated data: Train(3500), Val(875)

=== Step 1: Pre-estimating Bridge Functions (q22) w/ Cross-Fitting ===

>> Cross-Fitting Fold 1/2
Starting Hyperparameter Optimization for a1=1, a2=1...
Best Params found: {'network_width': 128, 'network_depth': 4, 'dropout_prob': 0.39957325928624055, 'lr': 1.3913416958287233e-05, 'l2': 0.00027734597261062726, 'lambda_reg': 0.0014487968345990765, 'q22_output_bound': 0.0, 'epochs': 200}
Training Final q11 Checkpoint...
Training Final q22 Checkpoint...
Starting Hyperparameter Optimization for a1=1, a2=-1...
Best Params found: {'network_width': 128, 'network_depth': 4, 'dropout_prob': 0.47866353724893573, 'lr': 0.006281342135170289, 'l2': 0.0001175179682220419, 'lambda_reg': 0.0004040873962587644, 'q22_output_bound': 0.0, 'epochs': 200}
Training Final q11 Checkpoint...
Training Final q22 Checkpoint...
Starting Hyperparameter Optimization for a1=-1, a2=1...
Best Params found: {'network_width': 32, 'network_depth': 4, 'dropout_prob': 0.4968582026122373, 'lr': 1.2293575442146626e-05, 'l2': 0.0003653178436443433, 'lambda_reg': 1.0330150434759429e-06, 'q22_output_bound': 0.0, 'epochs': 200}
Training Final q11 Checkpoint...
Training Final q22 Checkpoint...
Starting Hyperparameter Optimization for a1=-1, a2=-1...
Best Params found: {'network_width': 32, 'network_depth': 4, 'dropout_prob': 0.4986877002871276, 'lr': 0.00017083598841849819, 'l2': 0.001906372837095734, 'lambda_reg': 6.649968018095541e-05, 'q22_output_bound': 0.0, 'epochs': 200}
Training Final q11 Checkpoint...
Training Final q22 Checkpoint...

>> Cross-Fitting Fold 2/2
Starting Hyperparameter Optimization for a1=1, a2=1...
Best Params found: {'network_width': 128, 'network_depth': 4, 'dropout_prob': 0.499279790408229, 'lr': 1.0147014562949035e-05, 'l2': 0.009514904183454626, 'lambda_reg': 0.0006343282647307797, 'q22_output_bound': 0.0, 'epochs': 200}
Training Final q11 Checkpoint...
Training Final q22 Checkpoint...
Starting Hyperparameter Optimization for a1=1, a2=-1...
Best Params found: {'network_width': 32, 'network_depth': 3, 'dropout_prob': 0.4450977394597113, 'lr': 0.0008571331199352527, 'l2': 0.006354820433029011, 'lambda_reg': 3.4568149324721066e-06, 'q22_output_bound': 0.0, 'epochs': 200}
Training Final q11 Checkpoint...
Training Final q22 Checkpoint...
Starting Hyperparameter Optimization for a1=-1, a2=1...
Best Params found: {'network_width': 64, 'network_depth': 4, 'dropout_prob': 0.4499790266769078, 'lr': 0.0004057022671467851, 'l2': 0.00010172079961860575, 'lambda_reg': 0.0006930341276406121, 'q22_output_bound': 0.0, 'epochs': 200}
Training Final q11 Checkpoint...
Training Final q22 Checkpoint...
Starting Hyperparameter Optimization for a1=-1, a2=-1...
Best Params found: {'network_width': 64, 'network_depth': 4, 'dropout_prob': 0.4506063023285405, 'lr': 7.290296870883243e-05, 'l2': 0.0012667054873353998, 'lambda_reg': 2.8075762340633706e-05, 'q22_output_bound': 0.0, 'epochs': 200}
Training Final q11 Checkpoint...
Training Final q22 Checkpoint...
Weight summary before inner optimization -> Train mean: 0.7427, Max: 6.4418

=== Step 2 & 3: Alternating Optimization for Policy Learning ===
Alternating Optim Settings -> Grid size: 3500, epsilon_n: 0.000100, delta_n: 0.000100, hn: 0.024508
                           -> flip_rate_thresh: 0.0143, batch_size: 128

--- Running Initial Hyperparameter Optimization for Policy Networks ---
Optimal configs locked: {'lr': 0.0008344042653203049, 'l2': 2.5266300076174966e-07, 'network_width': 64, 'network_depth': 3, 'epochs': 200}

--- Alternating Optim Iteration 1/10 ---
Current q^(k-1) = -0.016482
    -> Updated Empirical Survival Value (SV) at new q 2.837830: 0.499534 (Target: 0.500000)
    -> Convergence checks: |q_new - q_current| = 2.854312, |SV - target| = 0.000466, Policy Flips: 0

--- Alternating Optim Iteration 2/10 ---
Current q^(k-1) = 2.837830
    -> Updated Empirical Survival Value (SV) at new q 5.439117: 0.499577 (Target: 0.500000)
    -> Policy Flip Counts: F1=3352, F2=0
    -> Policy Flip Rates: F1=0.957714, F2=0.000000 (thresh=0.0143)
    -> Convergence checks: |q_new - q_current| = 2.601287, |SV - target| = 0.000423, Policy Flips: 3352

--- Alternating Optim Iteration 3/10 ---
Current q^(k-1) = 5.439117
    -> Updated Empirical Survival Value (SV) at new q 5.439117: 0.499865 (Target: 0.500000)
    -> Policy Flip Counts: F1=0, F2=0
    -> Policy Flip Rates: F1=0.000000, F2=0.000000 (thresh=0.0143)
    -> Convergence checks: |q_new - q_current| = 0.000000, |SV - target| = 0.000135, Policy Flips: 0
✅ AO Converged by delta_n threshold (q settled): shifted 0.000000 <= 0.000100

✅ Training Completed! Final optimal q: 5.439117, Estimated SV: 0.499865
   Perf  -> Prox: 5.707555457326

[3/50] MC Repetition Seed: 285065
  -> Training Proximal QTR (Always Cross-Fitting)

==================================================
🚀 Starting Proximal QTR Policy Learning (S1)
=== Configuration & Data Generation ===
Generated data: Train(3500), Val(875)

=== Step 1: Pre-estimating Bridge Functions (q22) w/ Cross-Fitting ===

>> Cross-Fitting Fold 1/2
Starting Hyperparameter Optimization for a1=1, a2=1...
Best Params found: {'network_width': 64, 'network_depth': 4, 'dropout_prob': 0.4529825546481886, 'lr': 0.00011569672092204667, 'l2': 0.0002168973459927655, 'lambda_reg': 1.672872920628076e-06, 'q22_output_bound': 0.0, 'epochs': 200}
Training Final q11 Checkpoint...
Training Final q22 Checkpoint...
Starting Hyperparameter Optimization for a1=1, a2=-1...
Best Params found: {'network_width': 32, 'network_depth': 4, 'dropout_prob': 0.3601240855878935, 'lr': 0.0008705471130374529, 'l2': 0.0005298688518589742, 'lambda_reg': 0.00822928817672636, 'q22_output_bound': 0.0, 'epochs': 200}
Training Final q11 Checkpoint...
Training Final q22 Checkpoint...
Starting Hyperparameter Optimization for a1=-1, a2=1...
Best Params found: {'network_width': 32, 'network_depth': 3, 'dropout_prob': 0.4949261080098891, 'lr': 1.0169045874198409e-05, 'l2': 0.009807256411863417, 'lambda_reg': 1.5853687149222415e-06, 'q22_output_bound': 0.0, 'epochs': 200}
Training Final q11 Checkpoint...
Training Final q22 Checkpoint...
Starting Hyperparameter Optimization for a1=-1, a2=-1...
Best Params found: {'network_width': 64, 'network_depth': 4, 'dropout_prob': 0.4353877418494687, 'lr': 3.455169974278418e-05, 'l2': 0.009752297477489296, 'lambda_reg': 0.0005056433874565183, 'q22_output_bound': 0.0, 'epochs': 200}
Training Final q11 Checkpoint...
Training Final q22 Checkpoint...

>> Cross-Fitting Fold 2/2
Starting Hyperparameter Optimization for a1=1, a2=1...
Best Params found: {'network_width': 32, 'network_depth': 3, 'dropout_prob': 0.44760239531711254, 'lr': 8.07521111044155e-05, 'l2': 0.002745268664531396, 'lambda_reg': 1.2960102401727005e-05, 'q22_output_bound': 0.0, 'epochs': 200}
Training Final q11 Checkpoint...
Training Final q22 Checkpoint...
Starting Hyperparameter Optimization for a1=1, a2=-1...
Best Params found: {'network_width': 64, 'network_depth': 4, 'dropout_prob': 0.28312174887518576, 'lr': 0.0024773398957437477, 'l2': 0.0007603653320543081, 'lambda_reg': 0.0005065693276718293, 'q22_output_bound': 0.0, 'epochs': 200}
Training Final q11 Checkpoint...
Training Final q22 Checkpoint...
Starting Hyperparameter Optimization for a1=-1, a2=1...
Best Params found: {'network_width': 128, 'network_depth': 4, 'dropout_prob': 0.4264809384284305, 'lr': 0.0009357123973214446, 'l2': 0.00010388009689200558, 'lambda_reg': 0.006733767433448091, 'q22_output_bound': 0.0, 'epochs': 200}
Training Final q11 Checkpoint...
Training Final q22 Checkpoint...
Starting Hyperparameter Optimization for a1=-1, a2=-1...
Best Params found: {'network_width': 64, 'network_depth': 4, 'dropout_prob': 0.49101683349291236, 'lr': 0.0004700557832802974, 'l2': 0.0006207196388326187, 'lambda_reg': 1.605793752757771e-06, 'q22_output_bound': 0.0, 'epochs': 200}
Training Final q11 Checkpoint...
Training Final q22 Checkpoint...
Weight summary before inner optimization -> Train mean: 1.5170, Max: 8.6923

=== Step 2 & 3: Alternating Optimization for Policy Learning ===
Alternating Optim Settings -> Grid size: 3500, epsilon_n: 0.000100, delta_n: 0.000100, hn: 0.024508
                           -> flip_rate_thresh: 0.0143, batch_size: 128

--- Running Initial Hyperparameter Optimization for Policy Networks ---
Optimal configs locked: {'lr': 0.0005640710623181065, 'l2': 8.728517232628548e-07, 'network_width': 128, 'network_depth': 4, 'epochs': 200}

--- Alternating Optim Iteration 1/10 ---
Current q^(k-1) = 0.345279
    -> Updated Empirical Survival Value (SV) at new q 6.103393: 0.499843 (Target: 0.500000)
    -> Convergence checks: |q_new - q_current| = 5.758114, |SV - target| = 0.000157, Policy Flips: 0

--- Alternating Optim Iteration 2/10 ---
Current q^(k-1) = 6.103393
    -> Updated Empirical Survival Value (SV) at new q 6.103393: 0.499843 (Target: 0.500000)
    -> Policy Flip Counts: F1=0, F2=0
    -> Policy Flip Rates: F1=0.000000, F2=0.000000 (thresh=0.0143)
    -> Convergence checks: |q_new - q_current| = 0.000000, |SV - target| = 0.000157, Policy Flips: 0
✅ AO Converged by delta_n threshold (q settled): shifted 0.000000 <= 0.000100

✅ Training Completed! Final optimal q: 6.103393, Estimated SV: 0.499843
   Perf  -> Prox: 4.793573625463

[4/50] MC Repetition Seed: 285066
  -> Training Proximal QTR (Always Cross-Fitting)

==================================================
🚀 Starting Proximal QTR Policy Learning (S1)
=== Configuration & Data Generation ===
Generated data: Train(3500), Val(875)

=== Step 1: Pre-estimating Bridge Functions (q22) w/ Cross-Fitting ===

>> Cross-Fitting Fold 1/2
Starting Hyperparameter Optimization for a1=1, a2=1...
Best Params found: {'network_width': 32, 'network_depth': 3, 'dropout_prob': 0.38879100831133906, 'lr': 0.00042389658522809157, 'l2': 0.00021723760531446986, 'lambda_reg': 1.7903268935778273e-06, 'q22_output_bound': 0.0, 'epochs': 200}
Training Final q11 Checkpoint...
Training Final q22 Checkpoint...
Starting Hyperparameter Optimization for a1=1, a2=-1...
Best Params found: {'network_width': 128, 'network_depth': 3, 'dropout_prob': 0.4379101522420517, 'lr': 0.004447222014156952, 'l2': 0.0007364376895395622, 'lambda_reg': 0.00737958753496368, 'q22_output_bound': 0.0, 'epochs': 200}
Training Final q11 Checkpoint...
Training Final q22 Checkpoint...
Starting Hyperparameter Optimization for a1=-1, a2=1...
Best Params found: {'network_width': 128, 'network_depth': 3, 'dropout_prob': 0.4945357483377747, 'lr': 0.0031313104390168667, 'l2': 0.0025492591709330836, 'lambda_reg': 0.0004923221772043953, 'q22_output_bound': 0.0, 'epochs': 200}
Training Final q11 Checkpoint...
Training Final q22 Checkpoint...
Starting Hyperparameter Optimization for a1=-1, a2=-1...
Best Params found: {'network_width': 32, 'network_depth': 2, 'dropout_prob': 0.3314131962430412, 'lr': 1.274213869335869e-05, 'l2': 0.001957848722634537, 'lambda_reg': 0.00917836188052487, 'q22_output_bound': 0.0, 'epochs': 200}
Training Final q11 Checkpoint...
Training Final q22 Checkpoint...

>> Cross-Fitting Fold 2/2
Starting Hyperparameter Optimization for a1=1, a2=1...
Best Params found: {'network_width': 64, 'network_depth': 4, 'dropout_prob': 0.35702792251436677, 'lr': 1.1771869607349647e-05, 'l2': 0.0005395961129052779, 'lambda_reg': 5.739147623091462e-05, 'q22_output_bound': 0.0, 'epochs': 200}
Training Final q11 Checkpoint...
Training Final q22 Checkpoint...
Starting Hyperparameter Optimization for a1=1, a2=-1...
Best Params found: {'network_width': 32, 'network_depth': 3, 'dropout_prob': 0.49313843771694815, 'lr': 0.00020145463764752842, 'l2': 0.00010463919591029711, 'lambda_reg': 0.00018301390865382917, 'q22_output_bound': 0.0, 'epochs': 200}
Training Final q11 Checkpoint...
Training Final q22 Checkpoint...
Starting Hyperparameter Optimization for a1=-1, a2=1...
Best Params found: {'network_width': 128, 'network_depth': 4, 'dropout_prob': 0.26034470490055195, 'lr': 3.5331794954041814e-05, 'l2': 0.0003359914392121042, 'lambda_reg': 0.009068591068165054, 'q22_output_bound': 0.0, 'epochs': 200}
Training Final q11 Checkpoint...
Training Final q22 Checkpoint...
Starting Hyperparameter Optimization for a1=-1, a2=-1...
Best Params found: {'network_width': 64, 'network_depth': 3, 'dropout_prob': 0.49963074636750104, 'lr': 0.0003267865406054649, 'l2': 0.002463212527966381, 'lambda_reg': 6.777974437678595e-06, 'q22_output_bound': 0.0, 'epochs': 200}
Training Final q11 Checkpoint...
Training Final q22 Checkpoint...
Weight summary before inner optimization -> Train mean: 1.9295, Max: 15.4824

=== Step 2 & 3: Alternating Optimization for Policy Learning ===
Alternating Optim Settings -> Grid size: 3500, epsilon_n: 0.000100, delta_n: 0.000100, hn: 0.024508
                           -> flip_rate_thresh: 0.0143, batch_size: 128

--- Running Initial Hyperparameter Optimization for Policy Networks ---
Optimal configs locked: {'lr': 0.00040953998728157973, 'l2': 1.0837917635895193e-08, 'network_width': 128, 'network_depth': 4, 'epochs': 200}

--- Alternating Optim Iteration 1/10 ---
Current q^(k-1) = 0.198228
    -> Updated Empirical Survival Value (SV) at new q 7.620519: 0.499896 (Target: 0.500000)
    -> Convergence checks: |q_new - q_current| = 7.422290, |SV - target| = 0.000104, Policy Flips: 0

--- Alternating Optim Iteration 2/10 ---
Current q^(k-1) = 7.620519
    -> Updated Empirical Survival Value (SV) at new q 7.630633: 0.500107 (Target: 0.500000)
    -> Policy Flip Counts: F1=25, F2=0
    -> Policy Flip Rates: F1=0.007143, F2=0.000000 (thresh=0.0143)
    -> Convergence checks: |q_new - q_current| = 0.010115, |SV - target| = 0.000107, Policy Flips: 25
✅ AO Converged by micro flip: Policies almost unchanged from last iteration.

✅ Training Completed! Final optimal q: 7.630633, Estimated SV: 0.500107
   Perf  -> Prox: 5.633049338138

[5/50] MC Repetition Seed: 285067
  -> Training Proximal QTR (Always Cross-Fitting)

==================================================
🚀 Starting Proximal QTR Policy Learning (S1)
=== Configuration & Data Generation ===
Generated data: Train(3500), Val(875)

=== Step 1: Pre-estimating Bridge Functions (q22) w/ Cross-Fitting ===

>> Cross-Fitting Fold 1/2
Starting Hyperparameter Optimization for a1=1, a2=1...
Best Params found: {'network_width': 128, 'network_depth': 3, 'dropout_prob': 0.4565723992600226, 'lr': 0.0004982258355985139, 'l2': 0.0005291345744151959, 'lambda_reg': 0.00041888701708596736, 'q22_output_bound': 0.0, 'epochs': 200}
Training Final q11 Checkpoint...
Training Final q22 Checkpoint...
Starting Hyperparameter Optimization for a1=1, a2=-1...
Best Params found: {'network_width': 32, 'network_depth': 4, 'dropout_prob': 0.42579016313316986, 'lr': 0.0027687451310443294, 'l2': 0.0011358434462802912, 'lambda_reg': 5.429108313684657e-05, 'q22_output_bound': 0.0, 'epochs': 200}
Training Final q11 Checkpoint...
Training Final q22 Checkpoint...
Starting Hyperparameter Optimization for a1=-1, a2=1...
Best Params found: {'network_width': 32, 'network_depth': 3, 'dropout_prob': 0.3215790969691613, 'lr': 6.559822040175077e-05, 'l2': 0.00026728068829389774, 'lambda_reg': 3.7512828959155336e-06, 'q22_output_bound': 0.0, 'epochs': 200}
Training Final q11 Checkpoint...
Training Final q22 Checkpoint...
Starting Hyperparameter Optimization for a1=-1, a2=-1...
Best Params found: {'network_width': 64, 'network_depth': 4, 'dropout_prob': 0.3694487822327698, 'lr': 0.0013581464203134591, 'l2': 0.0006877145704958489, 'lambda_reg': 4.0581754617222405e-05, 'q22_output_bound': 0.0, 'epochs': 200}
Training Final q11 Checkpoint...
Training Final q22 Checkpoint...

>> Cross-Fitting Fold 2/2
Starting Hyperparameter Optimization for a1=1, a2=1...
Best Params found: {'network_width': 128, 'network_depth': 4, 'dropout_prob': 0.41995916216020535, 'lr': 0.00010254693723492852, 'l2': 0.009652490296700043, 'lambda_reg': 2.3231997580031393e-05, 'q22_output_bound': 0.0, 'epochs': 200}
Training Final q11 Checkpoint...
Training Final q22 Checkpoint...
Starting Hyperparameter Optimization for a1=1, a2=-1...
Best Params found: {'network_width': 64, 'network_depth': 4, 'dropout_prob': 0.4988059595075544, 'lr': 4.743640262386192e-05, 'l2': 0.0036372438546775684, 'lambda_reg': 0.0014570196899580264, 'q22_output_bound': 0.0, 'epochs': 200}
Training Final q11 Checkpoint...
Training Final q22 Checkpoint...
Starting Hyperparameter Optimization for a1=-1, a2=1...
Best Params found: {'network_width': 128, 'network_depth': 4, 'dropout_prob': 0.26749391997573324, 'lr': 0.0038349333049564186, 'l2': 0.006399432092976257, 'lambda_reg': 0.00013284107586498755, 'q22_output_bound': 0.0, 'epochs': 200}
Training Final q11 Checkpoint...
Training Final q22 Checkpoint...
Starting Hyperparameter Optimization for a1=-1, a2=-1...
Best Params found: {'network_width': 64, 'network_depth': 4, 'dropout_prob': 0.49984792182519694, 'lr': 0.004727767340707058, 'l2': 0.0006375315026087337, 'lambda_reg': 0.001364147339010247, 'q22_output_bound': 0.0, 'epochs': 200}
Training Final q11 Checkpoint...
Training Final q22 Checkpoint...
Weight summary before inner optimization -> Train mean: 1.8457, Max: 10.8295

=== Step 2 & 3: Alternating Optimization for Policy Learning ===
Alternating Optim Settings -> Grid size: 3500, epsilon_n: 0.000100, delta_n: 0.000100, hn: 0.024508
                           -> flip_rate_thresh: 0.0143, batch_size: 128

--- Running Initial Hyperparameter Optimization for Policy Networks ---
Optimal configs locked: {'lr': 0.0007567138079586263, 'l2': 1.0025741020605658e-08, 'network_width': 128, 'network_depth': 4, 'epochs': 200}

--- Alternating Optim Iteration 1/10 ---
Current q^(k-1) = 0.178291
    -> Updated Empirical Survival Value (SV) at new q 6.201428: 0.499158 (Target: 0.500000)
    -> Convergence checks: |q_new - q_current| = 6.023137, |SV - target| = 0.000842, Policy Flips: 0

--- Alternating Optim Iteration 2/10 ---
Current q^(k-1) = 6.201428
    -> Updated Empirical Survival Value (SV) at new q 6.201428: 0.499158 (Target: 0.500000)
    -> Policy Flip Counts: F1=0, F2=1291
    -> Policy Flip Rates: F1=0.000000, F2=0.368857 (thresh=0.0143)
    -> Convergence checks: |q_new - q_current| = 0.000000, |SV - target| = 0.000842, Policy Flips: 1291

--- Alternating Optim Iteration 3/10 ---
Current q^(k-1) = 6.201428
    -> Updated Empirical Survival Value (SV) at new q 6.201428: 0.499158 (Target: 0.500000)
    -> Policy Flip Counts: F1=0, F2=0
    -> Policy Flip Rates: F1=0.000000, F2=0.000000 (thresh=0.0143)
    -> Convergence checks: |q_new - q_current| = 0.000000, |SV - target| = 0.000842, Policy Flips: 0
✅ AO Converged by delta_n threshold (q settled): shifted 0.000000 <= 0.000100

✅ Training Completed! Final optimal q: 6.201428, Estimated SV: 0.499158
   Perf  -> Prox: 4.772224758024

[6/50] MC Repetition Seed: 285068
  -> Training Proximal QTR (Always Cross-Fitting)

==================================================
🚀 Starting Proximal QTR Policy Learning (S1)
=== Configuration & Data Generation ===
Generated data: Train(3500), Val(875)

=== Step 1: Pre-estimating Bridge Functions (q22) w/ Cross-Fitting ===

>> Cross-Fitting Fold 1/2
Starting Hyperparameter Optimization for a1=1, a2=1...
Best Params found: {'network_width': 64, 'network_depth': 4, 'dropout_prob': 0.3925369080878765, 'lr': 0.0006511126658117162, 'l2': 0.00017487377959299067, 'lambda_reg': 4.993736856851315e-06, 'q22_output_bound': 0.0, 'epochs': 200}
Training Final q11 Checkpoint...
Training Final q22 Checkpoint...
Starting Hyperparameter Optimization for a1=1, a2=-1...
Best Params found: {'network_width': 64, 'network_depth': 4, 'dropout_prob': 0.4963815602376238, 'lr': 0.0002828132845580301, 'l2': 0.009814626621170875, 'lambda_reg': 7.372609450008219e-06, 'q22_output_bound': 0.0, 'epochs': 200}
Training Final q11 Checkpoint...
Training Final q22 Checkpoint...
Starting Hyperparameter Optimization for a1=-1, a2=1...
Best Params found: {'network_width': 64, 'network_depth': 4, 'dropout_prob': 0.4187396203512475, 'lr': 0.0020200844289239885, 'l2': 0.00999188229272445, 'lambda_reg': 2.9323599743327948e-05, 'q22_output_bound': 0.0, 'epochs': 200}
Training Final q11 Checkpoint...
Training Final q22 Checkpoint...
Starting Hyperparameter Optimization for a1=-1, a2=-1...
Best Params found: {'network_width': 128, 'network_depth': 4, 'dropout_prob': 0.4985687252138351, 'lr': 0.008993963027632362, 'l2': 0.0008526731288460818, 'lambda_reg': 0.00015621328190457514, 'q22_output_bound': 0.0, 'epochs': 200}
Training Final q11 Checkpoint...
Training Final q22 Checkpoint...
