
######################################################################
   MONTE CARLO COMPARATIVE ANALYSIS (Proximal vs SRA vs Oracle)
######################################################################
Configurations:
 - n_train: 2000
 - mc_reps: 30
 - mc_eval_size: 100000
 - seed: 285063
 - tau: 0.5
 - phi_type: 3
 - model_type: linear
 - k_folds: 2
 - max_alt_iters: 10
 - dgp: S1
 - optim_mode: ao
 - no_cf: True
 - prox_only: False
 - mmr_loss: V_statistic
 - q22_output_bound: 6.0
 - Device: cuda


[1/30] MC Repetition Seed: 285063
  -> Training Proximal QTR (Always Cross-Fitting)

==================================================
🚀 Starting Proximal QTR Policy Learning (S1)
=== Configuration & Data Generation ===
Generated data: Train(2000), Val(500)

=== Step 1: Pre-estimating Bridge Functions (q22) w/ Cross-Fitting ===

>> Cross-Fitting Fold 1/2
Starting Hyperparameter Optimization for a1=1, a2=1...
Best Params found: {'network_width': 32, 'network_depth': 4, 'dropout_prob': 0.4911720713157488, 'lr': 0.00965230897159479, 'l2': 0.008982914781173704, 'lambda_reg': 0.007762653172449641, 'q22_output_bound': 6.0, 'epochs': 200}
Training Final q11 Checkpoint...
Training Final q22 Checkpoint...
Starting Hyperparameter Optimization for a1=1, a2=-1...
Best Params found: {'network_width': 32, 'network_depth': 2, 'dropout_prob': 0.3882411227027922, 'lr': 1.2671513151009259e-05, 'l2': 0.005008183420834937, 'lambda_reg': 1.2023473192726022e-06, 'q22_output_bound': 6.0, 'epochs': 200}
Training Final q11 Checkpoint...
Training Final q22 Checkpoint...
Starting Hyperparameter Optimization for a1=-1, a2=1...
Best Params found: {'network_width': 32, 'network_depth': 3, 'dropout_prob': 0.25242896657619285, 'lr': 0.0013629930323861476, 'l2': 0.0006535015280546732, 'lambda_reg': 0.00012114019215225466, 'q22_output_bound': 6.0, 'epochs': 200}
Training Final q11 Checkpoint...
Training Final q22 Checkpoint...
Starting Hyperparameter Optimization for a1=-1, a2=-1...
Best Params found: {'network_width': 32, 'network_depth': 2, 'dropout_prob': 0.4285408175446562, 'lr': 0.0008278497602348345, 'l2': 0.0032994613862810623, 'lambda_reg': 0.00016695741432242594, 'q22_output_bound': 6.0, 'epochs': 200}
Training Final q11 Checkpoint...
Training Final q22 Checkpoint...

>> Cross-Fitting Fold 2/2
Starting Hyperparameter Optimization for a1=1, a2=1...
Best Params found: {'network_width': 64, 'network_depth': 4, 'dropout_prob': 0.446674657329338, 'lr': 0.0014228771967783494, 'l2': 0.00021559843721564518, 'lambda_reg': 0.007200175635876467, 'q22_output_bound': 6.0, 'epochs': 200}
Training Final q11 Checkpoint...
Training Final q22 Checkpoint...
Starting Hyperparameter Optimization for a1=1, a2=-1...
Best Params found: {'network_width': 128, 'network_depth': 4, 'dropout_prob': 0.349553539905854, 'lr': 1.0866021479974687e-05, 'l2': 0.00036572649526981905, 'lambda_reg': 1.6099753608428133e-05, 'q22_output_bound': 6.0, 'epochs': 200}
Training Final q11 Checkpoint...
Training Final q22 Checkpoint...
Starting Hyperparameter Optimization for a1=-1, a2=1...
Best Params found: {'network_width': 64, 'network_depth': 4, 'dropout_prob': 0.4535794384613039, 'lr': 0.003971928875372732, 'l2': 0.0002976239465421521, 'lambda_reg': 1.5731651283337091e-06, 'q22_output_bound': 6.0, 'epochs': 200}
Training Final q11 Checkpoint...
Training Final q22 Checkpoint...
Starting Hyperparameter Optimization for a1=-1, a2=-1...
Best Params found: {'network_width': 32, 'network_depth': 3, 'dropout_prob': 0.11987178748390942, 'lr': 1.0173721036649977e-05, 'l2': 0.00012094332692986218, 'lambda_reg': 8.244783693894213e-06, 'q22_output_bound': 6.0, 'epochs': 200}
Training Final q11 Checkpoint...
Training Final q22 Checkpoint...
Weight summary before inner optimization -> Train mean: 2.2780, Max: 5.3526

=== Step 2 & 3: Alternating Optimization for Policy Learning ===
Alternating Optim Settings -> Grid size: 2000, epsilon_n: 0.000100, delta_n: 0.000100, hn: 0.026313
                           -> flip_rate_thresh: 0.0250, batch_size: 128

--- Running Initial Hyperparameter Optimization for Policy Networks ---
Optimal configs locked: {'lr': 0.0009965643358181462, 'l2': 5.924970278742831e-08, 'epochs': 200}

--- Alternating Optim Iteration 1/10 ---
Current q^(k-1) = -0.018193
    -> Updated Empirical Survival Value (SV) at new q 3.623685: 0.500710 (Target: 0.500000)
    -> Convergence checks: |q_new - q_current| = 3.641878, |SV - target| = 0.000710, Policy Flips: 0

--- Alternating Optim Iteration 2/10 ---
Current q^(k-1) = 3.623685
    -> Updated Empirical Survival Value (SV) at new q 3.623685: 0.500710 (Target: 0.500000)
    -> Policy Flip Counts: F1=0, F2=389
    -> Policy Flip Rates: F1=0.000000, F2=0.194500 (thresh=0.0250)
    -> Convergence checks: |q_new - q_current| = 0.000000, |SV - target| = 0.000710, Policy Flips: 389

--- Alternating Optim Iteration 3/10 ---
Current q^(k-1) = 3.623685
    -> Updated Empirical Survival Value (SV) at new q 3.623685: 0.500710 (Target: 0.500000)
    -> Policy Flip Counts: F1=0, F2=610
    -> Policy Flip Rates: F1=0.000000, F2=0.305000 (thresh=0.0250)
    -> Convergence checks: |q_new - q_current| = 0.000000, |SV - target| = 0.000710, Policy Flips: 610

--- Alternating Optim Iteration 4/10 ---
Current q^(k-1) = 3.623685
    -> Updated Empirical Survival Value (SV) at new q 3.623685: 0.500710 (Target: 0.500000)
    -> Policy Flip Counts: F1=0, F2=0
    -> Policy Flip Rates: F1=0.000000, F2=0.000000 (thresh=0.0250)
    -> Convergence checks: |q_new - q_current| = 0.000000, |SV - target| = 0.000710, Policy Flips: 0
✅ AO Converged by delta_n threshold (q settled): shifted 0.000000 <= 0.000100

✅ Training Completed! Final optimal q: 3.623685, Estimated SV: 0.500710
  -> Training SRA Estimator (No-CF: True)...

==================================================
🚀 Starting SRA Policy Learning (NO-CF MODE, S1)

=== SRA Step 1: Estimating Propensity Weights (Logistic Regression) - NO CF ===
Training SRA Propensity Models (Logistic Regression)...

=== SRA Step 2 & 3: Alternating Optimization (Binary Search Version) ===
AO Settings -> Grid size: 2000, epsilon_n: 0.000100, delta_n: 0.000100, hn: 0.026313

--- Running Initial Hyperparameter Optimization for Policy Networks (SRA NO-CF AO) ---
Optimal configs locked: {'lr': 0.00643913592484839, 'l2': 1.370199138370214e-08, 'epochs': 200}

--- Alternating Optim Iteration 1/10 ---
Current q^(k-1) = -0.018193
    -> Updated Empirical Survival Value (SV) at new q 4.524235: 0.500482 (Target: 0.500000)
    -> Convergence checks: |q_new - q_current| = 4.542428, |SV - target| = 0.000482, Policy Flips: 0

--- Alternating Optim Iteration 2/10 ---
Current q^(k-1) = 4.524235
    -> Updated Empirical Survival Value (SV) at new q 4.422771: 0.500380 (Target: 0.500000)
    -> Convergence checks: |q_new - q_current| = 0.101464, |SV - target| = 0.000380, Policy Flips: 114

--- Alternating Optim Iteration 3/10 ---
Current q^(k-1) = 4.422771
    -> Updated Empirical Survival Value (SV) at new q 3.797242: 0.499848 (Target: 0.500000)
    -> Convergence checks: |q_new - q_current| = 0.625529, |SV - target| = 0.000152, Policy Flips: 1997

--- Alternating Optim Iteration 4/10 ---
Current q^(k-1) = 3.797242
    -> Updated Empirical Survival Value (SV) at new q 4.413190: 0.500312 (Target: 0.500000)
    -> Convergence checks: |q_new - q_current| = 0.615948, |SV - target| = 0.000312, Policy Flips: 2005

--- Alternating Optim Iteration 5/10 ---
Current q^(k-1) = 4.413190
    -> Updated Empirical Survival Value (SV) at new q 4.413190: 0.500312 (Target: 0.500000)
    -> Convergence checks: |q_new - q_current| = 0.000000, |SV - target| = 0.000312, Policy Flips: 4
✅ AO Converged by delta_n threshold (q settled): shifed 0.000000 <= 0.000100
  -> Training Oracle Estimator (No-CF: True)...

==================================================
🚀 Starting Oracle Policy Learning (NO-CF MODE, S1)

=== Oracle Step 1: Estimating Propensity Weights (Oracle Features) - NO CF ===
Training Oracle Propensity Models (Logistic Regression - DGPSatisfied)...

=== Oracle Step 2 & 3: Alternating Optimization (Binary Search Version) ===
AO Settings -> Grid size: 2000, epsilon_n: 0.000100, delta_n: 0.000100, hn: 0.026313

--- Running Initial Hyperparameter Optimization for Policy Networks (Oracle NO-CF AO) ---
Optimal configs locked: {'lr': 0.00643913592484839, 'l2': 1.370199138370214e-08, 'epochs': 200}

--- Alternating Optim Iteration 1/10 ---
Current q^(k-1) = -0.018193
    -> Updated Empirical Survival Value (SV) at new q 5.190809: 0.499056 (Target: 0.500000)
    -> Convergence checks: |q_new - q_current| = 5.209001, |SV - target| = 0.000944, Policy Flips: 0

--- Alternating Optim Iteration 2/10 ---
Current q^(k-1) = 5.190809
    -> Updated Empirical Survival Value (SV) at new q 5.243353: 0.499888 (Target: 0.500000)
    -> Convergence checks: |q_new - q_current| = 0.052544, |SV - target| = 0.000112, Policy Flips: 1

--- Alternating Optim Iteration 3/10 ---
Current q^(k-1) = 5.243353
    -> Updated Empirical Survival Value (SV) at new q 5.190809: 0.499056 (Target: 0.500000)
    -> Convergence checks: |q_new - q_current| = 0.052544, |SV - target| = 0.000944, Policy Flips: 2

--- Alternating Optim Iteration 4/10 ---
Current q^(k-1) = 5.190809
    -> Updated Empirical Survival Value (SV) at new q 5.190809: 0.499056 (Target: 0.500000)
    -> Convergence checks: |q_new - q_current| = 0.000000, |SV - target| = 0.000944, Policy Flips: 1
✅ AO Converged by delta_n threshold (q settled): shifed 0.000000 <= 0.000100
   Perf  -> Prox: 5.709799358629 | SRA: 4.757833094463 | Oracle: 5.709799358629

[2/30] MC Repetition Seed: 285064
  -> Training Proximal QTR (Always Cross-Fitting)

==================================================
🚀 Starting Proximal QTR Policy Learning (S1)
=== Configuration & Data Generation ===
Generated data: Train(2000), Val(500)

=== Step 1: Pre-estimating Bridge Functions (q22) w/ Cross-Fitting ===

>> Cross-Fitting Fold 1/2
Starting Hyperparameter Optimization for a1=1, a2=1...
Best Params found: {'network_width': 32, 'network_depth': 3, 'dropout_prob': 0.4472744658351684, 'lr': 4.896922348467671e-05, 'l2': 0.0036133424486377037, 'lambda_reg': 1.202666984185335e-05, 'q22_output_bound': 6.0, 'epochs': 200}
Training Final q11 Checkpoint...
Training Final q22 Checkpoint...
Starting Hyperparameter Optimization for a1=1, a2=-1...
Best Params found: {'network_width': 32, 'network_depth': 4, 'dropout_prob': 0.326153235260714, 'lr': 0.0001990580083342626, 'l2': 0.0002450851968968075, 'lambda_reg': 0.008266771607303334, 'q22_output_bound': 6.0, 'epochs': 200}
Training Final q11 Checkpoint...
Training Final q22 Checkpoint...
Starting Hyperparameter Optimization for a1=-1, a2=1...
Best Params found: {'network_width': 128, 'network_depth': 2, 'dropout_prob': 0.3604261189624963, 'lr': 0.006292055957292672, 'l2': 0.0019430720148179948, 'lambda_reg': 2.384857831998722e-05, 'q22_output_bound': 6.0, 'epochs': 200}
Training Final q11 Checkpoint...
Training Final q22 Checkpoint...
Starting Hyperparameter Optimization for a1=-1, a2=-1...
Best Params found: {'network_width': 64, 'network_depth': 4, 'dropout_prob': 0.35330180416363366, 'lr': 0.0019387863973163264, 'l2': 0.00010802556863262189, 'lambda_reg': 6.337604815135822e-05, 'q22_output_bound': 6.0, 'epochs': 200}
Training Final q11 Checkpoint...
Training Final q22 Checkpoint...

>> Cross-Fitting Fold 2/2
Starting Hyperparameter Optimization for a1=1, a2=1...
Best Params found: {'network_width': 32, 'network_depth': 4, 'dropout_prob': 0.43061659737353475, 'lr': 0.001969790731475852, 'l2': 0.00019951956447063047, 'lambda_reg': 1.9424043962761754e-05, 'q22_output_bound': 6.0, 'epochs': 200}
Training Final q11 Checkpoint...
Training Final q22 Checkpoint...
Starting Hyperparameter Optimization for a1=1, a2=-1...
Best Params found: {'network_width': 128, 'network_depth': 3, 'dropout_prob': 0.497623320971014, 'lr': 0.00020848064413694827, 'l2': 0.0007284941645210255, 'lambda_reg': 4.4461981036114e-06, 'q22_output_bound': 6.0, 'epochs': 200}
Training Final q11 Checkpoint...
Training Final q22 Checkpoint...
Starting Hyperparameter Optimization for a1=-1, a2=1...
Best Params found: {'network_width': 128, 'network_depth': 4, 'dropout_prob': 0.4206560289084327, 'lr': 0.0025561523157030504, 'l2': 0.0003940800898447699, 'lambda_reg': 9.734774479719596e-05, 'q22_output_bound': 6.0, 'epochs': 200}
Training Final q11 Checkpoint...
Training Final q22 Checkpoint...
Starting Hyperparameter Optimization for a1=-1, a2=-1...
Best Params found: {'network_width': 128, 'network_depth': 3, 'dropout_prob': 0.38556632940907326, 'lr': 0.002117639811117031, 'l2': 0.001402858611067035, 'lambda_reg': 0.001697338273994367, 'q22_output_bound': 6.0, 'epochs': 200}
Training Final q11 Checkpoint...
Training Final q22 Checkpoint...
Weight summary before inner optimization -> Train mean: 3.4464, Max: 5.3887

=== Step 2 & 3: Alternating Optimization for Policy Learning ===
Alternating Optim Settings -> Grid size: 2000, epsilon_n: 0.000100, delta_n: 0.000100, hn: 0.026313
                           -> flip_rate_thresh: 0.0250, batch_size: 128

--- Running Initial Hyperparameter Optimization for Policy Networks ---
Optimal configs locked: {'lr': 0.0009750079955053408, 'l2': 1.0916855185922191e-08, 'epochs': 200}

--- Alternating Optim Iteration 1/10 ---
Current q^(k-1) = 0.267169
    -> Updated Empirical Survival Value (SV) at new q 4.511826: 0.499325 (Target: 0.500000)
    -> Convergence checks: |q_new - q_current| = 4.244657, |SV - target| = 0.000675, Policy Flips: 0

--- Alternating Optim Iteration 2/10 ---
Current q^(k-1) = 4.511826
    -> Updated Empirical Survival Value (SV) at new q 4.511826: 0.499325 (Target: 0.500000)
    -> Policy Flip Counts: F1=0, F2=669
    -> Policy Flip Rates: F1=0.000000, F2=0.334500 (thresh=0.0250)
    -> Convergence checks: |q_new - q_current| = 0.000000, |SV - target| = 0.000675, Policy Flips: 669

--- Alternating Optim Iteration 3/10 ---
Current q^(k-1) = 4.511826
    -> Updated Empirical Survival Value (SV) at new q 4.511826: 0.499325 (Target: 0.500000)
    -> Policy Flip Counts: F1=0, F2=0
    -> Policy Flip Rates: F1=0.000000, F2=0.000000 (thresh=0.0250)
    -> Convergence checks: |q_new - q_current| = 0.000000, |SV - target| = 0.000675, Policy Flips: 0
✅ AO Converged by delta_n threshold (q settled): shifted 0.000000 <= 0.000100

✅ Training Completed! Final optimal q: 4.511826, Estimated SV: 0.499325
  -> Training SRA Estimator (No-CF: True)...

==================================================
🚀 Starting SRA Policy Learning (NO-CF MODE, S1)

=== SRA Step 1: Estimating Propensity Weights (Logistic Regression) - NO CF ===
Training SRA Propensity Models (Logistic Regression)...

=== SRA Step 2 & 3: Alternating Optimization (Binary Search Version) ===
AO Settings -> Grid size: 2000, epsilon_n: 0.000100, delta_n: 0.000100, hn: 0.026313

--- Running Initial Hyperparameter Optimization for Policy Networks (SRA NO-CF AO) ---
Optimal configs locked: {'lr': 0.00892237185823468, 'l2': 3.610153068768341e-07, 'epochs': 200}

--- Alternating Optim Iteration 1/10 ---
Current q^(k-1) = 0.267169
    -> Updated Empirical Survival Value (SV) at new q 4.252390: 0.499461 (Target: 0.500000)
    -> Convergence checks: |q_new - q_current| = 3.985220, |SV - target| = 0.000539, Policy Flips: 0

--- Alternating Optim Iteration 2/10 ---
Current q^(k-1) = 4.252390
    -> Updated Empirical Survival Value (SV) at new q 4.780966: 0.499502 (Target: 0.500000)
    -> Convergence checks: |q_new - q_current| = 0.528576, |SV - target| = 0.000498, Policy Flips: 1449

--- Alternating Optim Iteration 3/10 ---
Current q^(k-1) = 4.780966
    -> Updated Empirical Survival Value (SV) at new q 4.666531: 0.499220 (Target: 0.500000)
    -> Convergence checks: |q_new - q_current| = 0.114435, |SV - target| = 0.000780, Policy Flips: 468

--- Alternating Optim Iteration 4/10 ---
Current q^(k-1) = 4.666531
    -> Updated Empirical Survival Value (SV) at new q 4.507774: 0.499104 (Target: 0.500000)
    -> Convergence checks: |q_new - q_current| = 0.158757, |SV - target| = 0.000896, Policy Flips: 84

--- Alternating Optim Iteration 5/10 ---
Current q^(k-1) = 4.507774
    -> Updated Empirical Survival Value (SV) at new q 4.507774: 0.499104 (Target: 0.500000)
    -> Convergence checks: |q_new - q_current| = 0.000000, |SV - target| = 0.000896, Policy Flips: 0
✅ AO Converged by delta_n threshold (q settled): shifed 0.000000 <= 0.000100
  -> Training Oracle Estimator (No-CF: True)...

==================================================
🚀 Starting Oracle Policy Learning (NO-CF MODE, S1)

=== Oracle Step 1: Estimating Propensity Weights (Oracle Features) - NO CF ===
Training Oracle Propensity Models (Logistic Regression - DGPSatisfied)...

=== Oracle Step 2 & 3: Alternating Optimization (Binary Search Version) ===
AO Settings -> Grid size: 2000, epsilon_n: 0.000100, delta_n: 0.000100, hn: 0.026313

--- Running Initial Hyperparameter Optimization for Policy Networks (Oracle NO-CF AO) ---
Optimal configs locked: {'lr': 0.00769433314690273, 'l2': 5.919239797442106e-08, 'epochs': 200}

--- Alternating Optim Iteration 1/10 ---
Current q^(k-1) = 0.267169
    -> Updated Empirical Survival Value (SV) at new q 6.039767: 0.499188 (Target: 0.500000)
    -> Convergence checks: |q_new - q_current| = 5.772597, |SV - target| = 0.000812, Policy Flips: 0

--- Alternating Optim Iteration 2/10 ---
Current q^(k-1) = 6.039767
    -> Updated Empirical Survival Value (SV) at new q 5.758625: 0.500415 (Target: 0.500000)
    -> Convergence checks: |q_new - q_current| = 0.281142, |SV - target| = 0.000415, Policy Flips: 985

--- Alternating Optim Iteration 3/10 ---
Current q^(k-1) = 5.758625
    -> Updated Empirical Survival Value (SV) at new q 5.940243: 0.499542 (Target: 0.500000)
    -> Convergence checks: |q_new - q_current| = 0.181618, |SV - target| = 0.000458, Policy Flips: 66

--- Alternating Optim Iteration 4/10 ---
Current q^(k-1) = 5.940243
    -> Updated Empirical Survival Value (SV) at new q 5.758625: 0.500415 (Target: 0.500000)
    -> Convergence checks: |q_new - q_current| = 0.181618, |SV - target| = 0.000415, Policy Flips: 66

--- Alternating Optim Iteration 5/10 ---
Current q^(k-1) = 5.758625
    -> Updated Empirical Survival Value (SV) at new q 5.940243: 0.500533 (Target: 0.500000)
    -> Convergence checks: |q_new - q_current| = 0.181618, |SV - target| = 0.000533, Policy Flips: 46

--- Alternating Optim Iteration 6/10 ---
Current q^(k-1) = 5.940243
    -> Updated Empirical Survival Value (SV) at new q 5.800260: 0.499867 (Target: 0.500000)
    -> Convergence checks: |q_new - q_current| = 0.139983, |SV - target| = 0.000133, Policy Flips: 24

--- Alternating Optim Iteration 7/10 ---
Current q^(k-1) = 5.800260
    -> Updated Empirical Survival Value (SV) at new q 5.758625: 0.500415 (Target: 0.500000)
    -> Convergence checks: |q_new - q_current| = 0.041635, |SV - target| = 0.000415, Policy Flips: 26

--- Alternating Optim Iteration 8/10 ---
Current q^(k-1) = 5.758625
    -> Updated Empirical Survival Value (SV) at new q 5.758625: 0.500415 (Target: 0.500000)
    -> Convergence checks: |q_new - q_current| = 0.000000, |SV - target| = 0.000415, Policy Flips: 4
✅ AO Converged by delta_n threshold (q settled): shifed 0.000000 <= 0.000100
   Perf  -> Prox: 4.750478718435 | SRA: 5.707555457326 | Oracle: 5.707555457326

[3/30] MC Repetition Seed: 285065
  -> Training Proximal QTR (Always Cross-Fitting)

==================================================
🚀 Starting Proximal QTR Policy Learning (S1)
=== Configuration & Data Generation ===
Generated data: Train(2000), Val(500)

=== Step 1: Pre-estimating Bridge Functions (q22) w/ Cross-Fitting ===

>> Cross-Fitting Fold 1/2
Starting Hyperparameter Optimization for a1=1, a2=1...
Best Params found: {'network_width': 32, 'network_depth': 4, 'dropout_prob': 0.3778201711286795, 'lr': 9.237574679156512e-05, 'l2': 0.0004917628829127753, 'lambda_reg': 0.003068971718480536, 'q22_output_bound': 6.0, 'epochs': 200}
Training Final q11 Checkpoint...
Training Final q22 Checkpoint...
Starting Hyperparameter Optimization for a1=1, a2=-1...
Best Params found: {'network_width': 128, 'network_depth': 4, 'dropout_prob': 0.2652824197984421, 'lr': 5.4705026511498873e-05, 'l2': 0.0001197539187986271, 'lambda_reg': 0.0005041269722119242, 'q22_output_bound': 6.0, 'epochs': 200}
Training Final q11 Checkpoint...
Training Final q22 Checkpoint...
Starting Hyperparameter Optimization for a1=-1, a2=1...
Best Params found: {'network_width': 32, 'network_depth': 4, 'dropout_prob': 0.2314406838013725, 'lr': 0.0007136934912939982, 'l2': 0.00036835283105138197, 'lambda_reg': 3.8288658786873384e-05, 'q22_output_bound': 6.0, 'epochs': 200}
Training Final q11 Checkpoint...
Training Final q22 Checkpoint...
Starting Hyperparameter Optimization for a1=-1, a2=-1...
Best Params found: {'network_width': 32, 'network_depth': 4, 'dropout_prob': 0.4949794734548299, 'lr': 0.00801587958225579, 'l2': 0.0003400954487204611, 'lambda_reg': 0.00011901949438539605, 'q22_output_bound': 6.0, 'epochs': 200}
Training Final q11 Checkpoint...
Training Final q22 Checkpoint...

>> Cross-Fitting Fold 2/2
Starting Hyperparameter Optimization for a1=1, a2=1...
Best Params found: {'network_width': 32, 'network_depth': 3, 'dropout_prob': 0.44445927211808234, 'lr': 0.0038823322124733636, 'l2': 0.0009179833624992838, 'lambda_reg': 3.3723354236883237e-06, 'q22_output_bound': 6.0, 'epochs': 200}
Training Final q11 Checkpoint...
Training Final q22 Checkpoint...
Starting Hyperparameter Optimization for a1=1, a2=-1...
Best Params found: {'network_width': 64, 'network_depth': 3, 'dropout_prob': 0.2343785295105753, 'lr': 0.009764507878988252, 'l2': 0.00239128750831501, 'lambda_reg': 0.0002236192333710359, 'q22_output_bound': 6.0, 'epochs': 200}
Training Final q11 Checkpoint...
Training Final q22 Checkpoint...
Starting Hyperparameter Optimization for a1=-1, a2=1...
Best Params found: {'network_width': 128, 'network_depth': 3, 'dropout_prob': 0.4422036310215878, 'lr': 0.003440693971486268, 'l2': 0.001125142317379452, 'lambda_reg': 2.7440167497312825e-05, 'q22_output_bound': 6.0, 'epochs': 200}
Training Final q11 Checkpoint...
Training Final q22 Checkpoint...
Starting Hyperparameter Optimization for a1=-1, a2=-1...
Best Params found: {'network_width': 32, 'network_depth': 3, 'dropout_prob': 0.44727600965148706, 'lr': 0.006582871078556192, 'l2': 0.003367899509903752, 'lambda_reg': 0.00015647835916182405, 'q22_output_bound': 6.0, 'epochs': 200}
Training Final q11 Checkpoint...
Training Final q22 Checkpoint...
Weight summary before inner optimization -> Train mean: 2.7794, Max: 5.5672

=== Step 2 & 3: Alternating Optimization for Policy Learning ===
Alternating Optim Settings -> Grid size: 2000, epsilon_n: 0.000100, delta_n: 0.000100, hn: 0.026313
                           -> flip_rate_thresh: 0.0250, batch_size: 128

--- Running Initial Hyperparameter Optimization for Policy Networks ---
Optimal configs locked: {'lr': 0.0008007886690888237, 'l2': 2.066670188590717e-07, 'epochs': 200}

--- Alternating Optim Iteration 1/10 ---
Current q^(k-1) = 0.239802
    -> Updated Empirical Survival Value (SV) at new q 2.443187: 0.500177 (Target: 0.500000)
    -> Convergence checks: |q_new - q_current| = 2.203385, |SV - target| = 0.000177, Policy Flips: 0

--- Alternating Optim Iteration 2/10 ---
Current q^(k-1) = 2.443187
    -> Updated Empirical Survival Value (SV) at new q 5.727362: 0.501297 (Target: 0.500000)
    -> Policy Flip Counts: F1=0, F2=544
    -> Policy Flip Rates: F1=0.000000, F2=0.272000 (thresh=0.0250)
    -> Convergence checks: |q_new - q_current| = 3.284175, |SV - target| = 0.001297, Policy Flips: 544

--- Alternating Optim Iteration 3/10 ---
Current q^(k-1) = 5.727362
    -> Updated Empirical Survival Value (SV) at new q 5.727362: 0.501297 (Target: 0.500000)
    -> Policy Flip Counts: F1=0, F2=689
    -> Policy Flip Rates: F1=0.000000, F2=0.344500 (thresh=0.0250)
    -> Convergence checks: |q_new - q_current| = 0.000000, |SV - target| = 0.001297, Policy Flips: 689

--- Alternating Optim Iteration 4/10 ---
Current q^(k-1) = 5.727362
    -> Updated Empirical Survival Value (SV) at new q 5.727362: 0.501375 (Target: 0.500000)
    -> Policy Flip Counts: F1=0, F2=655
    -> Policy Flip Rates: F1=0.000000, F2=0.327500 (thresh=0.0250)
    -> Convergence checks: |q_new - q_current| = 0.000000, |SV - target| = 0.001375, Policy Flips: 655

--- Alternating Optim Iteration 5/10 ---
Current q^(k-1) = 5.727362
    -> Updated Empirical Survival Value (SV) at new q 5.727362: 0.501297 (Target: 0.500000)
    -> Policy Flip Counts: F1=0, F2=617
    -> Policy Flip Rates: F1=0.000000, F2=0.308500 (thresh=0.0250)
    -> Convergence checks: |q_new - q_current| = 0.000000, |SV - target| = 0.001297, Policy Flips: 617

--- Alternating Optim Iteration 6/10 ---
Current q^(k-1) = 5.727362
    -> Updated Empirical Survival Value (SV) at new q 5.727362: 0.501297 (Target: 0.500000)
    -> Policy Flip Counts: F1=0, F2=553
    -> Policy Flip Rates: F1=0.000000, F2=0.276500 (thresh=0.0250)
    -> Convergence checks: |q_new - q_current| = 0.000000, |SV - target| = 0.001297, Policy Flips: 553

--- Alternating Optim Iteration 7/10 ---
Current q^(k-1) = 5.727362
    -> Updated Empirical Survival Value (SV) at new q 5.727362: 0.501297 (Target: 0.500000)
    -> Policy Flip Counts: F1=0, F2=191
    -> Policy Flip Rates: F1=0.000000, F2=0.095500 (thresh=0.0250)
    -> Convergence checks: |q_new - q_current| = 0.000000, |SV - target| = 0.001297, Policy Flips: 191

--- Alternating Optim Iteration 8/10 ---
Current q^(k-1) = 5.727362
    -> Updated Empirical Survival Value (SV) at new q 5.727362: 0.501297 (Target: 0.500000)
    -> Policy Flip Counts: F1=0, F2=245
    -> Policy Flip Rates: F1=0.000000, F2=0.122500 (thresh=0.0250)
    -> Convergence checks: |q_new - q_current| = 0.000000, |SV - target| = 0.001297, Policy Flips: 245

--- Alternating Optim Iteration 9/10 ---
Current q^(k-1) = 5.727362
    -> Updated Empirical Survival Value (SV) at new q 5.727362: 0.501297 (Target: 0.500000)
    -> Policy Flip Counts: F1=0, F2=2
    -> Policy Flip Rates: F1=0.000000, F2=0.001000 (thresh=0.0250)
    -> Convergence checks: |q_new - q_current| = 0.000000, |SV - target| = 0.001297, Policy Flips: 2
✅ AO Converged by delta_n threshold (q settled): shifted 0.000000 <= 0.000100

✅ Training Completed! Final optimal q: 5.727362, Estimated SV: 0.501297
  -> Training SRA Estimator (No-CF: True)...

==================================================
🚀 Starting SRA Policy Learning (NO-CF MODE, S1)

=== SRA Step 1: Estimating Propensity Weights (Logistic Regression) - NO CF ===
Training SRA Propensity Models (Logistic Regression)...

=== SRA Step 2 & 3: Alternating Optimization (Binary Search Version) ===
AO Settings -> Grid size: 2000, epsilon_n: 0.000100, delta_n: 0.000100, hn: 0.026313

--- Running Initial Hyperparameter Optimization for Policy Networks (SRA NO-CF AO) ---
Optimal configs locked: {'lr': 0.009105689501578673, 'l2': 1.115434355541734e-08, 'epochs': 200}

--- Alternating Optim Iteration 1/10 ---
Current q^(k-1) = 0.239802
    -> Updated Empirical Survival Value (SV) at new q 3.720978: 0.500733 (Target: 0.500000)
    -> Convergence checks: |q_new - q_current| = 3.481176, |SV - target| = 0.000733, Policy Flips: 0

--- Alternating Optim Iteration 2/10 ---
Current q^(k-1) = 3.720978
    -> Updated Empirical Survival Value (SV) at new q 3.694225: 0.499261 (Target: 0.500000)
    -> Convergence checks: |q_new - q_current| = 0.026753, |SV - target| = 0.000739, Policy Flips: 2000

--- Alternating Optim Iteration 3/10 ---
Current q^(k-1) = 3.694225
    -> Updated Empirical Survival Value (SV) at new q 3.720978: 0.500733 (Target: 0.500000)
    -> Convergence checks: |q_new - q_current| = 0.026753, |SV - target| = 0.000733, Policy Flips: 2000

--- Alternating Optim Iteration 4/10 ---
Current q^(k-1) = 3.720978
    -> Updated Empirical Survival Value (SV) at new q 3.694225: 0.499261 (Target: 0.500000)
    -> Convergence checks: |q_new - q_current| = 0.026753, |SV - target| = 0.000739, Policy Flips: 2000

--- Alternating Optim Iteration 5/10 ---
Current q^(k-1) = 3.694225
    -> Updated Empirical Survival Value (SV) at new q 3.693429: 0.499650 (Target: 0.500000)
    -> Convergence checks: |q_new - q_current| = 0.000796, |SV - target| = 0.000350, Policy Flips: 161

--- Alternating Optim Iteration 6/10 ---
Current q^(k-1) = 3.693429
    -> Updated Empirical Survival Value (SV) at new q 3.720978: 0.500733 (Target: 0.500000)
    -> Convergence checks: |q_new - q_current| = 0.027549, |SV - target| = 0.000733, Policy Flips: 1839

--- Alternating Optim Iteration 7/10 ---
Current q^(k-1) = 3.720978
    -> Updated Empirical Survival Value (SV) at new q 3.694225: 0.499261 (Target: 0.500000)
    -> Convergence checks: |q_new - q_current| = 0.026753, |SV - target| = 0.000739, Policy Flips: 2000

--- Alternating Optim Iteration 8/10 ---
Current q^(k-1) = 3.694225
    -> Updated Empirical Survival Value (SV) at new q 3.720978: 0.500733 (Target: 0.500000)
    -> Convergence checks: |q_new - q_current| = 0.026753, |SV - target| = 0.000733, Policy Flips: 2000

--- Alternating Optim Iteration 9/10 ---
Current q^(k-1) = 3.720978
    -> Updated Empirical Survival Value (SV) at new q 3.720978: 0.500733 (Target: 0.500000)
    -> Convergence checks: |q_new - q_current| = 0.000000, |SV - target| = 0.000733, Policy Flips: 0
✅ AO Converged by delta_n threshold (q settled): shifed 0.000000 <= 0.000100
  -> Training Oracle Estimator (No-CF: True)...

==================================================
🚀 Starting Oracle Policy Learning (NO-CF MODE, S1)

=== Oracle Step 1: Estimating Propensity Weights (Oracle Features) - NO CF ===
Training Oracle Propensity Models (Logistic Regression - DGPSatisfied)...

=== Oracle Step 2 & 3: Alternating Optimization (Binary Search Version) ===
AO Settings -> Grid size: 2000, epsilon_n: 0.000100, delta_n: 0.000100, hn: 0.026313

--- Running Initial Hyperparameter Optimization for Policy Networks (Oracle NO-CF AO) ---
Optimal configs locked: {'lr': 0.007985233288513511, 'l2': 3.0179570896461675e-07, 'epochs': 200}

--- Alternating Optim Iteration 1/10 ---
Current q^(k-1) = 0.239802
    -> Updated Empirical Survival Value (SV) at new q 5.111491: 0.499382 (Target: 0.500000)
    -> Convergence checks: |q_new - q_current| = 4.871689, |SV - target| = 0.000618, Policy Flips: 0

--- Alternating Optim Iteration 2/10 ---
Current q^(k-1) = 5.111491
    -> Updated Empirical Survival Value (SV) at new q 5.024457: 0.499514 (Target: 0.500000)
    -> Convergence checks: |q_new - q_current| = 0.087033, |SV - target| = 0.000486, Policy Flips: 150

--- Alternating Optim Iteration 3/10 ---
Current q^(k-1) = 5.024457
    -> Updated Empirical Survival Value (SV) at new q 5.024457: 0.499514 (Target: 0.500000)
    -> Convergence checks: |q_new - q_current| = 0.000000, |SV - target| = 0.000486, Policy Flips: 0
✅ AO Converged by delta_n threshold (q settled): shifed 0.000000 <= 0.000100
   Perf  -> Prox: 5.754680453335 | SRA: 5.754680453335 | Oracle: 5.754680453335

[4/30] MC Repetition Seed: 285066
  -> Training Proximal QTR (Always Cross-Fitting)

==================================================
🚀 Starting Proximal QTR Policy Learning (S1)
=== Configuration & Data Generation ===
Generated data: Train(2000), Val(500)

=== Step 1: Pre-estimating Bridge Functions (q22) w/ Cross-Fitting ===

>> Cross-Fitting Fold 1/2
Starting Hyperparameter Optimization for a1=1, a2=1...
Best Params found: {'network_width': 128, 'network_depth': 4, 'dropout_prob': 0.36755192914465196, 'lr': 0.00026289019449924744, 'l2': 0.005652158249465178, 'lambda_reg': 3.126324968323617e-05, 'q22_output_bound': 6.0, 'epochs': 200}
Training Final q11 Checkpoint...
Training Final q22 Checkpoint...
Starting Hyperparameter Optimization for a1=1, a2=-1...
Best Params found: {'network_width': 32, 'network_depth': 4, 'dropout_prob': 0.45520066630831796, 'lr': 6.060193472885339e-05, 'l2': 0.0006103538105165736, 'lambda_reg': 0.008519208986516832, 'q22_output_bound': 6.0, 'epochs': 200}
Training Final q11 Checkpoint...
Training Final q22 Checkpoint...
Starting Hyperparameter Optimization for a1=-1, a2=1...
Best Params found: {'network_width': 64, 'network_depth': 3, 'dropout_prob': 0.36334700840266393, 'lr': 0.0030028196815172683, 'l2': 0.0033571139816923343, 'lambda_reg': 1.332205655278075e-06, 'q22_output_bound': 6.0, 'epochs': 200}
Training Final q11 Checkpoint...
Training Final q22 Checkpoint...
Starting Hyperparameter Optimization for a1=-1, a2=-1...
Best Params found: {'network_width': 64, 'network_depth': 3, 'dropout_prob': 0.32234835628646885, 'lr': 0.00046508810615952556, 'l2': 0.0007841669606622753, 'lambda_reg': 1.173035735678067e-06, 'q22_output_bound': 6.0, 'epochs': 200}
Training Final q11 Checkpoint...
Training Final q22 Checkpoint...

>> Cross-Fitting Fold 2/2
Starting Hyperparameter Optimization for a1=1, a2=1...
Best Params found: {'network_width': 32, 'network_depth': 4, 'dropout_prob': 0.36947600019811777, 'lr': 0.0020121016227455262, 'l2': 0.00016548812196071685, 'lambda_reg': 1.7242479394464339e-06, 'q22_output_bound': 6.0, 'epochs': 200}
Training Final q11 Checkpoint...
Training Final q22 Checkpoint...
Starting Hyperparameter Optimization for a1=1, a2=-1...
Best Params found: {'network_width': 128, 'network_depth': 2, 'dropout_prob': 0.36577390736300297, 'lr': 1.4319943860224248e-05, 'l2': 0.0051206832210437744, 'lambda_reg': 6.057411207319492e-06, 'q22_output_bound': 6.0, 'epochs': 200}
Training Final q11 Checkpoint...
Training Final q22 Checkpoint...
Starting Hyperparameter Optimization for a1=-1, a2=1...
Best Params found: {'network_width': 32, 'network_depth': 4, 'dropout_prob': 0.3803432839641546, 'lr': 0.0014065516381986172, 'l2': 0.0002973555657564805, 'lambda_reg': 1.0051636507195458e-06, 'q22_output_bound': 6.0, 'epochs': 200}
Training Final q11 Checkpoint...
Training Final q22 Checkpoint...
Starting Hyperparameter Optimization for a1=-1, a2=-1...
Best Params found: {'network_width': 32, 'network_depth': 4, 'dropout_prob': 0.4476231025581771, 'lr': 0.002575925787806099, 'l2': 0.0023534499074159086, 'lambda_reg': 1.4571565106439998e-06, 'q22_output_bound': 6.0, 'epochs': 200}
Training Final q11 Checkpoint...
Training Final q22 Checkpoint...
Weight summary before inner optimization -> Train mean: 3.3270, Max: 5.5631

=== Step 2 & 3: Alternating Optimization for Policy Learning ===
Alternating Optim Settings -> Grid size: 2000, epsilon_n: 0.000100, delta_n: 0.000100, hn: 0.026313
                           -> flip_rate_thresh: 0.0250, batch_size: 128

--- Running Initial Hyperparameter Optimization for Policy Networks ---
Optimal configs locked: {'lr': 0.0008170693428356985, 'l2': 6.310914424212764e-08, 'epochs': 200}

--- Alternating Optim Iteration 1/10 ---
Current q^(k-1) = 0.128984
    -> Updated Empirical Survival Value (SV) at new q 5.059796: 0.501032 (Target: 0.500000)
    -> Convergence checks: |q_new - q_current| = 4.930812, |SV - target| = 0.001032, Policy Flips: 0

--- Alternating Optim Iteration 2/10 ---
Current q^(k-1) = 5.059796
    -> Updated Empirical Survival Value (SV) at new q 5.064887: 0.499905 (Target: 0.500000)
    -> Policy Flip Counts: F1=1, F2=9
    -> Policy Flip Rates: F1=0.000500, F2=0.004500 (thresh=0.0250)
    -> Convergence checks: |q_new - q_current| = 0.005092, |SV - target| = 0.000095, Policy Flips: 10
✅ AO Converged by epsilon: |0.499905 - 0.500000| <= 0.000100

✅ Training Completed! Final optimal q: 5.064887, Estimated SV: 0.499905
  -> Training SRA Estimator (No-CF: True)...

==================================================
🚀 Starting SRA Policy Learning (NO-CF MODE, S1)

=== SRA Step 1: Estimating Propensity Weights (Logistic Regression) - NO CF ===
Training SRA Propensity Models (Logistic Regression)...

=== SRA Step 2 & 3: Alternating Optimization (Binary Search Version) ===
AO Settings -> Grid size: 2000, epsilon_n: 0.000100, delta_n: 0.000100, hn: 0.026313

--- Running Initial Hyperparameter Optimization for Policy Networks (SRA NO-CF AO) ---
Optimal configs locked: {'lr': 0.0019512284847517628, 'l2': 3.789163299482664e-08, 'epochs': 200}

--- Alternating Optim Iteration 1/10 ---
Current q^(k-1) = 0.128984
    -> Updated Empirical Survival Value (SV) at new q 4.080923: 0.500158 (Target: 0.500000)
    -> Convergence checks: |q_new - q_current| = 3.951939, |SV - target| = 0.000158, Policy Flips: 0

--- Alternating Optim Iteration 2/10 ---
Current q^(k-1) = 4.080923
    -> Updated Empirical Survival Value (SV) at new q 4.193673: 0.500610 (Target: 0.500000)
    -> Convergence checks: |q_new - q_current| = 0.112750, |SV - target| = 0.000610, Policy Flips: 44

--- Alternating Optim Iteration 3/10 ---
Current q^(k-1) = 4.193673
    -> Updated Empirical Survival Value (SV) at new q 4.067380: 0.500119 (Target: 0.500000)
    -> Convergence checks: |q_new - q_current| = 0.126293, |SV - target| = 0.000119, Policy Flips: 1939

--- Alternating Optim Iteration 4/10 ---
Current q^(k-1) = 4.067380
    -> Updated Empirical Survival Value (SV) at new q 4.067380: 0.500013 (Target: 0.500000)
    -> Convergence checks: |q_new - q_current| = 0.000000, |SV - target| = 0.000013, Policy Flips: 81
✅ AO Converged by epsilon: |0.500013 - 0.500000| <= 0.000100
  -> Training Oracle Estimator (No-CF: True)...

==================================================
🚀 Starting Oracle Policy Learning (NO-CF MODE, S1)

=== Oracle Step 1: Estimating Propensity Weights (Oracle Features) - NO CF ===
Training Oracle Propensity Models (Logistic Regression - DGPSatisfied)...

=== Oracle Step 2 & 3: Alternating Optimization (Binary Search Version) ===
AO Settings -> Grid size: 2000, epsilon_n: 0.000100, delta_n: 0.000100, hn: 0.026313

--- Running Initial Hyperparameter Optimization for Policy Networks (Oracle NO-CF AO) ---
Optimal configs locked: {'lr': 0.008920124720276493, 'l2': 3.7153967254125484e-08, 'epochs': 200}

--- Alternating Optim Iteration 1/10 ---
Current q^(k-1) = 0.128984
    -> Updated Empirical Survival Value (SV) at new q 5.568266: 0.499424 (Target: 0.500000)
    -> Convergence checks: |q_new - q_current| = 5.439282, |SV - target| = 0.000576, Policy Flips: 0

--- Alternating Optim Iteration 2/10 ---
Current q^(k-1) = 5.568266
    -> Updated Empirical Survival Value (SV) at new q 5.568266: 0.499424 (Target: 0.500000)
    -> Convergence checks: |q_new - q_current| = 0.000000, |SV - target| = 0.000576, Policy Flips: 1
✅ AO Converged by delta_n threshold (q settled): shifed 0.000000 <= 0.000100
   Perf  -> Prox: 4.703739188998 | SRA: 5.610818332401 | Oracle: 5.652940606220

[5/30] MC Repetition Seed: 285067
  -> Training Proximal QTR (Always Cross-Fitting)

==================================================
🚀 Starting Proximal QTR Policy Learning (S1)
=== Configuration & Data Generation ===
Generated data: Train(2000), Val(500)

=== Step 1: Pre-estimating Bridge Functions (q22) w/ Cross-Fitting ===

>> Cross-Fitting Fold 1/2
Starting Hyperparameter Optimization for a1=1, a2=1...
Best Params found: {'network_width': 32, 'network_depth': 3, 'dropout_prob': 0.4995969253601, 'lr': 0.0074020026668043465, 'l2': 0.003326932399011257, 'lambda_reg': 7.67201478731943e-06, 'q22_output_bound': 6.0, 'epochs': 200}
Training Final q11 Checkpoint...
Training Final q22 Checkpoint...
Starting Hyperparameter Optimization for a1=1, a2=-1...
Best Params found: {'network_width': 64, 'network_depth': 4, 'dropout_prob': 0.4678738709854705, 'lr': 1.1029843234075556e-05, 'l2': 0.005332457477914469, 'lambda_reg': 1.8657304460559678e-06, 'q22_output_bound': 6.0, 'epochs': 200}
Training Final q11 Checkpoint...
Training Final q22 Checkpoint...
Starting Hyperparameter Optimization for a1=-1, a2=1...
Best Params found: {'network_width': 32, 'network_depth': 4, 'dropout_prob': 0.39400656351482843, 'lr': 0.0004032689789623863, 'l2': 0.0006344487107564592, 'lambda_reg': 0.0003283866311125947, 'q22_output_bound': 6.0, 'epochs': 200}
Training Final q11 Checkpoint...
Training Final q22 Checkpoint...
Starting Hyperparameter Optimization for a1=-1, a2=-1...
Best Params found: {'network_width': 32, 'network_depth': 4, 'dropout_prob': 0.4466462989182557, 'lr': 1.753939649225836e-05, 'l2': 0.0012967395720608096, 'lambda_reg': 0.0007763693066718813, 'q22_output_bound': 6.0, 'epochs': 200}
Training Final q11 Checkpoint...
Training Final q22 Checkpoint...

>> Cross-Fitting Fold 2/2
Starting Hyperparameter Optimization for a1=1, a2=1...
Best Params found: {'network_width': 128, 'network_depth': 4, 'dropout_prob': 0.3581246492571438, 'lr': 0.00015843423787406942, 'l2': 0.0005308972997419741, 'lambda_reg': 6.780726237196088e-05, 'q22_output_bound': 6.0, 'epochs': 200}
Training Final q11 Checkpoint...
Training Final q22 Checkpoint...
Starting Hyperparameter Optimization for a1=1, a2=-1...
Best Params found: {'network_width': 128, 'network_depth': 4, 'dropout_prob': 0.3539119963568532, 'lr': 0.008614691305064698, 'l2': 0.0017668142569483268, 'lambda_reg': 0.00010897553937863601, 'q22_output_bound': 6.0, 'epochs': 200}
Training Final q11 Checkpoint...
Training Final q22 Checkpoint...
Starting Hyperparameter Optimization for a1=-1, a2=1...
Best Params found: {'network_width': 64, 'network_depth': 3, 'dropout_prob': 0.4454455262521327, 'lr': 0.003979563832168989, 'l2': 0.00026575350901714, 'lambda_reg': 0.008357777411377006, 'q22_output_bound': 6.0, 'epochs': 200}
Training Final q11 Checkpoint...
Training Final q22 Checkpoint...
Starting Hyperparameter Optimization for a1=-1, a2=-1...
Best Params found: {'network_width': 64, 'network_depth': 4, 'dropout_prob': 0.40244975575561426, 'lr': 0.0010008335760807497, 'l2': 0.009636604650244799, 'lambda_reg': 0.0006481515691894267, 'q22_output_bound': 6.0, 'epochs': 200}
Training Final q11 Checkpoint...
Training Final q22 Checkpoint...
Weight summary before inner optimization -> Train mean: 2.5913, Max: 5.3617

=== Step 2 & 3: Alternating Optimization for Policy Learning ===
Alternating Optim Settings -> Grid size: 2000, epsilon_n: 0.000100, delta_n: 0.000100, hn: 0.026313
                           -> flip_rate_thresh: 0.0250, batch_size: 128

--- Running Initial Hyperparameter Optimization for Policy Networks ---
Optimal configs locked: {'lr': 0.0009901698986620577, 'l2': 1.1532635328691884e-07, 'epochs': 200}

--- Alternating Optim Iteration 1/10 ---
Current q^(k-1) = -0.045763
    -> Updated Empirical Survival Value (SV) at new q 6.555145: 0.499041 (Target: 0.500000)
    -> Convergence checks: |q_new - q_current| = 6.600909, |SV - target| = 0.000959, Policy Flips: 0

--- Alternating Optim Iteration 2/10 ---
Current q^(k-1) = 6.555145
    -> Updated Empirical Survival Value (SV) at new q 6.555145: 0.499041 (Target: 0.500000)
    -> Policy Flip Counts: F1=0, F2=11
    -> Policy Flip Rates: F1=0.000000, F2=0.005500 (thresh=0.0250)
    -> Convergence checks: |q_new - q_current| = 0.000000, |SV - target| = 0.000959, Policy Flips: 11
✅ AO Converged by delta_n threshold (q settled): shifted 0.000000 <= 0.000100

✅ Training Completed! Final optimal q: 6.555145, Estimated SV: 0.499041
  -> Training SRA Estimator (No-CF: True)...

==================================================
🚀 Starting SRA Policy Learning (NO-CF MODE, S1)

=== SRA Step 1: Estimating Propensity Weights (Logistic Regression) - NO CF ===
Training SRA Propensity Models (Logistic Regression)...

=== SRA Step 2 & 3: Alternating Optimization (Binary Search Version) ===
AO Settings -> Grid size: 2000, epsilon_n: 0.000100, delta_n: 0.000100, hn: 0.026313

--- Running Initial Hyperparameter Optimization for Policy Networks (SRA NO-CF AO) ---
Optimal configs locked: {'lr': 0.009417149738835917, 'l2': 5.250334844007087e-07, 'epochs': 200}

--- Alternating Optim Iteration 1/10 ---
Current q^(k-1) = -0.045763
    -> Updated Empirical Survival Value (SV) at new q 4.670916: 0.499632 (Target: 0.500000)
    -> Convergence checks: |q_new - q_current| = 4.716679, |SV - target| = 0.000368, Policy Flips: 0

--- Alternating Optim Iteration 2/10 ---
Current q^(k-1) = 4.670916
    -> Updated Empirical Survival Value (SV) at new q 4.670916: 0.499632 (Target: 0.500000)
    -> Convergence checks: |q_new - q_current| = 0.000000, |SV - target| = 0.000368, Policy Flips: 4
✅ AO Converged by delta_n threshold (q settled): shifed 0.000000 <= 0.000100
  -> Training Oracle Estimator (No-CF: True)...

==================================================
🚀 Starting Oracle Policy Learning (NO-CF MODE, S1)

=== Oracle Step 1: Estimating Propensity Weights (Oracle Features) - NO CF ===
Training Oracle Propensity Models (Logistic Regression - DGPSatisfied)...

=== Oracle Step 2 & 3: Alternating Optimization (Binary Search Version) ===
AO Settings -> Grid size: 2000, epsilon_n: 0.000100, delta_n: 0.000100, hn: 0.026313

--- Running Initial Hyperparameter Optimization for Policy Networks (Oracle NO-CF AO) ---
Optimal configs locked: {'lr': 0.009852611116864021, 'l2': 1.0168075186455397e-08, 'epochs': 200}

--- Alternating Optim Iteration 1/10 ---
Current q^(k-1) = -0.045763
    -> Updated Empirical Survival Value (SV) at new q 5.385629: 0.500931 (Target: 0.500000)
    -> Convergence checks: |q_new - q_current| = 5.431393, |SV - target| = 0.000931, Policy Flips: 0

--- Alternating Optim Iteration 2/10 ---
Current q^(k-1) = 5.385629
    -> Updated Empirical Survival Value (SV) at new q 5.385629: 0.500931 (Target: 0.500000)
    -> Convergence checks: |q_new - q_current| = 0.000000, |SV - target| = 0.000931, Policy Flips: 0
✅ AO Converged by delta_n threshold (q settled): shifed 0.000000 <= 0.000100
   Perf  -> Prox: 5.718323442959 | SRA: 4.772224758024 | Oracle: 5.718323442959

[6/30] MC Repetition Seed: 285068
  -> Training Proximal QTR (Always Cross-Fitting)

==================================================
🚀 Starting Proximal QTR Policy Learning (S1)
=== Configuration & Data Generation ===
Generated data: Train(2000), Val(500)

=== Step 1: Pre-estimating Bridge Functions (q22) w/ Cross-Fitting ===

>> Cross-Fitting Fold 1/2
Starting Hyperparameter Optimization for a1=1, a2=1...
Best Params found: {'network_width': 64, 'network_depth': 4, 'dropout_prob': 0.2827003774979734, 'lr': 0.0038581314712552678, 'l2': 0.0019104845937945305, 'lambda_reg': 5.5985027128121405e-05, 'q22_output_bound': 6.0, 'epochs': 200}
Training Final q11 Checkpoint...
Training Final q22 Checkpoint...
Starting Hyperparameter Optimization for a1=1, a2=-1...
Best Params found: {'network_width': 32, 'network_depth': 4, 'dropout_prob': 0.48062920933084585, 'lr': 0.004765262473272566, 'l2': 0.001429085658067273, 'lambda_reg': 2.3681996333961635e-05, 'q22_output_bound': 6.0, 'epochs': 200}
Training Final q11 Checkpoint...
Training Final q22 Checkpoint...
Starting Hyperparameter Optimization for a1=-1, a2=1...
Best Params found: {'network_width': 64, 'network_depth': 3, 'dropout_prob': 0.3781709867683233, 'lr': 0.0020422912062616158, 'l2': 0.0011683738697673108, 'lambda_reg': 0.00022997540950854407, 'q22_output_bound': 6.0, 'epochs': 200}
Training Final q11 Checkpoint...
Training Final q22 Checkpoint...
Starting Hyperparameter Optimization for a1=-1, a2=-1...
Best Params found: {'network_width': 32, 'network_depth': 3, 'dropout_prob': 0.4986179592457931, 'lr': 0.004826410939942553, 'l2': 0.004574373465658295, 'lambda_reg': 2.631542036922333e-05, 'q22_output_bound': 6.0, 'epochs': 200}
Training Final q11 Checkpoint...
Training Final q22 Checkpoint...

>> Cross-Fitting Fold 2/2
Starting Hyperparameter Optimization for a1=1, a2=1...
Best Params found: {'network_width': 128, 'network_depth': 4, 'dropout_prob': 0.35844126419606825, 'lr': 0.0010394386950131297, 'l2': 0.0037140691307923266, 'lambda_reg': 4.283712943967214e-06, 'q22_output_bound': 6.0, 'epochs': 200}
Training Final q11 Checkpoint...
Training Final q22 Checkpoint...
Starting Hyperparameter Optimization for a1=1, a2=-1...
Best Params found: {'network_width': 128, 'network_depth': 3, 'dropout_prob': 0.25196384250953663, 'lr': 0.00014037913279180576, 'l2': 0.00042940521809560446, 'lambda_reg': 0.0006976045446739236, 'q22_output_bound': 6.0, 'epochs': 200}
Training Final q11 Checkpoint...
Training Final q22 Checkpoint...
Starting Hyperparameter Optimization for a1=-1, a2=1...
Best Params found: {'network_width': 32, 'network_depth': 4, 'dropout_prob': 0.334705212580684, 'lr': 0.0022895981178284943, 'l2': 0.00011253893346623618, 'lambda_reg': 0.00029464869198899324, 'q22_output_bound': 6.0, 'epochs': 200}
Training Final q11 Checkpoint...
Training Final q22 Checkpoint...
Starting Hyperparameter Optimization for a1=-1, a2=-1...
Best Params found: {'network_width': 128, 'network_depth': 4, 'dropout_prob': 0.49670497402965297, 'lr': 1.18308570115618e-05, 'l2': 0.00020996721851312942, 'lambda_reg': 9.484167922163336e-05, 'q22_output_bound': 6.0, 'epochs': 200}
Training Final q11 Checkpoint...
Training Final q22 Checkpoint...
Weight summary before inner optimization -> Train mean: 2.4538, Max: 5.0560

=== Step 2 & 3: Alternating Optimization for Policy Learning ===
Alternating Optim Settings -> Grid size: 2000, epsilon_n: 0.000100, delta_n: 0.000100, hn: 0.026313
                           -> flip_rate_thresh: 0.0250, batch_size: 128

--- Running Initial Hyperparameter Optimization for Policy Networks ---
Optimal configs locked: {'lr': 0.0009420296976271576, 'l2': 7.532536090088648e-07, 'epochs': 200}

--- Alternating Optim Iteration 1/10 ---
Current q^(k-1) = 0.182817
    -> Updated Empirical Survival Value (SV) at new q 5.056025: 0.500575 (Target: 0.500000)
    -> Convergence checks: |q_new - q_current| = 4.873208, |SV - target| = 0.000575, Policy Flips: 0

--- Alternating Optim Iteration 2/10 ---
Current q^(k-1) = 5.056025
    -> Updated Empirical Survival Value (SV) at new q 5.056025: 0.500575 (Target: 0.500000)
    -> Policy Flip Counts: F1=0, F2=321
    -> Policy Flip Rates: F1=0.000000, F2=0.160500 (thresh=0.0250)
    -> Convergence checks: |q_new - q_current| = 0.000000, |SV - target| = 0.000575, Policy Flips: 321

--- Alternating Optim Iteration 3/10 ---
Current q^(k-1) = 5.056025
    -> Updated Empirical Survival Value (SV) at new q 5.056025: 0.500575 (Target: 0.500000)
    -> Policy Flip Counts: F1=0, F2=325
    -> Policy Flip Rates: F1=0.000000, F2=0.162500 (thresh=0.0250)
    -> Convergence checks: |q_new - q_current| = 0.000000, |SV - target| = 0.000575, Policy Flips: 325

--- Alternating Optim Iteration 4/10 ---
Current q^(k-1) = 5.056025
    -> Updated Empirical Survival Value (SV) at new q 5.056025: 0.500575 (Target: 0.500000)
    -> Policy Flip Counts: F1=0, F2=743
    -> Policy Flip Rates: F1=0.000000, F2=0.371500 (thresh=0.0250)
    -> Convergence checks: |q_new - q_current| = 0.000000, |SV - target| = 0.000575, Policy Flips: 743

--- Alternating Optim Iteration 5/10 ---
Current q^(k-1) = 5.056025
