
######################################################################
   MONTE CARLO COMPARATIVE ANALYSIS (Proximal vs SRA vs Oracle)
######################################################################
Configurations:
 - n_train: 1000
 - mc_reps: 50
 - mc_eval_size: 100000
 - seed: 285063
 - tau: 0.5
 - phi_type: 3
 - model_type: linear
 - k_folds: 2
 - max_alt_iters: 10
 - dgp: S1
 - optim_mode: ao
 - no_cf: True
 - prox_only: True
 - mmr_loss: V_statistic
 - q22_output_bound: 0.0
 - Device: cuda


[1/50] MC Repetition Seed: 285063
  -> Training Proximal QTR (Always Cross-Fitting)

==================================================
🚀 Starting Proximal QTR Policy Learning (S1)
=== Configuration & Data Generation ===
Generated data: Train(1000), Val(250)

=== Step 1: Pre-estimating Bridge Functions (q22) w/ Cross-Fitting ===

>> Cross-Fitting Fold 1/2
Starting Hyperparameter Optimization for a1=1, a2=1...
Best Params found: {'network_width': 64, 'network_depth': 3, 'dropout_prob': 0.189530952613614, 'lr': 0.009917544549057487, 'l2': 0.0007063692069759241, 'lambda_reg': 3.852152214330865e-06, 'q22_output_bound': 0.0, 'epochs': 200}
Training Final q11 Checkpoint...
Training Final q22 Checkpoint...
Starting Hyperparameter Optimization for a1=1, a2=-1...
Best Params found: {'network_width': 128, 'network_depth': 4, 'dropout_prob': 0.1882132635671937, 'lr': 1.4435165964322382e-05, 'l2': 0.003947058547821868, 'lambda_reg': 3.198787920373503e-06, 'q22_output_bound': 0.0, 'epochs': 200}
Training Final q11 Checkpoint...
Training Final q22 Checkpoint...
Starting Hyperparameter Optimization for a1=-1, a2=1...
Best Params found: {'network_width': 64, 'network_depth': 4, 'dropout_prob': 0.19449496347750556, 'lr': 0.0038254628375792746, 'l2': 0.0005164598024736733, 'lambda_reg': 1.493751581616528e-05, 'q22_output_bound': 0.0, 'epochs': 200}
Training Final q11 Checkpoint...
Training Final q22 Checkpoint...
Starting Hyperparameter Optimization for a1=-1, a2=-1...
Best Params found: {'network_width': 128, 'network_depth': 2, 'dropout_prob': 0.4506638934452277, 'lr': 0.0013074600220569937, 'l2': 0.00011599989904119637, 'lambda_reg': 4.610294357759555e-05, 'q22_output_bound': 0.0, 'epochs': 200}
Training Final q11 Checkpoint...
Training Final q22 Checkpoint...

>> Cross-Fitting Fold 2/2
Starting Hyperparameter Optimization for a1=1, a2=1...
Best Params found: {'network_width': 128, 'network_depth': 3, 'dropout_prob': 0.4402063300468617, 'lr': 9.967439254029605e-05, 'l2': 0.00021576870599205144, 'lambda_reg': 0.00011185053475131187, 'q22_output_bound': 0.0, 'epochs': 200}
Training Final q11 Checkpoint...
Training Final q22 Checkpoint...
Starting Hyperparameter Optimization for a1=1, a2=-1...
Best Params found: {'network_width': 128, 'network_depth': 4, 'dropout_prob': 0.3533234291364582, 'lr': 0.0005949257828982208, 'l2': 0.00027008993659052757, 'lambda_reg': 0.0002792676796775052, 'q22_output_bound': 0.0, 'epochs': 200}
Training Final q11 Checkpoint...
Training Final q22 Checkpoint...
Starting Hyperparameter Optimization for a1=-1, a2=1...
Best Params found: {'network_width': 64, 'network_depth': 2, 'dropout_prob': 0.34801082222495405, 'lr': 0.0009277563379720777, 'l2': 0.00029832027915807104, 'lambda_reg': 0.00018486271986410563, 'q22_output_bound': 0.0, 'epochs': 200}
Training Final q11 Checkpoint...
Training Final q22 Checkpoint...
Starting Hyperparameter Optimization for a1=-1, a2=-1...
Best Params found: {'network_width': 64, 'network_depth': 3, 'dropout_prob': 0.4188595981000868, 'lr': 0.0002931385478218645, 'l2': 0.0006753452950747532, 'lambda_reg': 0.002570104468353717, 'q22_output_bound': 0.0, 'epochs': 200}
Training Final q11 Checkpoint...
Training Final q22 Checkpoint...
Weight summary before inner optimization -> Train mean: 2.1962, Max: 8.0993

=== Step 2 & 3: Alternating Optimization for Policy Learning ===
Alternating Optim Settings -> Grid size: 1000, epsilon_n: 0.000100, delta_n: 0.000100, hn: 0.028953
                           -> flip_rate_thresh: 0.0500, batch_size: 128

--- Running Initial Hyperparameter Optimization for Policy Networks ---
Optimal configs locked: {'lr': 0.0005280884887918498, 'l2': 2.878633787794406e-07, 'epochs': 200}

--- Alternating Optim Iteration 1/10 ---
Current q^(k-1) = 0.406441
    -> Updated Empirical Survival Value (SV) at new q 6.132092: 0.502092 (Target: 0.500000)
    -> Convergence checks: |q_new - q_current| = 5.725651, |SV - target| = 0.002092, Policy Flips: 0

--- Alternating Optim Iteration 2/10 ---
Current q^(k-1) = 6.132092
    -> Updated Empirical Survival Value (SV) at new q 6.185284: 0.499867 (Target: 0.500000)
    -> Policy Flip Counts: F1=0, F2=285
    -> Policy Flip Rates: F1=0.000000, F2=0.285000 (thresh=0.0500)
    -> Convergence checks: |q_new - q_current| = 0.053192, |SV - target| = 0.000133, Policy Flips: 285

--- Alternating Optim Iteration 3/10 ---
Current q^(k-1) = 6.185284
    -> Updated Empirical Survival Value (SV) at new q 6.132092: 0.502092 (Target: 0.500000)
    -> Policy Flip Counts: F1=0, F2=285
    -> Policy Flip Rates: F1=0.000000, F2=0.285000 (thresh=0.0500)
    -> Convergence checks: |q_new - q_current| = 0.053192, |SV - target| = 0.002092, Policy Flips: 285

--- Alternating Optim Iteration 4/10 ---
Current q^(k-1) = 6.132092
    -> Updated Empirical Survival Value (SV) at new q 6.185284: 0.499880 (Target: 0.500000)
    -> Policy Flip Counts: F1=16, F2=0
    -> Policy Flip Rates: F1=0.016000, F2=0.000000 (thresh=0.0500)
    -> Convergence checks: |q_new - q_current| = 0.053192, |SV - target| = 0.000120, Policy Flips: 16
✅ AO Converged by micro flip: Policies almost unchanged from last iteration.

✅ Training Completed! Final optimal q: 6.185284, Estimated SV: 0.499880
   Perf  -> Prox: 5.697111868951

[2/50] MC Repetition Seed: 285064
  -> Training Proximal QTR (Always Cross-Fitting)

==================================================
🚀 Starting Proximal QTR Policy Learning (S1)
=== Configuration & Data Generation ===
Generated data: Train(1000), Val(250)

=== Step 1: Pre-estimating Bridge Functions (q22) w/ Cross-Fitting ===

>> Cross-Fitting Fold 1/2
Starting Hyperparameter Optimization for a1=1, a2=1...
Best Params found: {'network_width': 32, 'network_depth': 4, 'dropout_prob': 0.4848227981771518, 'lr': 0.0001440120728183688, 'l2': 0.00021255943891301956, 'lambda_reg': 0.0002302258981915345, 'q22_output_bound': 0.0, 'epochs': 200}
Training Final q11 Checkpoint...
Training Final q22 Checkpoint...
Starting Hyperparameter Optimization for a1=1, a2=-1...
Best Params found: {'network_width': 128, 'network_depth': 4, 'dropout_prob': 0.32488223278966444, 'lr': 2.8934549059879147e-05, 'l2': 0.0011392306771111158, 'lambda_reg': 8.496288041997072e-06, 'q22_output_bound': 0.0, 'epochs': 200}
Training Final q11 Checkpoint...
Training Final q22 Checkpoint...
Starting Hyperparameter Optimization for a1=-1, a2=1...
Best Params found: {'network_width': 128, 'network_depth': 4, 'dropout_prob': 0.4133401167629732, 'lr': 0.000244764296052934, 'l2': 0.00860869601652934, 'lambda_reg': 2.134448440048487e-05, 'q22_output_bound': 0.0, 'epochs': 200}
Training Final q11 Checkpoint...
Training Final q22 Checkpoint...
Starting Hyperparameter Optimization for a1=-1, a2=-1...
Best Params found: {'network_width': 128, 'network_depth': 3, 'dropout_prob': 0.3572077302411859, 'lr': 0.009486259571480625, 'l2': 0.0001060975040818689, 'lambda_reg': 2.1873676133593175e-06, 'q22_output_bound': 0.0, 'epochs': 200}
Training Final q11 Checkpoint...
Training Final q22 Checkpoint...

>> Cross-Fitting Fold 2/2
Starting Hyperparameter Optimization for a1=1, a2=1...
Best Params found: {'network_width': 32, 'network_depth': 3, 'dropout_prob': 0.282074476837197, 'lr': 0.0004768171512714159, 'l2': 0.004406945452695416, 'lambda_reg': 0.0007132906831994863, 'q22_output_bound': 0.0, 'epochs': 200}
Training Final q11 Checkpoint...
Training Final q22 Checkpoint...
Starting Hyperparameter Optimization for a1=1, a2=-1...
Best Params found: {'network_width': 128, 'network_depth': 4, 'dropout_prob': 0.3792684755414545, 'lr': 0.00010299436926092515, 'l2': 0.006609109719325387, 'lambda_reg': 3.717099279508845e-06, 'q22_output_bound': 0.0, 'epochs': 200}
Training Final q11 Checkpoint...
Training Final q22 Checkpoint...
Starting Hyperparameter Optimization for a1=-1, a2=1...
Best Params found: {'network_width': 64, 'network_depth': 2, 'dropout_prob': 0.24535881137768986, 'lr': 0.002080621357615159, 'l2': 0.0022667072689981, 'lambda_reg': 1.018637176689831e-06, 'q22_output_bound': 0.0, 'epochs': 200}
Training Final q11 Checkpoint...
Training Final q22 Checkpoint...
Starting Hyperparameter Optimization for a1=-1, a2=-1...
Best Params found: {'network_width': 64, 'network_depth': 2, 'dropout_prob': 0.250571253403167, 'lr': 0.007663693449061675, 'l2': 0.0017761668579065006, 'lambda_reg': 7.472544975152603e-05, 'q22_output_bound': 0.0, 'epochs': 200}
Training Final q11 Checkpoint...
Training Final q22 Checkpoint...
Weight summary before inner optimization -> Train mean: 2.2262, Max: 8.8150

=== Step 2 & 3: Alternating Optimization for Policy Learning ===
Alternating Optim Settings -> Grid size: 1000, epsilon_n: 0.000100, delta_n: 0.000100, hn: 0.028953
                           -> flip_rate_thresh: 0.0500, batch_size: 128

--- Running Initial Hyperparameter Optimization for Policy Networks ---
Optimal configs locked: {'lr': 0.0008843588857750874, 'l2': 1.631445536517405e-07, 'epochs': 200}

--- Alternating Optim Iteration 1/10 ---
Current q^(k-1) = -0.157461
    -> Updated Empirical Survival Value (SV) at new q 7.016640: 0.497925 (Target: 0.500000)
    -> Convergence checks: |q_new - q_current| = 7.174102, |SV - target| = 0.002075, Policy Flips: 0

--- Alternating Optim Iteration 2/10 ---
Current q^(k-1) = 7.016640
    -> Updated Empirical Survival Value (SV) at new q 7.016640: 0.499060 (Target: 0.500000)
    -> Policy Flip Counts: F1=0, F2=68
    -> Policy Flip Rates: F1=0.000000, F2=0.068000 (thresh=0.0500)
    -> Convergence checks: |q_new - q_current| = 0.000000, |SV - target| = 0.000940, Policy Flips: 68

--- Alternating Optim Iteration 3/10 ---
Current q^(k-1) = 7.016640
    -> Updated Empirical Survival Value (SV) at new q 6.935422: 0.498469 (Target: 0.500000)
    -> Policy Flip Counts: F1=28, F2=42
    -> Policy Flip Rates: F1=0.028000, F2=0.042000 (thresh=0.0500)
    -> Convergence checks: |q_new - q_current| = 0.081219, |SV - target| = 0.001531, Policy Flips: 70

--- Alternating Optim Iteration 4/10 ---
Current q^(k-1) = 6.935422
    -> Updated Empirical Survival Value (SV) at new q 7.016640: 0.498726 (Target: 0.500000)
    -> Policy Flip Counts: F1=28, F2=25
    -> Policy Flip Rates: F1=0.028000, F2=0.025000 (thresh=0.0500)
    -> Convergence checks: |q_new - q_current| = 0.081219, |SV - target| = 0.001274, Policy Flips: 53

--- Alternating Optim Iteration 5/10 ---
Current q^(k-1) = 7.016640
    -> Updated Empirical Survival Value (SV) at new q 7.121972: 0.500524 (Target: 0.500000)
    -> Policy Flip Counts: F1=317, F2=5
    -> Policy Flip Rates: F1=0.317000, F2=0.005000 (thresh=0.0500)
    -> Convergence checks: |q_new - q_current| = 0.105331, |SV - target| = 0.000524, Policy Flips: 322

--- Alternating Optim Iteration 6/10 ---
Current q^(k-1) = 7.121972
    -> Updated Empirical Survival Value (SV) at new q 7.007322: 0.499896 (Target: 0.500000)
    -> Policy Flip Counts: F1=315, F2=0
    -> Policy Flip Rates: F1=0.315000, F2=0.000000 (thresh=0.0500)
    -> Convergence checks: |q_new - q_current| = 0.114650, |SV - target| = 0.000104, Policy Flips: 315

--- Alternating Optim Iteration 7/10 ---
Current q^(k-1) = 7.007322
    -> Updated Empirical Survival Value (SV) at new q 6.948741: 0.501605 (Target: 0.500000)
    -> Policy Flip Counts: F1=153, F2=7
    -> Policy Flip Rates: F1=0.153000, F2=0.007000 (thresh=0.0500)
    -> Convergence checks: |q_new - q_current| = 0.058581, |SV - target| = 0.001605, Policy Flips: 160

--- Alternating Optim Iteration 8/10 ---
Current q^(k-1) = 6.948741
    -> Updated Empirical Survival Value (SV) at new q 6.935422: 0.501698 (Target: 0.500000)
    -> Policy Flip Counts: F1=131, F2=6
    -> Policy Flip Rates: F1=0.131000, F2=0.006000 (thresh=0.0500)
    -> Convergence checks: |q_new - q_current| = 0.013320, |SV - target| = 0.001698, Policy Flips: 137

--- Alternating Optim Iteration 9/10 ---
Current q^(k-1) = 6.935422
    -> Updated Empirical Survival Value (SV) at new q 7.016640: 0.497855 (Target: 0.500000)
    -> Policy Flip Counts: F1=263, F2=3
    -> Policy Flip Rates: F1=0.263000, F2=0.003000 (thresh=0.0500)
    -> Convergence checks: |q_new - q_current| = 0.081219, |SV - target| = 0.002145, Policy Flips: 266

--- Alternating Optim Iteration 10/10 ---
Current q^(k-1) = 7.016640
    -> Updated Empirical Survival Value (SV) at new q 7.016640: 0.499478 (Target: 0.500000)
    -> Policy Flip Counts: F1=287, F2=96
    -> Policy Flip Rates: F1=0.287000, F2=0.096000 (thresh=0.0500)
    -> Convergence checks: |q_new - q_current| = 0.000000, |SV - target| = 0.000522, Policy Flips: 383

✅ Training Completed! Final optimal q: 7.016640, Estimated SV: 0.499478
   Perf  -> Prox: 4.750478718435

[3/50] MC Repetition Seed: 285065
  -> Training Proximal QTR (Always Cross-Fitting)

==================================================
🚀 Starting Proximal QTR Policy Learning (S1)
=== Configuration & Data Generation ===
Generated data: Train(1000), Val(250)

=== Step 1: Pre-estimating Bridge Functions (q22) w/ Cross-Fitting ===

>> Cross-Fitting Fold 1/2
Starting Hyperparameter Optimization for a1=1, a2=1...
Best Params found: {'network_width': 64, 'network_depth': 2, 'dropout_prob': 0.24372395044192274, 'lr': 0.0004276955330904889, 'l2': 0.004576891692209017, 'lambda_reg': 1.0985197389123229e-06, 'q22_output_bound': 0.0, 'epochs': 200}
Training Final q11 Checkpoint...
Training Final q22 Checkpoint...
Starting Hyperparameter Optimization for a1=1, a2=-1...
Best Params found: {'network_width': 128, 'network_depth': 3, 'dropout_prob': 0.3089059239322215, 'lr': 0.008570725253832666, 'l2': 0.00021206495872175428, 'lambda_reg': 0.00018899155750729766, 'q22_output_bound': 0.0, 'epochs': 200}
Training Final q11 Checkpoint...
Training Final q22 Checkpoint...
Starting Hyperparameter Optimization for a1=-1, a2=1...
Best Params found: {'network_width': 64, 'network_depth': 3, 'dropout_prob': 0.4017145475406217, 'lr': 0.0035389868669646733, 'l2': 0.0029451250964563974, 'lambda_reg': 9.510683048837431e-05, 'q22_output_bound': 0.0, 'epochs': 200}
Training Final q11 Checkpoint...
Training Final q22 Checkpoint...
Starting Hyperparameter Optimization for a1=-1, a2=-1...
Best Params found: {'network_width': 128, 'network_depth': 2, 'dropout_prob': 0.3072323258191279, 'lr': 0.009477662050260023, 'l2': 0.00021980813621243472, 'lambda_reg': 1.5304906436103514e-06, 'q22_output_bound': 0.0, 'epochs': 200}
Training Final q11 Checkpoint...
Training Final q22 Checkpoint...

>> Cross-Fitting Fold 2/2
Starting Hyperparameter Optimization for a1=1, a2=1...
Best Params found: {'network_width': 64, 'network_depth': 4, 'dropout_prob': 0.4943820559275683, 'lr': 0.0007272247329289188, 'l2': 0.0021387506470816183, 'lambda_reg': 3.393780362707451e-05, 'q22_output_bound': 0.0, 'epochs': 200}
Training Final q11 Checkpoint...
Training Final q22 Checkpoint...
Starting Hyperparameter Optimization for a1=1, a2=-1...
Best Params found: {'network_width': 32, 'network_depth': 4, 'dropout_prob': 0.48370411231792976, 'lr': 0.00206449372117669, 'l2': 0.0003301394965852016, 'lambda_reg': 0.00032986623242340496, 'q22_output_bound': 0.0, 'epochs': 200}
Training Final q11 Checkpoint...
Training Final q22 Checkpoint...
Starting Hyperparameter Optimization for a1=-1, a2=1...
Best Params found: {'network_width': 128, 'network_depth': 4, 'dropout_prob': 0.10845539079248062, 'lr': 0.0011260824189895274, 'l2': 0.0006754949925725688, 'lambda_reg': 1.3448150479720226e-05, 'q22_output_bound': 0.0, 'epochs': 200}
Training Final q11 Checkpoint...
Training Final q22 Checkpoint...
Starting Hyperparameter Optimization for a1=-1, a2=-1...
Best Params found: {'network_width': 32, 'network_depth': 4, 'dropout_prob': 0.228251697614406, 'lr': 0.0005171415891287713, 'l2': 0.0006706625977225376, 'lambda_reg': 0.0004050578234712487, 'q22_output_bound': 0.0, 'epochs': 200}
Training Final q11 Checkpoint...
Training Final q22 Checkpoint...
Weight summary before inner optimization -> Train mean: 1.9353, Max: 12.1457

=== Step 2 & 3: Alternating Optimization for Policy Learning ===
Alternating Optim Settings -> Grid size: 1000, epsilon_n: 0.000100, delta_n: 0.000100, hn: 0.028953
                           -> flip_rate_thresh: 0.0500, batch_size: 128

--- Running Initial Hyperparameter Optimization for Policy Networks ---
Optimal configs locked: {'lr': 0.0009890521829374463, 'l2': 2.0681602186383426e-07, 'epochs': 200}

--- Alternating Optim Iteration 1/10 ---
Current q^(k-1) = 0.678307
    -> Updated Empirical Survival Value (SV) at new q 7.492056: 0.500935 (Target: 0.500000)
    -> Convergence checks: |q_new - q_current| = 6.813749, |SV - target| = 0.000935, Policy Flips: 0

--- Alternating Optim Iteration 2/10 ---
Current q^(k-1) = 7.492056
    -> Updated Empirical Survival Value (SV) at new q 7.492056: 0.500935 (Target: 0.500000)
    -> Policy Flip Counts: F1=0, F2=2
    -> Policy Flip Rates: F1=0.000000, F2=0.002000 (thresh=0.0500)
    -> Convergence checks: |q_new - q_current| = 0.000000, |SV - target| = 0.000935, Policy Flips: 2
✅ AO Converged by delta_n threshold (q settled): shifted 0.000000 <= 0.000100

✅ Training Completed! Final optimal q: 7.492056, Estimated SV: 0.500935
   Perf  -> Prox: 5.754680453335

[4/50] MC Repetition Seed: 285066
  -> Training Proximal QTR (Always Cross-Fitting)

==================================================
🚀 Starting Proximal QTR Policy Learning (S1)
=== Configuration & Data Generation ===
Generated data: Train(1000), Val(250)

=== Step 1: Pre-estimating Bridge Functions (q22) w/ Cross-Fitting ===

>> Cross-Fitting Fold 1/2
Starting Hyperparameter Optimization for a1=1, a2=1...
Best Params found: {'network_width': 32, 'network_depth': 4, 'dropout_prob': 0.4451100262023049, 'lr': 0.0024888127356192478, 'l2': 0.008424205559172648, 'lambda_reg': 1.1555572845644789e-05, 'q22_output_bound': 0.0, 'epochs': 200}
Training Final q11 Checkpoint...
Training Final q22 Checkpoint...
Starting Hyperparameter Optimization for a1=1, a2=-1...
Best Params found: {'network_width': 32, 'network_depth': 4, 'dropout_prob': 0.4969452543399624, 'lr': 6.578824050053522e-05, 'l2': 0.0004627091321996004, 'lambda_reg': 4.572145437277806e-05, 'q22_output_bound': 0.0, 'epochs': 200}
Training Final q11 Checkpoint...
Training Final q22 Checkpoint...
Starting Hyperparameter Optimization for a1=-1, a2=1...
Best Params found: {'network_width': 128, 'network_depth': 4, 'dropout_prob': 0.4807070136830214, 'lr': 0.0027906344048963185, 'l2': 0.009661940918516347, 'lambda_reg': 0.0005159254688676197, 'q22_output_bound': 0.0, 'epochs': 200}
Training Final q11 Checkpoint...
Training Final q22 Checkpoint...
Starting Hyperparameter Optimization for a1=-1, a2=-1...
Best Params found: {'network_width': 32, 'network_depth': 3, 'dropout_prob': 0.3735518710523644, 'lr': 0.00410149301610239, 'l2': 0.0002495014598683232, 'lambda_reg': 0.00019146599122829046, 'q22_output_bound': 0.0, 'epochs': 200}
Training Final q11 Checkpoint...
Training Final q22 Checkpoint...

>> Cross-Fitting Fold 2/2
Starting Hyperparameter Optimization for a1=1, a2=1...
Best Params found: {'network_width': 32, 'network_depth': 3, 'dropout_prob': 0.25436109443565913, 'lr': 0.0002538708978168137, 'l2': 0.006027278481441863, 'lambda_reg': 1.0546455678710856e-06, 'q22_output_bound': 0.0, 'epochs': 200}
Training Final q11 Checkpoint...
Training Final q22 Checkpoint...
Starting Hyperparameter Optimization for a1=1, a2=-1...
Best Params found: {'network_width': 64, 'network_depth': 4, 'dropout_prob': 0.47649814035111615, 'lr': 0.0016350210411992707, 'l2': 0.00976791946013934, 'lambda_reg': 1.9382050908644415e-05, 'q22_output_bound': 0.0, 'epochs': 200}
Training Final q11 Checkpoint...
Training Final q22 Checkpoint...
Starting Hyperparameter Optimization for a1=-1, a2=1...
Best Params found: {'network_width': 64, 'network_depth': 3, 'dropout_prob': 0.3964188794262169, 'lr': 0.0005672321476796776, 'l2': 0.002896780023030533, 'lambda_reg': 0.00040349176011876753, 'q22_output_bound': 0.0, 'epochs': 200}
Training Final q11 Checkpoint...
Training Final q22 Checkpoint...
Starting Hyperparameter Optimization for a1=-1, a2=-1...
Best Params found: {'network_width': 64, 'network_depth': 2, 'dropout_prob': 0.2705543917592888, 'lr': 0.0006508996656166517, 'l2': 0.00010329884129210618, 'lambda_reg': 1.706329463780461e-05, 'q22_output_bound': 0.0, 'epochs': 200}
Training Final q11 Checkpoint...
Training Final q22 Checkpoint...
Weight summary before inner optimization -> Train mean: 1.2698, Max: 6.9952

=== Step 2 & 3: Alternating Optimization for Policy Learning ===
Alternating Optim Settings -> Grid size: 1000, epsilon_n: 0.000100, delta_n: 0.000100, hn: 0.028953
                           -> flip_rate_thresh: 0.0500, batch_size: 128

--- Running Initial Hyperparameter Optimization for Policy Networks ---
Optimal configs locked: {'lr': 0.0008845191570180115, 'l2': 1.016634833256799e-08, 'epochs': 200}

--- Alternating Optim Iteration 1/10 ---
Current q^(k-1) = 0.372480
    -> Updated Empirical Survival Value (SV) at new q 5.605398: 0.500002 (Target: 0.500000)
    -> Convergence checks: |q_new - q_current| = 5.232918, |SV - target| = 0.000002, Policy Flips: 0

--- Alternating Optim Iteration 2/10 ---
Current q^(k-1) = 5.605398
    -> Updated Empirical Survival Value (SV) at new q 5.605398: 0.500002 (Target: 0.500000)
    -> Policy Flip Counts: F1=1, F2=1
    -> Policy Flip Rates: F1=0.001000, F2=0.001000 (thresh=0.0500)
    -> Convergence checks: |q_new - q_current| = 0.000000, |SV - target| = 0.000002, Policy Flips: 2
✅ AO Converged by epsilon: |0.500002 - 0.500000| <= 0.000100

✅ Training Completed! Final optimal q: 5.605398, Estimated SV: 0.500002
   Perf  -> Prox: 5.652130344509

[5/50] MC Repetition Seed: 285067
  -> Training Proximal QTR (Always Cross-Fitting)

==================================================
🚀 Starting Proximal QTR Policy Learning (S1)
=== Configuration & Data Generation ===
Generated data: Train(1000), Val(250)

=== Step 1: Pre-estimating Bridge Functions (q22) w/ Cross-Fitting ===

>> Cross-Fitting Fold 1/2
Starting Hyperparameter Optimization for a1=1, a2=1...
Best Params found: {'network_width': 64, 'network_depth': 3, 'dropout_prob': 0.10096053554573456, 'lr': 0.005862174534145905, 'l2': 0.00011076948188504396, 'lambda_reg': 0.0007168129536303141, 'q22_output_bound': 0.0, 'epochs': 200}
Training Final q11 Checkpoint...
Training Final q22 Checkpoint...
Starting Hyperparameter Optimization for a1=1, a2=-1...
Best Params found: {'network_width': 64, 'network_depth': 3, 'dropout_prob': 0.3721861522197992, 'lr': 1.2901414855011989e-05, 'l2': 0.0001368979399451389, 'lambda_reg': 0.0006641544437128163, 'q22_output_bound': 0.0, 'epochs': 200}
Training Final q11 Checkpoint...
Training Final q22 Checkpoint...
Starting Hyperparameter Optimization for a1=-1, a2=1...
Best Params found: {'network_width': 128, 'network_depth': 3, 'dropout_prob': 0.43240568590914347, 'lr': 0.0015974428292289478, 'l2': 0.0002487422184097392, 'lambda_reg': 0.0002458685060266473, 'q22_output_bound': 0.0, 'epochs': 200}
Training Final q11 Checkpoint...
Training Final q22 Checkpoint...
Starting Hyperparameter Optimization for a1=-1, a2=-1...
Best Params found: {'network_width': 32, 'network_depth': 3, 'dropout_prob': 0.49361973108175505, 'lr': 0.00843012130200891, 'l2': 0.00013515021333436288, 'lambda_reg': 6.5983904903481104e-06, 'q22_output_bound': 0.0, 'epochs': 200}
Training Final q11 Checkpoint...
Training Final q22 Checkpoint...

>> Cross-Fitting Fold 2/2
Starting Hyperparameter Optimization for a1=1, a2=1...
Best Params found: {'network_width': 128, 'network_depth': 3, 'dropout_prob': 0.3537769207384997, 'lr': 0.0005021526717431144, 'l2': 0.00010393875897630144, 'lambda_reg': 0.0002902653369674786, 'q22_output_bound': 0.0, 'epochs': 200}
Training Final q11 Checkpoint...
Training Final q22 Checkpoint...
Starting Hyperparameter Optimization for a1=1, a2=-1...
Best Params found: {'network_width': 128, 'network_depth': 2, 'dropout_prob': 0.4672986212672664, 'lr': 0.0011725904198678987, 'l2': 0.0008473292619890935, 'lambda_reg': 0.0006289864661264114, 'q22_output_bound': 0.0, 'epochs': 200}
Training Final q11 Checkpoint...
Training Final q22 Checkpoint...
Starting Hyperparameter Optimization for a1=-1, a2=1...
Best Params found: {'network_width': 64, 'network_depth': 4, 'dropout_prob': 0.3212750694037432, 'lr': 0.0013927788578505578, 'l2': 0.005768498028078077, 'lambda_reg': 2.898366538271097e-05, 'q22_output_bound': 0.0, 'epochs': 200}
Training Final q11 Checkpoint...
Training Final q22 Checkpoint...
Starting Hyperparameter Optimization for a1=-1, a2=-1...
Best Params found: {'network_width': 128, 'network_depth': 4, 'dropout_prob': 0.23968312248813464, 'lr': 0.004794091098701734, 'l2': 0.0006195634583821881, 'lambda_reg': 7.143502549393439e-06, 'q22_output_bound': 0.0, 'epochs': 200}
Training Final q11 Checkpoint...
Training Final q22 Checkpoint...
Weight summary before inner optimization -> Train mean: 2.1470, Max: 9.3491

=== Step 2 & 3: Alternating Optimization for Policy Learning ===
Alternating Optim Settings -> Grid size: 1000, epsilon_n: 0.000100, delta_n: 0.000100, hn: 0.028953
                           -> flip_rate_thresh: 0.0500, batch_size: 128

--- Running Initial Hyperparameter Optimization for Policy Networks ---
Optimal configs locked: {'lr': 0.000993012201039724, 'l2': 1.447154560694794e-07, 'epochs': 200}

--- Alternating Optim Iteration 1/10 ---
Current q^(k-1) = 0.336220
    -> Updated Empirical Survival Value (SV) at new q 4.398433: 0.502455 (Target: 0.500000)
    -> Convergence checks: |q_new - q_current| = 4.062214, |SV - target| = 0.002455, Policy Flips: 0

--- Alternating Optim Iteration 2/10 ---
Current q^(k-1) = 4.398433
    -> Updated Empirical Survival Value (SV) at new q 4.398433: 0.502455 (Target: 0.500000)
    -> Policy Flip Counts: F1=0, F2=242
    -> Policy Flip Rates: F1=0.000000, F2=0.242000 (thresh=0.0500)
    -> Convergence checks: |q_new - q_current| = 0.000000, |SV - target| = 0.002455, Policy Flips: 242

--- Alternating Optim Iteration 3/10 ---
Current q^(k-1) = 4.398433
    -> Updated Empirical Survival Value (SV) at new q 4.398433: 0.502455 (Target: 0.500000)
    -> Policy Flip Counts: F1=0, F2=319
    -> Policy Flip Rates: F1=0.000000, F2=0.319000 (thresh=0.0500)
    -> Convergence checks: |q_new - q_current| = 0.000000, |SV - target| = 0.002455, Policy Flips: 319

--- Alternating Optim Iteration 4/10 ---
Current q^(k-1) = 4.398433
    -> Updated Empirical Survival Value (SV) at new q 4.398433: 0.502455 (Target: 0.500000)
    -> Policy Flip Counts: F1=0, F2=235
    -> Policy Flip Rates: F1=0.000000, F2=0.235000 (thresh=0.0500)
    -> Convergence checks: |q_new - q_current| = 0.000000, |SV - target| = 0.002455, Policy Flips: 235

--- Alternating Optim Iteration 5/10 ---
Current q^(k-1) = 4.398433
    -> Updated Empirical Survival Value (SV) at new q 4.398433: 0.502455 (Target: 0.500000)
    -> Policy Flip Counts: F1=0, F2=159
    -> Policy Flip Rates: F1=0.000000, F2=0.159000 (thresh=0.0500)
    -> Convergence checks: |q_new - q_current| = 0.000000, |SV - target| = 0.002455, Policy Flips: 159

--- Alternating Optim Iteration 6/10 ---
Current q^(k-1) = 4.398433
    -> Updated Empirical Survival Value (SV) at new q 4.398433: 0.502455 (Target: 0.500000)
    -> Policy Flip Counts: F1=0, F2=403
    -> Policy Flip Rates: F1=0.000000, F2=0.403000 (thresh=0.0500)
    -> Convergence checks: |q_new - q_current| = 0.000000, |SV - target| = 0.002455, Policy Flips: 403

--- Alternating Optim Iteration 7/10 ---
Current q^(k-1) = 4.398433
    -> Updated Empirical Survival Value (SV) at new q 4.398433: 0.502455 (Target: 0.500000)
    -> Policy Flip Counts: F1=0, F2=388
    -> Policy Flip Rates: F1=0.000000, F2=0.388000 (thresh=0.0500)
    -> Convergence checks: |q_new - q_current| = 0.000000, |SV - target| = 0.002455, Policy Flips: 388

--- Alternating Optim Iteration 8/10 ---
Current q^(k-1) = 4.398433
    -> Updated Empirical Survival Value (SV) at new q 4.398433: 0.502455 (Target: 0.500000)
    -> Policy Flip Counts: F1=0, F2=388
    -> Policy Flip Rates: F1=0.000000, F2=0.388000 (thresh=0.0500)
    -> Convergence checks: |q_new - q_current| = 0.000000, |SV - target| = 0.002455, Policy Flips: 388

--- Alternating Optim Iteration 9/10 ---
Current q^(k-1) = 4.398433
    -> Updated Empirical Survival Value (SV) at new q 4.398433: 0.502455 (Target: 0.500000)
    -> Policy Flip Counts: F1=0, F2=3
    -> Policy Flip Rates: F1=0.000000, F2=0.003000 (thresh=0.0500)
    -> Convergence checks: |q_new - q_current| = 0.000000, |SV - target| = 0.002455, Policy Flips: 3
✅ AO Converged by delta_n threshold (q settled): shifted 0.000000 <= 0.000100

✅ Training Completed! Final optimal q: 4.398433, Estimated SV: 0.502455
   Perf  -> Prox: 4.772378611910

[6/50] MC Repetition Seed: 285068
  -> Training Proximal QTR (Always Cross-Fitting)

==================================================
🚀 Starting Proximal QTR Policy Learning (S1)
=== Configuration & Data Generation ===
Generated data: Train(1000), Val(250)

=== Step 1: Pre-estimating Bridge Functions (q22) w/ Cross-Fitting ===

>> Cross-Fitting Fold 1/2
Starting Hyperparameter Optimization for a1=1, a2=1...
Best Params found: {'network_width': 64, 'network_depth': 4, 'dropout_prob': 0.25778677316394244, 'lr': 0.002006384169418766, 'l2': 0.003404701780868078, 'lambda_reg': 0.00019099567872632458, 'q22_output_bound': 0.0, 'epochs': 200}
Training Final q11 Checkpoint...
Training Final q22 Checkpoint...
Starting Hyperparameter Optimization for a1=1, a2=-1...
Best Params found: {'network_width': 32, 'network_depth': 3, 'dropout_prob': 0.36020532641121394, 'lr': 0.009616684407918321, 'l2': 0.00010222724345466366, 'lambda_reg': 0.0006045445569977463, 'q22_output_bound': 0.0, 'epochs': 200}
Training Final q11 Checkpoint...
Training Final q22 Checkpoint...
Starting Hyperparameter Optimization for a1=-1, a2=1...
Best Params found: {'network_width': 32, 'network_depth': 4, 'dropout_prob': 0.30076507987211615, 'lr': 0.005123596449314354, 'l2': 0.0036821032195573818, 'lambda_reg': 0.00014204139587218185, 'q22_output_bound': 0.0, 'epochs': 200}
Training Final q11 Checkpoint...
Training Final q22 Checkpoint...
Starting Hyperparameter Optimization for a1=-1, a2=-1...
Best Params found: {'network_width': 128, 'network_depth': 3, 'dropout_prob': 0.3753990865834409, 'lr': 0.0005154591722913367, 'l2': 0.009310152993572712, 'lambda_reg': 1.1279796359009355e-05, 'q22_output_bound': 0.0, 'epochs': 200}
Training Final q11 Checkpoint...
Training Final q22 Checkpoint...

>> Cross-Fitting Fold 2/2
Starting Hyperparameter Optimization for a1=1, a2=1...
Best Params found: {'network_width': 32, 'network_depth': 3, 'dropout_prob': 0.44896917722036184, 'lr': 0.00010032418871634744, 'l2': 0.0014460632440941414, 'lambda_reg': 2.9816585752040256e-05, 'q22_output_bound': 0.0, 'epochs': 200}
Training Final q11 Checkpoint...
Training Final q22 Checkpoint...
Starting Hyperparameter Optimization for a1=1, a2=-1...
Best Params found: {'network_width': 64, 'network_depth': 2, 'dropout_prob': 0.12366207656094011, 'lr': 0.007206486140100842, 'l2': 0.00021482466895518336, 'lambda_reg': 1.2416019306137115e-06, 'q22_output_bound': 0.0, 'epochs': 200}
Training Final q11 Checkpoint...
Training Final q22 Checkpoint...
Starting Hyperparameter Optimization for a1=-1, a2=1...
Best Params found: {'network_width': 64, 'network_depth': 3, 'dropout_prob': 0.3351239180590383, 'lr': 0.002691274807183283, 'l2': 0.0020421813236432673, 'lambda_reg': 1.588279891740607e-05, 'q22_output_bound': 0.0, 'epochs': 200}
Training Final q11 Checkpoint...
Training Final q22 Checkpoint...
Starting Hyperparameter Optimization for a1=-1, a2=-1...
Best Params found: {'network_width': 32, 'network_depth': 2, 'dropout_prob': 0.19645030953600098, 'lr': 0.005191283851485681, 'l2': 0.00010613553310031189, 'lambda_reg': 3.804027142509334e-06, 'q22_output_bound': 0.0, 'epochs': 200}
Training Final q11 Checkpoint...
Training Final q22 Checkpoint...
Weight summary before inner optimization -> Train mean: 2.0588, Max: 9.3178

=== Step 2 & 3: Alternating Optimization for Policy Learning ===
Alternating Optim Settings -> Grid size: 1000, epsilon_n: 0.000100, delta_n: 0.000100, hn: 0.028953
                           -> flip_rate_thresh: 0.0500, batch_size: 128

--- Running Initial Hyperparameter Optimization for Policy Networks ---
Optimal configs locked: {'lr': 0.0009868379810377013, 'l2': 2.5761047981561665e-08, 'epochs': 200}

--- Alternating Optim Iteration 1/10 ---
Current q^(k-1) = 0.075811
    -> Updated Empirical Survival Value (SV) at new q 6.326384: 0.501448 (Target: 0.500000)
    -> Convergence checks: |q_new - q_current| = 6.250574, |SV - target| = 0.001448, Policy Flips: 0

--- Alternating Optim Iteration 2/10 ---
Current q^(k-1) = 6.326384
    -> Updated Empirical Survival Value (SV) at new q 6.292312: 0.498801 (Target: 0.500000)
    -> Policy Flip Counts: F1=20, F2=508
    -> Policy Flip Rates: F1=0.020000, F2=0.508000 (thresh=0.0500)
    -> Convergence checks: |q_new - q_current| = 0.034072, |SV - target| = 0.001199, Policy Flips: 528

--- Alternating Optim Iteration 3/10 ---
Current q^(k-1) = 6.292312
    -> Updated Empirical Survival Value (SV) at new q 6.326384: 0.501448 (Target: 0.500000)
    -> Policy Flip Counts: F1=20, F2=508
    -> Policy Flip Rates: F1=0.020000, F2=0.508000 (thresh=0.0500)
    -> Convergence checks: |q_new - q_current| = 0.034072, |SV - target| = 0.001448, Policy Flips: 528

--- Alternating Optim Iteration 4/10 ---
Current q^(k-1) = 6.326384
    -> Updated Empirical Survival Value (SV) at new q 4.915510: 0.502729 (Target: 0.500000)
    -> Policy Flip Counts: F1=1000, F2=410
    -> Policy Flip Rates: F1=1.000000, F2=0.410000 (thresh=0.0500)
    -> Convergence checks: |q_new - q_current| = 1.410874, |SV - target| = 0.002729, Policy Flips: 1410

--- Alternating Optim Iteration 5/10 ---
Current q^(k-1) = 4.915510
    -> Updated Empirical Survival Value (SV) at new q 6.326384: 0.501448 (Target: 0.500000)
    -> Policy Flip Counts: F1=1000, F2=918
    -> Policy Flip Rates: F1=1.000000, F2=0.918000 (thresh=0.0500)
    -> Convergence checks: |q_new - q_current| = 1.410874, |SV - target| = 0.001448, Policy Flips: 1918

--- Alternating Optim Iteration 6/10 ---
Current q^(k-1) = 6.326384
    -> Updated Empirical Survival Value (SV) at new q 6.326384: 0.501448 (Target: 0.500000)
    -> Policy Flip Counts: F1=0, F2=168
    -> Policy Flip Rates: F1=0.000000, F2=0.168000 (thresh=0.0500)
    -> Convergence checks: |q_new - q_current| = 0.000000, |SV - target| = 0.001448, Policy Flips: 168

--- Alternating Optim Iteration 7/10 ---
Current q^(k-1) = 6.326384
    -> Updated Empirical Survival Value (SV) at new q 6.326384: 0.501448 (Target: 0.500000)
    -> Policy Flip Counts: F1=0, F2=339
    -> Policy Flip Rates: F1=0.000000, F2=0.339000 (thresh=0.0500)
    -> Convergence checks: |q_new - q_current| = 0.000000, |SV - target| = 0.001448, Policy Flips: 339

--- Alternating Optim Iteration 8/10 ---
Current q^(k-1) = 6.326384
    -> Updated Empirical Survival Value (SV) at new q 6.462159: 0.498805 (Target: 0.500000)
    -> Policy Flip Counts: F1=3, F2=5
    -> Policy Flip Rates: F1=0.003000, F2=0.005000 (thresh=0.0500)
    -> Convergence checks: |q_new - q_current| = 0.135775, |SV - target| = 0.001195, Policy Flips: 8
✅ AO Converged by micro flip: Policies almost unchanged from last iteration.

✅ Training Completed! Final optimal q: 6.462159, Estimated SV: 0.498805
   Perf  -> Prox: 5.690204254520

[7/50] MC Repetition Seed: 285069
  -> Training Proximal QTR (Always Cross-Fitting)

==================================================
🚀 Starting Proximal QTR Policy Learning (S1)
=== Configuration & Data Generation ===
Generated data: Train(1000), Val(250)

=== Step 1: Pre-estimating Bridge Functions (q22) w/ Cross-Fitting ===

>> Cross-Fitting Fold 1/2
Starting Hyperparameter Optimization for a1=1, a2=1...
Best Params found: {'network_width': 64, 'network_depth': 2, 'dropout_prob': 0.1700105100769977, 'lr': 0.0015209046504429489, 'l2': 0.0006869362031282674, 'lambda_reg': 6.922982462205105e-06, 'q22_output_bound': 0.0, 'epochs': 200}
Training Final q11 Checkpoint...
Training Final q22 Checkpoint...
Starting Hyperparameter Optimization for a1=1, a2=-1...
Best Params found: {'network_width': 64, 'network_depth': 3, 'dropout_prob': 0.40184372221314907, 'lr': 0.0002106939897452658, 'l2': 0.004372634590760969, 'lambda_reg': 4.543286258409818e-05, 'q22_output_bound': 0.0, 'epochs': 200}
Training Final q11 Checkpoint...
Training Final q22 Checkpoint...
Starting Hyperparameter Optimization for a1=-1, a2=1...
Best Params found: {'network_width': 32, 'network_depth': 2, 'dropout_prob': 0.44461298074952305, 'lr': 0.008538525570031593, 'l2': 0.0001794083894641788, 'lambda_reg': 1.0545684474180855e-06, 'q22_output_bound': 0.0, 'epochs': 200}
Training Final q11 Checkpoint...
Training Final q22 Checkpoint...
Starting Hyperparameter Optimization for a1=-1, a2=-1...
Best Params found: {'network_width': 64, 'network_depth': 4, 'dropout_prob': 0.25539977910252754, 'lr': 7.073231406707565e-05, 'l2': 0.00177051138035869, 'lambda_reg': 2.0901074864025656e-05, 'q22_output_bound': 0.0, 'epochs': 200}
Training Final q11 Checkpoint...
Training Final q22 Checkpoint...

>> Cross-Fitting Fold 2/2
Starting Hyperparameter Optimization for a1=1, a2=1...
Best Params found: {'network_width': 64, 'network_depth': 3, 'dropout_prob': 0.19673476859162686, 'lr': 0.006618018583185458, 'l2': 0.00026064318980022894, 'lambda_reg': 3.7628396772331116e-05, 'q22_output_bound': 0.0, 'epochs': 200}
Training Final q11 Checkpoint...
Training Final q22 Checkpoint...
Starting Hyperparameter Optimization for a1=1, a2=-1...
Best Params found: {'network_width': 128, 'network_depth': 4, 'dropout_prob': 0.43660477022394656, 'lr': 0.0009906008361123472, 'l2': 0.0034683224787679517, 'lambda_reg': 0.00030417834289415263, 'q22_output_bound': 0.0, 'epochs': 200}
Training Final q11 Checkpoint...
Training Final q22 Checkpoint...
Starting Hyperparameter Optimization for a1=-1, a2=1...
Best Params found: {'network_width': 128, 'network_depth': 3, 'dropout_prob': 0.35961560810976273, 'lr': 0.005502378183282307, 'l2': 0.0005795998086923572, 'lambda_reg': 9.397998362533367e-05, 'q22_output_bound': 0.0, 'epochs': 200}
Training Final q11 Checkpoint...
Training Final q22 Checkpoint...
Starting Hyperparameter Optimization for a1=-1, a2=-1...
Best Params found: {'network_width': 32, 'network_depth': 2, 'dropout_prob': 0.458622238755678, 'lr': 1.0207105641131987e-05, 'l2': 0.00029268960172507667, 'lambda_reg': 0.00038470636711086163, 'q22_output_bound': 0.0, 'epochs': 200}
Training Final q11 Checkpoint...
Training Final q22 Checkpoint...
Weight summary before inner optimization -> Train mean: 1.8620, Max: 12.3540

=== Step 2 & 3: Alternating Optimization for Policy Learning ===
Alternating Optim Settings -> Grid size: 1000, epsilon_n: 0.000100, delta_n: 0.000100, hn: 0.028953
                           -> flip_rate_thresh: 0.0500, batch_size: 128

--- Running Initial Hyperparameter Optimization for Policy Networks ---
Optimal configs locked: {'lr': 0.000513567422028512, 'l2': 3.0738753933401746e-08, 'epochs': 200}

--- Alternating Optim Iteration 1/10 ---
Current q^(k-1) = 0.144581
    -> Updated Empirical Survival Value (SV) at new q 5.523227: 0.499356 (Target: 0.500000)
    -> Convergence checks: |q_new - q_current| = 5.378646, |SV - target| = 0.000644, Policy Flips: 0

--- Alternating Optim Iteration 2/10 ---
Current q^(k-1) = 5.523227
    -> Updated Empirical Survival Value (SV) at new q 5.085312: 0.498689 (Target: 0.500000)
    -> Policy Flip Counts: F1=2, F2=75
    -> Policy Flip Rates: F1=0.002000, F2=0.075000 (thresh=0.0500)
    -> Convergence checks: |q_new - q_current| = 0.437915, |SV - target| = 0.001311, Policy Flips: 77

--- Alternating Optim Iteration 3/10 ---
Current q^(k-1) = 5.085312
    -> Updated Empirical Survival Value (SV) at new q 5.367197: 0.500662 (Target: 0.500000)
    -> Policy Flip Counts: F1=7, F2=239
    -> Policy Flip Rates: F1=0.007000, F2=0.239000 (thresh=0.0500)
    -> Convergence checks: |q_new - q_current| = 0.281885, |SV - target| = 0.000662, Policy Flips: 246

--- Alternating Optim Iteration 4/10 ---
Current q^(k-1) = 5.367197
    -> Updated Empirical Survival Value (SV) at new q 5.523227: 0.499356 (Target: 0.500000)
    -> Policy Flip Counts: F1=5, F2=2
    -> Policy Flip Rates: F1=0.005000, F2=0.002000 (thresh=0.0500)
    -> Convergence checks: |q_new - q_current| = 0.156030, |SV - target| = 0.000644, Policy Flips: 7
✅ AO Converged by micro flip: Policies almost unchanged from last iteration.

✅ Training Completed! Final optimal q: 5.523227, Estimated SV: 0.499356
   Perf  -> Prox: 4.771654370083

[8/50] MC Repetition Seed: 285070
  -> Training Proximal QTR (Always Cross-Fitting)

==================================================
🚀 Starting Proximal QTR Policy Learning (S1)
=== Configuration & Data Generation ===
Generated data: Train(1000), Val(250)

=== Step 1: Pre-estimating Bridge Functions (q22) w/ Cross-Fitting ===

>> Cross-Fitting Fold 1/2
Starting Hyperparameter Optimization for a1=1, a2=1...
Best Params found: {'network_width': 128, 'network_depth': 4, 'dropout_prob': 0.4256289304614541, 'lr': 1.0460498769062128e-05, 'l2': 0.0010827492634427954, 'lambda_reg': 5.5326824478780995e-05, 'q22_output_bound': 0.0, 'epochs': 200}
Training Final q11 Checkpoint...
Training Final q22 Checkpoint...
Starting Hyperparameter Optimization for a1=1, a2=-1...
Best Params found: {'network_width': 32, 'network_depth': 4, 'dropout_prob': 0.4342259667367757, 'lr': 0.0012790608653833336, 'l2': 0.0023545552456568897, 'lambda_reg': 1.1751733963823024e-05, 'q22_output_bound': 0.0, 'epochs': 200}
Training Final q11 Checkpoint...
Training Final q22 Checkpoint...
Starting Hyperparameter Optimization for a1=-1, a2=1...
Best Params found: {'network_width': 128, 'network_depth': 4, 'dropout_prob': 0.2828918347310595, 'lr': 0.0009281593198959352, 'l2': 0.0031633580577690315, 'lambda_reg': 0.0005376570549808306, 'q22_output_bound': 0.0, 'epochs': 200}
Training Final q11 Checkpoint...
Training Final q22 Checkpoint...
Starting Hyperparameter Optimization for a1=-1, a2=-1...
Best Params found: {'network_width': 64, 'network_depth': 4, 'dropout_prob': 0.2762194277040309, 'lr': 0.0005135609312397783, 'l2': 0.0003570604690139795, 'lambda_reg': 0.00011481962275961867, 'q22_output_bound': 0.0, 'epochs': 200}
Training Final q11 Checkpoint...
Training Final q22 Checkpoint...

>> Cross-Fitting Fold 2/2
Starting Hyperparameter Optimization for a1=1, a2=1...
Best Params found: {'network_width': 128, 'network_depth': 4, 'dropout_prob': 0.35041571931625654, 'lr': 8.31526966449287e-05, 'l2': 0.00396721744816321, 'lambda_reg': 2.555632196356436e-05, 'q22_output_bound': 0.0, 'epochs': 200}
Training Final q11 Checkpoint...
Training Final q22 Checkpoint...
Starting Hyperparameter Optimization for a1=1, a2=-1...
Best Params found: {'network_width': 64, 'network_depth': 2, 'dropout_prob': 0.4003800267551497, 'lr': 0.007316701900391158, 'l2': 0.00032248921416733395, 'lambda_reg': 2.578806873275013e-06, 'q22_output_bound': 0.0, 'epochs': 200}
Training Final q11 Checkpoint...
Training Final q22 Checkpoint...
Starting Hyperparameter Optimization for a1=-1, a2=1...
Best Params found: {'network_width': 64, 'network_depth': 4, 'dropout_prob': 0.48681967770011414, 'lr': 0.007177885914850789, 'l2': 0.003612304667480023, 'lambda_reg': 0.00011804818835787544, 'q22_output_bound': 0.0, 'epochs': 200}
Training Final q11 Checkpoint...
Training Final q22 Checkpoint...
Starting Hyperparameter Optimization for a1=-1, a2=-1...
Best Params found: {'network_width': 128, 'network_depth': 3, 'dropout_prob': 0.3232296355997263, 'lr': 0.006240546436814041, 'l2': 0.007326888403839417, 'lambda_reg': 0.00046036549585891276, 'q22_output_bound': 0.0, 'epochs': 200}
Training Final q11 Checkpoint...
Training Final q22 Checkpoint...
Weight summary before inner optimization -> Train mean: 1.6225, Max: 7.8253

=== Step 2 & 3: Alternating Optimization for Policy Learning ===
Alternating Optim Settings -> Grid size: 1000, epsilon_n: 0.000100, delta_n: 0.000100, hn: 0.028953
                           -> flip_rate_thresh: 0.0500, batch_size: 128

--- Running Initial Hyperparameter Optimization for Policy Networks ---
Optimal configs locked: {'lr': 0.0007607912276409107, 'l2': 3.16137599362132e-08, 'epochs': 200}

--- Alternating Optim Iteration 1/10 ---
Current q^(k-1) = 0.072068
    -> Updated Empirical Survival Value (SV) at new q 7.752681: 0.502763 (Target: 0.500000)
    -> Convergence checks: |q_new - q_current| = 7.680613, |SV - target| = 0.002763, Policy Flips: 0

--- Alternating Optim Iteration 2/10 ---
Current q^(k-1) = 7.752681
    -> Updated Empirical Survival Value (SV) at new q 7.752681: 0.502763 (Target: 0.500000)
    -> Policy Flip Counts: F1=0, F2=308
    -> Policy Flip Rates: F1=0.000000, F2=0.308000 (thresh=0.0500)
    -> Convergence checks: |q_new - q_current| = 0.000000, |SV - target| = 0.002763, Policy Flips: 308

--- Alternating Optim Iteration 3/10 ---
Current q^(k-1) = 7.752681
    -> Updated Empirical Survival Value (SV) at new q 7.752681: 0.502763 (Target: 0.500000)
    -> Policy Flip Counts: F1=0, F2=140
    -> Policy Flip Rates: F1=0.000000, F2=0.140000 (thresh=0.0500)
    -> Convergence checks: |q_new - q_current| = 0.000000, |SV - target| = 0.002763, Policy Flips: 140

--- Alternating Optim Iteration 4/10 ---
Current q^(k-1) = 7.752681
    -> Updated Empirical Survival Value (SV) at new q 5.113155: 0.499946 (Target: 0.500000)
    -> Policy Flip Counts: F1=1000, F2=169
    -> Policy Flip Rates: F1=1.000000, F2=0.169000 (thresh=0.0500)
    -> Convergence checks: |q_new - q_current| = 2.639526, |SV - target| = 0.000054, Policy Flips: 1169

--- Alternating Optim Iteration 5/10 ---
Current q^(k-1) = 5.113155
    -> Updated Empirical Survival Value (SV) at new q 7.723185: 0.501033 (Target: 0.500000)
    -> Policy Flip Counts: F1=953, F2=0
    -> Policy Flip Rates: F1=0.953000, F2=0.000000 (thresh=0.0500)
    -> Convergence checks: |q_new - q_current| = 2.610030, |SV - target| = 0.001033, Policy Flips: 953

--- Alternating Optim Iteration 6/10 ---
Current q^(k-1) = 7.723185
    -> Updated Empirical Survival Value (SV) at new q 7.783442: 0.499892 (Target: 0.500000)
    -> Policy Flip Counts: F1=47, F2=94
    -> Policy Flip Rates: F1=0.047000, F2=0.094000 (thresh=0.0500)
    -> Convergence checks: |q_new - q_current| = 0.060257, |SV - target| = 0.000108, Policy Flips: 141

--- Alternating Optim Iteration 7/10 ---
Current q^(k-1) = 7.783442
    -> Updated Empirical Survival Value (SV) at new q 8.028677: 0.499258 (Target: 0.500000)
    -> Policy Flip Counts: F1=0, F2=313
    -> Policy Flip Rates: F1=0.000000, F2=0.313000 (thresh=0.0500)
    -> Convergence checks: |q_new - q_current| = 0.245234, |SV - target| = 0.000742, Policy Flips: 313

--- Alternating Optim Iteration 8/10 ---
Current q^(k-1) = 8.028677
    -> Updated Empirical Survival Value (SV) at new q 5.117172: 0.498561 (Target: 0.500000)
    -> Policy Flip Counts: F1=1000, F2=736
    -> Policy Flip Rates: F1=1.000000, F2=0.736000 (thresh=0.0500)
    -> Convergence checks: |q_new - q_current| = 2.911505, |SV - target| = 0.001439, Policy Flips: 1736

--- Alternating Optim Iteration 9/10 ---
Current q^(k-1) = 5.117172
    -> Updated Empirical Survival Value (SV) at new q 7.783442: 0.501988 (Target: 0.500000)
    -> Policy Flip Counts: F1=989, F2=384
    -> Policy Flip Rates: F1=0.989000, F2=0.384000 (thresh=0.0500)
    -> Convergence checks: |q_new - q_current| = 2.666270, |SV - target| = 0.001988, Policy Flips: 1373

--- Alternating Optim Iteration 10/10 ---
Current q^(k-1) = 7.783442
    -> Updated Empirical Survival Value (SV) at new q 7.783442: 0.499224 (Target: 0.500000)
    -> Policy Flip Counts: F1=5, F2=40
    -> Policy Flip Rates: F1=0.005000, F2=0.040000 (thresh=0.0500)
    -> Convergence checks: |q_new - q_current| = 0.000000, |SV - target| = 0.000776, Policy Flips: 45
✅ AO Converged by delta_n threshold (q settled): shifted 0.000000 <= 0.000100

✅ Training Completed! Final optimal q: 7.783442, Estimated SV: 0.499224
   Perf  -> Prox: 5.644269831821

[9/50] MC Repetition Seed: 285071
  -> Training Proximal QTR (Always Cross-Fitting)

==================================================
🚀 Starting Proximal QTR Policy Learning (S1)
=== Configuration & Data Generation ===
Generated data: Train(1000), Val(250)

=== Step 1: Pre-estimating Bridge Functions (q22) w/ Cross-Fitting ===

>> Cross-Fitting Fold 1/2
Starting Hyperparameter Optimization for a1=1, a2=1...
Best Params found: {'network_width': 64, 'network_depth': 3, 'dropout_prob': 0.17739400882544085, 'lr': 0.00046727840073119097, 'l2': 0.0030672913002952554, 'lambda_reg': 9.320007551744685e-06, 'q22_output_bound': 0.0, 'epochs': 200}
Training Final q11 Checkpoint...
Training Final q22 Checkpoint...
Starting Hyperparameter Optimization for a1=1, a2=-1...
Best Params found: {'network_width': 64, 'network_depth': 3, 'dropout_prob': 0.4836538447557468, 'lr': 1.0780170963137746e-05, 'l2': 0.0005605444648528558, 'lambda_reg': 0.0002496020967442957, 'q22_output_bound': 0.0, 'epochs': 200}
Training Final q11 Checkpoint...
Training Final q22 Checkpoint...
Starting Hyperparameter Optimization for a1=-1, a2=1...
Best Params found: {'network_width': 128, 'network_depth': 3, 'dropout_prob': 0.3473690937173356, 'lr': 0.0005629598511020038, 'l2': 0.004061389180730572, 'lambda_reg': 0.00016449886843389325, 'q22_output_bound': 0.0, 'epochs': 200}
Training Final q11 Checkpoint...
Training Final q22 Checkpoint...
Starting Hyperparameter Optimization for a1=-1, a2=-1...
Best Params found: {'network_width': 128, 'network_depth': 3, 'dropout_prob': 0.35520248254820813, 'lr': 0.0016243610310568747, 'l2': 0.00041759697198029806, 'lambda_reg': 0.00148373460665251, 'q22_output_bound': 0.0, 'epochs': 200}
Training Final q11 Checkpoint...
Training Final q22 Checkpoint...

>> Cross-Fitting Fold 2/2
Starting Hyperparameter Optimization for a1=1, a2=1...
Best Params found: {'network_width': 128, 'network_depth': 2, 'dropout_prob': 0.32833190870259366, 'lr': 0.0047746274274286325, 'l2': 0.002980683342362165, 'lambda_reg': 0.0002564097665579084, 'q22_output_bound': 0.0, 'epochs': 200}
Training Final q11 Checkpoint...
Training Final q22 Checkpoint...
Starting Hyperparameter Optimization for a1=1, a2=-1...
Best Params found: {'network_width': 32, 'network_depth': 2, 'dropout_prob': 0.25365076349269905, 'lr': 4.9612069185658517e-05, 'l2': 0.0006642145664478942, 'lambda_reg': 1.3729178024857087e-05, 'q22_output_bound': 0.0, 'epochs': 200}
Training Final q11 Checkpoint...
Training Final q22 Checkpoint...
Starting Hyperparameter Optimization for a1=-1, a2=1...
Best Params found: {'network_width': 128, 'network_depth': 2, 'dropout_prob': 0.48125114669687213, 'lr': 0.004352048373092163, 'l2': 0.001966245197127745, 'lambda_reg': 1.084885511266941e-06, 'q22_output_bound': 0.0, 'epochs': 200}
Training Final q11 Checkpoint...
Training Final q22 Checkpoint...
Starting Hyperparameter Optimization for a1=-1, a2=-1...
Best Params found: {'network_width': 128, 'network_depth': 3, 'dropout_prob': 0.35674710240000873, 'lr': 0.003487415283816749, 'l2': 0.006207043852912845, 'lambda_reg': 4.0171952899020275e-05, 'q22_output_bound': 0.0, 'epochs': 200}
Training Final q11 Checkpoint...
Training Final q22 Checkpoint...
Weight summary before inner optimization -> Train mean: 1.7706, Max: 10.6038

=== Step 2 & 3: Alternating Optimization for Policy Learning ===
Alternating Optim Settings -> Grid size: 1000, epsilon_n: 0.000100, delta_n: 0.000100, hn: 0.028953
                           -> flip_rate_thresh: 0.0500, batch_size: 128

--- Running Initial Hyperparameter Optimization for Policy Networks ---
Optimal configs locked: {'lr': 0.00077579388274887, 'l2': 6.131621606773662e-07, 'epochs': 200}

--- Alternating Optim Iteration 1/10 ---
Current q^(k-1) = 0.425589
    -> Updated Empirical Survival Value (SV) at new q 6.433415: 0.498979 (Target: 0.500000)
    -> Convergence checks: |q_new - q_current| = 6.007826, |SV - target| = 0.001021, Policy Flips: 0

--- Alternating Optim Iteration 2/10 ---
Current q^(k-1) = 6.433415
    -> Updated Empirical Survival Value (SV) at new q 6.433415: 0.498979 (Target: 0.500000)
    -> Policy Flip Counts: F1=0, F2=79
    -> Policy Flip Rates: F1=0.000000, F2=0.079000 (thresh=0.0500)
    -> Convergence checks: |q_new - q_current| = 0.000000, |SV - target| = 0.001021, Policy Flips: 79

--- Alternating Optim Iteration 3/10 ---
Current q^(k-1) = 6.433415
    -> Updated Empirical Survival Value (SV) at new q 6.433415: 0.498979 (Target: 0.500000)
    -> Policy Flip Counts: F1=0, F2=107
    -> Policy Flip Rates: F1=0.000000, F2=0.107000 (thresh=0.0500)
    -> Convergence checks: |q_new - q_current| = 0.000000, |SV - target| = 0.001021, Policy Flips: 107

--- Alternating Optim Iteration 4/10 ---
Current q^(k-1) = 6.433415
    -> Updated Empirical Survival Value (SV) at new q 6.433415: 0.500601 (Target: 0.500000)
    -> Policy Flip Counts: F1=0, F2=9
    -> Policy Flip Rates: F1=0.000000, F2=0.009000 (thresh=0.0500)
    -> Convergence checks: |q_new - q_current| = 0.000000, |SV - target| = 0.000601, Policy Flips: 9
✅ AO Converged by delta_n threshold (q settled): shifted 0.000000 <= 0.000100

✅ Training Completed! Final optimal q: 6.433415, Estimated SV: 0.500601
   Perf  -> Prox: 5.673242354772

[10/50] MC Repetition Seed: 285072
  -> Training Proximal QTR (Always Cross-Fitting)

==================================================
🚀 Starting Proximal QTR Policy Learning (S1)
=== Configuration & Data Generation ===
Generated data: Train(1000), Val(250)

=== Step 1: Pre-estimating Bridge Functions (q22) w/ Cross-Fitting ===

>> Cross-Fitting Fold 1/2
Starting Hyperparameter Optimization for a1=1, a2=1...
Best Params found: {'network_width': 128, 'network_depth': 4, 'dropout_prob': 0.438972662632148, 'lr': 0.00013920044918146258, 'l2': 0.0004982084971466218, 'lambda_reg': 1.2688390203658637e-06, 'q22_output_bound': 0.0, 'epochs': 200}
Training Final q11 Checkpoint...
Training Final q22 Checkpoint...
Starting Hyperparameter Optimization for a1=1, a2=-1...
Best Params found: {'network_width': 32, 'network_depth': 4, 'dropout_prob': 0.36872865161587676, 'lr': 0.00811893056007468, 'l2': 0.0004473125309420077, 'lambda_reg': 1.9976377168434952e-05, 'q22_output_bound': 0.0, 'epochs': 200}
Training Final q11 Checkpoint...
Training Final q22 Checkpoint...
Starting Hyperparameter Optimization for a1=-1, a2=1...
Best Params found: {'network_width': 128, 'network_depth': 4, 'dropout_prob': 0.1888136521247879, 'lr': 0.0029210031989273452, 'l2': 0.006254467101123954, 'lambda_reg': 2.1574341995959626e-06, 'q22_output_bound': 0.0, 'epochs': 200}
Training Final q11 Checkpoint...
Training Final q22 Checkpoint...
Starting Hyperparameter Optimization for a1=-1, a2=-1...
Best Params found: {'network_width': 32, 'network_depth': 4, 'dropout_prob': 0.4926437263354875, 'lr': 0.00010521276602061712, 'l2': 0.0004178164399246582, 'lambda_reg': 0.00038951838898577116, 'q22_output_bound': 0.0, 'epochs': 200}
Training Final q11 Checkpoint...
Training Final q22 Checkpoint...

>> Cross-Fitting Fold 2/2
Starting Hyperparameter Optimization for a1=1, a2=1...
Best Params found: {'network_width': 128, 'network_depth': 2, 'dropout_prob': 0.3275670622032998, 'lr': 0.008689061531676189, 'l2': 0.0002086337087178627, 'lambda_reg': 8.60202301772474e-06, 'q22_output_bound': 0.0, 'epochs': 200}
Training Final q11 Checkpoint...
Training Final q22 Checkpoint...
Starting Hyperparameter Optimization for a1=1, a2=-1...
Best Params found: {'network_width': 64, 'network_depth': 2, 'dropout_prob': 0.4950821161887165, 'lr': 0.0009443288409714557, 'l2': 0.0003271266474664788, 'lambda_reg': 8.558733904537958e-06, 'q22_output_bound': 0.0, 'epochs': 200}
Training Final q11 Checkpoint...
Training Final q22 Checkpoint...
Starting Hyperparameter Optimization for a1=-1, a2=1...
Best Params found: {'network_width': 64, 'network_depth': 2, 'dropout_prob': 0.4934223955065606, 'lr': 0.0036213698554736972, 'l2': 0.00028430760215135956, 'lambda_reg': 4.842995464091766e-06, 'q22_output_bound': 0.0, 'epochs': 200}
Training Final q11 Checkpoint...
Training Final q22 Checkpoint...
Starting Hyperparameter Optimization for a1=-1, a2=-1...
Best Params found: {'network_width': 64, 'network_depth': 3, 'dropout_prob': 0.13652058912911763, 'lr': 0.0027557064724343114, 'l2': 0.00020746489058557092, 'lambda_reg': 6.472633824790023e-05, 'q22_output_bound': 0.0, 'epochs': 200}
Training Final q11 Checkpoint...
Training Final q22 Checkpoint...
Weight summary before inner optimization -> Train mean: 1.8734, Max: 10.1247

=== Step 2 & 3: Alternating Optimization for Policy Learning ===
Alternating Optim Settings -> Grid size: 1000, epsilon_n: 0.000100, delta_n: 0.000100, hn: 0.028953
                           -> flip_rate_thresh: 0.0500, batch_size: 128

--- Running Initial Hyperparameter Optimization for Policy Networks ---
Optimal configs locked: {'lr': 0.0009074857899101925, 'l2': 7.035647667460425e-07, 'epochs': 200}

--- Alternating Optim Iteration 1/10 ---
Current q^(k-1) = 0.224957
    -> Updated Empirical Survival Value (SV) at new q 0.401584: 0.499227 (Target: 0.500000)
    -> Convergence checks: |q_new - q_current| = 0.176626, |SV - target| = 0.000773, Policy Flips: 0

--- Alternating Optim Iteration 2/10 ---
Current q^(k-1) = 0.401584
    -> Updated Empirical Survival Value (SV) at new q 0.346834: 0.502075 (Target: 0.500000)
    -> Policy Flip Counts: F1=0, F2=19
    -> Policy Flip Rates: F1=0.000000, F2=0.019000 (thresh=0.0500)
    -> Convergence checks: |q_new - q_current| = 0.054749, |SV - target| = 0.002075, Policy Flips: 19
✅ AO Converged by micro flip: Policies almost unchanged from last iteration.

✅ Training Completed! Final optimal q: 0.346834, Estimated SV: 0.502075
   Perf  -> Prox: -0.062069009711

[11/50] MC Repetition Seed: 285073
  -> Training Proximal QTR (Always Cross-Fitting)

==================================================
🚀 Starting Proximal QTR Policy Learning (S1)
=== Configuration & Data Generation ===
Generated data: Train(1000), Val(250)

=== Step 1: Pre-estimating Bridge Functions (q22) w/ Cross-Fitting ===

>> Cross-Fitting Fold 1/2
Starting Hyperparameter Optimization for a1=1, a2=1...
Best Params found: {'network_width': 32, 'network_depth': 2, 'dropout_prob': 0.3652661154461271, 'lr': 0.0025096133513233883, 'l2': 0.0006481444561977906, 'lambda_reg': 7.057788669481115e-06, 'q22_output_bound': 0.0, 'epochs': 200}
Training Final q11 Checkpoint...
Training Final q22 Checkpoint...
Starting Hyperparameter Optimization for a1=1, a2=-1...
Best Params found: {'network_width': 128, 'network_depth': 3, 'dropout_prob': 0.47543025789218546, 'lr': 0.0024405594400097293, 'l2': 0.0004495583360834735, 'lambda_reg': 1.0416991993371687e-06, 'q22_output_bound': 0.0, 'epochs': 200}
Training Final q11 Checkpoint...
Training Final q22 Checkpoint...
Starting Hyperparameter Optimization for a1=-1, a2=1...
Best Params found: {'network_width': 128, 'network_depth': 2, 'dropout_prob': 0.36888076562958905, 'lr': 0.008795325488022821, 'l2': 0.0006245173947193021, 'lambda_reg': 4.336787056483841e-05, 'q22_output_bound': 0.0, 'epochs': 200}
Training Final q11 Checkpoint...
Training Final q22 Checkpoint...
Starting Hyperparameter Optimization for a1=-1, a2=-1...
Best Params found: {'network_width': 32, 'network_depth': 3, 'dropout_prob': 0.49623901130521675, 'lr': 0.0005476134382422929, 'l2': 0.00010788856896049242, 'lambda_reg': 0.009183768469196276, 'q22_output_bound': 0.0, 'epochs': 200}
Training Final q11 Checkpoint...
Training Final q22 Checkpoint...

>> Cross-Fitting Fold 2/2
Starting Hyperparameter Optimization for a1=1, a2=1...
Best Params found: {'network_width': 64, 'network_depth': 4, 'dropout_prob': 0.4210201926969792, 'lr': 0.001386790125042751, 'l2': 0.0028465276867476186, 'lambda_reg': 7.105821641035651e-05, 'q22_output_bound': 0.0, 'epochs': 200}
Training Final q11 Checkpoint...
Training Final q22 Checkpoint...
Starting Hyperparameter Optimization for a1=1, a2=-1...
Best Params found: {'network_width': 64, 'network_depth': 3, 'dropout_prob': 0.42560771681154075, 'lr': 0.0001793927656965988, 'l2': 0.0004395611313648799, 'lambda_reg': 5.047805900344242e-06, 'q22_output_bound': 0.0, 'epochs': 200}
Training Final q11 Checkpoint...
Training Final q22 Checkpoint...
Starting Hyperparameter Optimization for a1=-1, a2=1...
Best Params found: {'network_width': 128, 'network_depth': 2, 'dropout_prob': 0.2294147334200763, 'lr': 0.009758062993242389, 'l2': 0.0007187133337952317, 'lambda_reg': 1.268429901246465e-06, 'q22_output_bound': 0.0, 'epochs': 200}
Training Final q11 Checkpoint...
Training Final q22 Checkpoint...
Starting Hyperparameter Optimization for a1=-1, a2=-1...
Best Params found: {'network_width': 32, 'network_depth': 3, 'dropout_prob': 0.10295993679034782, 'lr': 5.4235952175518606e-05, 'l2': 0.00024438521200395076, 'lambda_reg': 1.6968017708101134e-06, 'q22_output_bound': 0.0, 'epochs': 200}
Training Final q11 Checkpoint...
Training Final q22 Checkpoint...
Weight summary before inner optimization -> Train mean: 2.2070, Max: 10.0250

=== Step 2 & 3: Alternating Optimization for Policy Learning ===
Alternating Optim Settings -> Grid size: 1000, epsilon_n: 0.000100, delta_n: 0.000100, hn: 0.028953
                           -> flip_rate_thresh: 0.0500, batch_size: 128

--- Running Initial Hyperparameter Optimization for Policy Networks ---
Optimal configs locked: {'lr': 0.0009157831196506387, 'l2': 8.921940080852083e-08, 'epochs': 200}

--- Alternating Optim Iteration 1/10 ---
Current q^(k-1) = 0.116430
    -> Updated Empirical Survival Value (SV) at new q 5.108948: 0.496497 (Target: 0.500000)
    -> Convergence checks: |q_new - q_current| = 4.992518, |SV - target| = 0.003503, Policy Flips: 0

--- Alternating Optim Iteration 2/10 ---
Current q^(k-1) = 5.108948
    -> Updated Empirical Survival Value (SV) at new q 4.766207: 0.499791 (Target: 0.500000)
    -> Policy Flip Counts: F1=949, F2=611
    -> Policy Flip Rates: F1=0.949000, F2=0.611000 (thresh=0.0500)
    -> Convergence checks: |q_new - q_current| = 0.342740, |SV - target| = 0.000209, Policy Flips: 1560

--- Alternating Optim Iteration 3/10 ---
Current q^(k-1) = 4.766207
    -> Updated Empirical Survival Value (SV) at new q 5.604672: 0.495372 (Target: 0.500000)
    -> Policy Flip Counts: F1=954, F2=170
    -> Policy Flip Rates: F1=0.954000, F2=0.170000 (thresh=0.0500)
    -> Convergence checks: |q_new - q_current| = 0.838465, |SV - target| = 0.004628, Policy Flips: 1124

--- Alternating Optim Iteration 4/10 ---
Current q^(k-1) = 5.604672
    -> Updated Empirical Survival Value (SV) at new q 5.162774: 0.499335 (Target: 0.500000)
    -> Policy Flip Counts: F1=46, F2=1
    -> Policy Flip Rates: F1=0.046000, F2=0.001000 (thresh=0.0500)
    -> Convergence checks: |q_new - q_current| = 0.441898, |SV - target| = 0.000665, Policy Flips: 47
✅ AO Converged by micro flip: Policies almost unchanged from last iteration.

✅ Training Completed! Final optimal q: 5.162774, Estimated SV: 0.499335
   Perf  -> Prox: 4.757217055546

[12/50] MC Repetition Seed: 285074
  -> Training Proximal QTR (Always Cross-Fitting)

==================================================
🚀 Starting Proximal QTR Policy Learning (S1)
=== Configuration & Data Generation ===
Generated data: Train(1000), Val(250)

=== Step 1: Pre-estimating Bridge Functions (q22) w/ Cross-Fitting ===

>> Cross-Fitting Fold 1/2
Starting Hyperparameter Optimization for a1=1, a2=1...
Best Params found: {'network_width': 64, 'network_depth': 2, 'dropout_prob': 0.3253702292411576, 'lr': 0.0006223158593743102, 'l2': 0.0028636804754194455, 'lambda_reg': 7.442718092919552e-06, 'q22_output_bound': 0.0, 'epochs': 200}
Training Final q11 Checkpoint...
Training Final q22 Checkpoint...
Starting Hyperparameter Optimization for a1=1, a2=-1...
Best Params found: {'network_width': 128, 'network_depth': 4, 'dropout_prob': 0.36664832407045855, 'lr': 2.553984097700958e-05, 'l2': 0.0006228687021533328, 'lambda_reg': 0.00012061752056535553, 'q22_output_bound': 0.0, 'epochs': 200}
Training Final q11 Checkpoint...
Training Final q22 Checkpoint...
Starting Hyperparameter Optimization for a1=-1, a2=1...
Best Params found: {'network_width': 64, 'network_depth': 3, 'dropout_prob': 0.10204766452875713, 'lr': 0.0031024731033518814, 'l2': 0.00031756595655036286, 'lambda_reg': 8.597835229573963e-05, 'q22_output_bound': 0.0, 'epochs': 200}
Training Final q11 Checkpoint...
Training Final q22 Checkpoint...
Starting Hyperparameter Optimization for a1=-1, a2=-1...
Best Params found: {'network_width': 128, 'network_depth': 3, 'dropout_prob': 0.49984097023824925, 'lr': 0.0025545125623503114, 'l2': 0.0034062240714844046, 'lambda_reg': 1.4396360706547722e-05, 'q22_output_bound': 0.0, 'epochs': 200}
Training Final q11 Checkpoint...
Training Final q22 Checkpoint...

>> Cross-Fitting Fold 2/2
Starting Hyperparameter Optimization for a1=1, a2=1...
Best Params found: {'network_width': 32, 'network_depth': 3, 'dropout_prob': 0.23361610325650162, 'lr': 0.009334858101056028, 'l2': 0.004003554952936022, 'lambda_reg': 9.282948386124838e-06, 'q22_output_bound': 0.0, 'epochs': 200}
Training Final q11 Checkpoint...
Training Final q22 Checkpoint...
Starting Hyperparameter Optimization for a1=1, a2=-1...
Best Params found: {'network_width': 32, 'network_depth': 3, 'dropout_prob': 0.4591527480760746, 'lr': 0.00248786871190391, 'l2': 0.005141157913471709, 'lambda_reg': 0.0038892487571455317, 'q22_output_bound': 0.0, 'epochs': 200}
Training Final q11 Checkpoint...
Training Final q22 Checkpoint...
Starting Hyperparameter Optimization for a1=-1, a2=1...
Best Params found: {'network_width': 64, 'network_depth': 2, 'dropout_prob': 0.3181331765371199, 'lr': 0.002851134302530448, 'l2': 0.0045961939554720705, 'lambda_reg': 0.0004900676069842943, 'q22_output_bound': 0.0, 'epochs': 200}
Training Final q11 Checkpoint...
Training Final q22 Checkpoint...
Starting Hyperparameter Optimization for a1=-1, a2=-1...
Best Params found: {'network_width': 32, 'network_depth': 4, 'dropout_prob': 0.46340104127257675, 'lr': 0.005004017424520406, 'l2': 0.0001658184011756593, 'lambda_reg': 3.7269189366165683e-06, 'q22_output_bound': 0.0, 'epochs': 200}
Training Final q11 Checkpoint...
Training Final q22 Checkpoint...
Weight summary before inner optimization -> Train mean: 1.6916, Max: 9.1814

=== Step 2 & 3: Alternating Optimization for Policy Learning ===
Alternating Optim Settings -> Grid size: 1000, epsilon_n: 0.000100, delta_n: 0.000100, hn: 0.028953
                           -> flip_rate_thresh: 0.0500, batch_size: 128

--- Running Initial Hyperparameter Optimization for Policy Networks ---
Optimal configs locked: {'lr': 0.0007086009322905451, 'l2': 3.5721319727669444e-07, 'epochs': 200}

--- Alternating Optim Iteration 1/10 ---
Current q^(k-1) = 0.203298
    -> Updated Empirical Survival Value (SV) at new q 6.070751: 0.500509 (Target: 0.500000)
    -> Convergence checks: |q_new - q_current| = 5.867453, |SV - target| = 0.000509, Policy Flips: 0

--- Alternating Optim Iteration 2/10 ---
Current q^(k-1) = 6.070751
    -> Updated Empirical Survival Value (SV) at new q 6.070751: 0.500509 (Target: 0.500000)
    -> Policy Flip Counts: F1=0, F2=373
    -> Policy Flip Rates: F1=0.000000, F2=0.373000 (thresh=0.0500)
    -> Convergence checks: |q_new - q_current| = 0.000000, |SV - target| = 0.000509, Policy Flips: 373

--- Alternating Optim Iteration 3/10 ---
Current q^(k-1) = 6.070751
    -> Updated Empirical Survival Value (SV) at new q 6.070751: 0.500509 (Target: 0.500000)
    -> Policy Flip Counts: F1=0, F2=56
    -> Policy Flip Rates: F1=0.000000, F2=0.056000 (thresh=0.0500)
    -> Convergence checks: |q_new - q_current| = 0.000000, |SV - target| = 0.000509, Policy Flips: 56

--- Alternating Optim Iteration 4/10 ---
Current q^(k-1) = 6.070751
    -> Updated Empirical Survival Value (SV) at new q 6.070751: 0.500509 (Target: 0.500000)
    -> Policy Flip Counts: F1=0, F2=30
    -> Policy Flip Rates: F1=0.000000, F2=0.030000 (thresh=0.0500)
    -> Convergence checks: |q_new - q_current| = 0.000000, |SV - target| = 0.000509, Policy Flips: 30
✅ AO Converged by delta_n threshold (q settled): shifted 0.000000 <= 0.000100

✅ Training Completed! Final optimal q: 6.070751, Estimated SV: 0.500509
   Perf  -> Prox: 4.724413485694

[13/50] MC Repetition Seed: 285075
  -> Training Proximal QTR (Always Cross-Fitting)

==================================================
🚀 Starting Proximal QTR Policy Learning (S1)
=== Configuration & Data Generation ===
Generated data: Train(1000), Val(250)

=== Step 1: Pre-estimating Bridge Functions (q22) w/ Cross-Fitting ===

>> Cross-Fitting Fold 1/2
Starting Hyperparameter Optimization for a1=1, a2=1...
