
######################################################################
   MONTE CARLO COMPARATIVE ANALYSIS (Proximal vs SRA vs Oracle)
######################################################################
Configurations:
 - n_train: 5000
 - mc_reps: 30
 - mc_eval_size: 100000
 - seed: 285063
 - tau: 0.5
 - phi_type: 3
 - model_type: nn
 - k_folds: 2
 - max_alt_iters: 10
 - dgp: S1
 - optim_mode: ao
 - no_cf: True
 - prox_only: False
 - mmr_loss: V_statistic
 - q22_output_bound: 6.0
 - Device: cuda


[1/30] MC Repetition Seed: 285063
  -> Training Proximal QTR (Always Cross-Fitting)

==================================================
🚀 Starting Proximal QTR Policy Learning (S1)
=== Configuration & Data Generation ===
Generated data: Train(5000), Val(1250)

=== Step 1: Pre-estimating Bridge Functions (q22) w/ Cross-Fitting ===

>> Cross-Fitting Fold 1/2
Starting Hyperparameter Optimization for a1=1, a2=1...
Best Params found: {'network_width': 128, 'network_depth': 4, 'dropout_prob': 0.45232679292250644, 'lr': 1.1307121151434556e-05, 'l2': 0.00027283021543313905, 'lambda_reg': 0.00102489621149672, 'q22_output_bound': 6.0, 'epochs': 200}
Training Final q11 Checkpoint...
Training Final q22 Checkpoint...
Starting Hyperparameter Optimization for a1=1, a2=-1...
Best Params found: {'network_width': 128, 'network_depth': 4, 'dropout_prob': 0.24869005342965578, 'lr': 9.964017107462255e-05, 'l2': 0.0002562726273585757, 'lambda_reg': 3.672418038213717e-06, 'q22_output_bound': 6.0, 'epochs': 200}
Training Final q11 Checkpoint...
Training Final q22 Checkpoint...
Starting Hyperparameter Optimization for a1=-1, a2=1...
Best Params found: {'network_width': 128, 'network_depth': 3, 'dropout_prob': 0.4792971702418144, 'lr': 0.0013665173360553353, 'l2': 0.009833417938691736, 'lambda_reg': 6.587770894595306e-05, 'q22_output_bound': 6.0, 'epochs': 200}
Training Final q11 Checkpoint...
Training Final q22 Checkpoint...
Starting Hyperparameter Optimization for a1=-1, a2=-1...
Best Params found: {'network_width': 64, 'network_depth': 4, 'dropout_prob': 0.4937888535218062, 'lr': 0.0015095988086707961, 'l2': 0.0005418107466084154, 'lambda_reg': 2.8910741209128856e-05, 'q22_output_bound': 6.0, 'epochs': 200}
Training Final q11 Checkpoint...
Training Final q22 Checkpoint...

>> Cross-Fitting Fold 2/2
Starting Hyperparameter Optimization for a1=1, a2=1...
Best Params found: {'network_width': 64, 'network_depth': 3, 'dropout_prob': 0.39701003255622314, 'lr': 0.00013643516156322159, 'l2': 0.00239608764520339, 'lambda_reg': 1.0705687398842246e-06, 'q22_output_bound': 6.0, 'epochs': 200}
Training Final q11 Checkpoint...
Training Final q22 Checkpoint...
Starting Hyperparameter Optimization for a1=1, a2=-1...
Best Params found: {'network_width': 32, 'network_depth': 4, 'dropout_prob': 0.3500103352480581, 'lr': 5.987988427649528e-05, 'l2': 0.0003152372243269009, 'lambda_reg': 0.0008853631580087887, 'q22_output_bound': 6.0, 'epochs': 200}
Training Final q11 Checkpoint...
Training Final q22 Checkpoint...
Starting Hyperparameter Optimization for a1=-1, a2=1...
Best Params found: {'network_width': 128, 'network_depth': 4, 'dropout_prob': 0.4186730733017911, 'lr': 0.0008222395851622861, 'l2': 0.00010908434005290477, 'lambda_reg': 6.436046549148268e-05, 'q22_output_bound': 6.0, 'epochs': 200}
Training Final q11 Checkpoint...
Training Final q22 Checkpoint...
Starting Hyperparameter Optimization for a1=-1, a2=-1...
Best Params found: {'network_width': 128, 'network_depth': 4, 'dropout_prob': 0.3497752576433316, 'lr': 0.0007035739461665681, 'l2': 0.0035951718807669102, 'lambda_reg': 0.0014240349008058403, 'q22_output_bound': 6.0, 'epochs': 200}
Training Final q11 Checkpoint...
Training Final q22 Checkpoint...
Weight summary before inner optimization -> Train mean: 2.9296, Max: 5.4584

=== Step 2 & 3: Alternating Optimization for Policy Learning ===
Alternating Optim Settings -> Grid size: 5000, epsilon_n: 0.000100, delta_n: 0.000100, hn: 0.023482
                           -> flip_rate_thresh: 0.0100, batch_size: 128

--- Running Initial Hyperparameter Optimization for Policy Networks ---
Optimal configs locked: {'lr': 0.0009483678641191948, 'l2': 8.117763810928648e-08, 'network_width': 32, 'network_depth': 3, 'epochs': 200}

--- Alternating Optim Iteration 1/10 ---
Current q^(k-1) = 0.119405
    -> Updated Empirical Survival Value (SV) at new q 4.898910: 0.500403 (Target: 0.500000)
    -> Convergence checks: |q_new - q_current| = 4.779505, |SV - target| = 0.000403, Policy Flips: 0

--- Alternating Optim Iteration 2/10 ---
Current q^(k-1) = 4.898910
    -> Updated Empirical Survival Value (SV) at new q 4.898910: 0.500403 (Target: 0.500000)
    -> Policy Flip Counts: F1=0, F2=2055
    -> Policy Flip Rates: F1=0.000000, F2=0.411000 (thresh=0.0100)
    -> Convergence checks: |q_new - q_current| = 0.000000, |SV - target| = 0.000403, Policy Flips: 2055

--- Alternating Optim Iteration 3/10 ---
Current q^(k-1) = 4.898910
    -> Updated Empirical Survival Value (SV) at new q 4.898910: 0.500403 (Target: 0.500000)
    -> Policy Flip Counts: F1=0, F2=0
    -> Policy Flip Rates: F1=0.000000, F2=0.000000 (thresh=0.0100)
    -> Convergence checks: |q_new - q_current| = 0.000000, |SV - target| = 0.000403, Policy Flips: 0
✅ AO Converged by delta_n threshold (q settled): shifted 0.000000 <= 0.000100

✅ Training Completed! Final optimal q: 4.898910, Estimated SV: 0.500403
  -> Training SRA Estimator (No-CF: True)...

==================================================
🚀 Starting SRA Policy Learning (NO-CF MODE, S1)

=== SRA Step 1: Estimating Propensity Weights (Logistic Regression) - NO CF ===
Training SRA Propensity Models (Logistic Regression)...

=== SRA Step 2 & 3: Alternating Optimization (Binary Search Version) ===
AO Settings -> Grid size: 5000, epsilon_n: 0.000100, delta_n: 0.000100, hn: 0.023482

--- Running Initial Hyperparameter Optimization for Policy Networks (SRA NO-CF AO) ---
Optimal configs locked: {'lr': 0.008513848532038348, 'l2': 9.934260397147999e-07, 'network_width': 64, 'network_depth': 4, 'epochs': 200}

--- Alternating Optim Iteration 1/10 ---
Current q^(k-1) = 0.119405
    -> Updated Empirical Survival Value (SV) at new q 4.177244: 0.500002 (Target: 0.500000)
    -> Convergence checks: |q_new - q_current| = 4.057839, |SV - target| = 0.000002, Policy Flips: 0
✅ AO Converged by epsilon: |0.500002 - 0.500000| <= 0.000100
  -> Training Oracle Estimator (No-CF: True)...

==================================================
🚀 Starting Oracle Policy Learning (NO-CF MODE, S1)

=== Oracle Step 1: Estimating Propensity Weights (Oracle Features) - NO CF ===
Training Oracle Propensity Models (Logistic Regression - DGPSatisfied)...

=== Oracle Step 2 & 3: Alternating Optimization (Binary Search Version) ===
AO Settings -> Grid size: 5000, epsilon_n: 0.000100, delta_n: 0.000100, hn: 0.023482

--- Running Initial Hyperparameter Optimization for Policy Networks (Oracle NO-CF AO) ---
Optimal configs locked: {'lr': 0.00858021118679756, 'l2': 3.761359193733269e-08, 'network_width': 128, 'network_depth': 3, 'epochs': 200}

--- Alternating Optim Iteration 1/10 ---
Current q^(k-1) = 0.119405
    -> Updated Empirical Survival Value (SV) at new q 4.383322: 0.499949 (Target: 0.500000)
    -> Convergence checks: |q_new - q_current| = 4.263917, |SV - target| = 0.000051, Policy Flips: 0
✅ AO Converged by epsilon: |0.499949 - 0.500000| <= 0.000100
   Perf  -> Prox: 4.757833094463 | SRA: 4.757833094463 | Oracle: 4.757833094463

[2/30] MC Repetition Seed: 285064
  -> Training Proximal QTR (Always Cross-Fitting)

==================================================
🚀 Starting Proximal QTR Policy Learning (S1)
=== Configuration & Data Generation ===
Generated data: Train(5000), Val(1250)

=== Step 1: Pre-estimating Bridge Functions (q22) w/ Cross-Fitting ===

>> Cross-Fitting Fold 1/2
Starting Hyperparameter Optimization for a1=1, a2=1...
Best Params found: {'network_width': 128, 'network_depth': 4, 'dropout_prob': 0.45275220437717556, 'lr': 5.164406705286464e-05, 'l2': 0.0005625872784775681, 'lambda_reg': 0.0006566446836867319, 'q22_output_bound': 6.0, 'epochs': 200}
Training Final q11 Checkpoint...
Training Final q22 Checkpoint...
Starting Hyperparameter Optimization for a1=1, a2=-1...
Best Params found: {'network_width': 64, 'network_depth': 3, 'dropout_prob': 0.47919718258045085, 'lr': 0.0024690415855273254, 'l2': 0.0039563366914010505, 'lambda_reg': 0.0013537383200335833, 'q22_output_bound': 6.0, 'epochs': 200}
Training Final q11 Checkpoint...
Training Final q22 Checkpoint...
Starting Hyperparameter Optimization for a1=-1, a2=1...
Best Params found: {'network_width': 64, 'network_depth': 4, 'dropout_prob': 0.41444658101657084, 'lr': 0.002243622744870737, 'l2': 0.0030963389262125864, 'lambda_reg': 1.954945788268291e-06, 'q22_output_bound': 6.0, 'epochs': 200}
Training Final q11 Checkpoint...
Training Final q22 Checkpoint...
Starting Hyperparameter Optimization for a1=-1, a2=-1...
Best Params found: {'network_width': 64, 'network_depth': 4, 'dropout_prob': 0.4486459239921128, 'lr': 0.0012823685249025467, 'l2': 0.00020071624352214457, 'lambda_reg': 8.60335001581026e-05, 'q22_output_bound': 6.0, 'epochs': 200}
Training Final q11 Checkpoint...
Training Final q22 Checkpoint...

>> Cross-Fitting Fold 2/2
Starting Hyperparameter Optimization for a1=1, a2=1...
Best Params found: {'network_width': 32, 'network_depth': 4, 'dropout_prob': 0.48641377160023513, 'lr': 2.8119957373583567e-05, 'l2': 0.0031425936441753398, 'lambda_reg': 2.9588026908938613e-06, 'q22_output_bound': 6.0, 'epochs': 200}
Training Final q11 Checkpoint...
Training Final q22 Checkpoint...
Starting Hyperparameter Optimization for a1=1, a2=-1...
Best Params found: {'network_width': 128, 'network_depth': 4, 'dropout_prob': 0.34049794069549716, 'lr': 0.0032611859139743634, 'l2': 0.009966994579923541, 'lambda_reg': 1.5378845376157655e-06, 'q22_output_bound': 6.0, 'epochs': 200}
Training Final q11 Checkpoint...
Training Final q22 Checkpoint...
Starting Hyperparameter Optimization for a1=-1, a2=1...
Best Params found: {'network_width': 128, 'network_depth': 4, 'dropout_prob': 0.37220359845647055, 'lr': 0.0002862261617610495, 'l2': 0.00011347281982104228, 'lambda_reg': 2.4999541248844864e-06, 'q22_output_bound': 6.0, 'epochs': 200}
Training Final q11 Checkpoint...
Training Final q22 Checkpoint...
Starting Hyperparameter Optimization for a1=-1, a2=-1...
Best Params found: {'network_width': 128, 'network_depth': 3, 'dropout_prob': 0.46035070076507356, 'lr': 0.0008502040123166411, 'l2': 0.0005317351728953085, 'lambda_reg': 0.008878133357134351, 'q22_output_bound': 6.0, 'epochs': 200}
Training Final q11 Checkpoint...
Training Final q22 Checkpoint...
Weight summary before inner optimization -> Train mean: 2.3306, Max: 5.6674

=== Step 2 & 3: Alternating Optimization for Policy Learning ===
Alternating Optim Settings -> Grid size: 5000, epsilon_n: 0.000100, delta_n: 0.000100, hn: 0.023482
                           -> flip_rate_thresh: 0.0100, batch_size: 128

--- Running Initial Hyperparameter Optimization for Policy Networks ---
Optimal configs locked: {'lr': 0.0009338850308110106, 'l2': 9.600217530291298e-07, 'network_width': 128, 'network_depth': 3, 'epochs': 200}

--- Alternating Optim Iteration 1/10 ---
Current q^(k-1) = 0.098247
    -> Updated Empirical Survival Value (SV) at new q 3.025976: 0.500015 (Target: 0.500000)
    -> Convergence checks: |q_new - q_current| = 2.927729, |SV - target| = 0.000015, Policy Flips: 0

--- Alternating Optim Iteration 2/10 ---
Current q^(k-1) = 3.025976
    -> Updated Empirical Survival Value (SV) at new q 3.064813: 0.500023 (Target: 0.500000)
    -> Policy Flip Counts: F1=127, F2=1756
    -> Policy Flip Rates: F1=0.025400, F2=0.351200 (thresh=0.0100)
    -> Convergence checks: |q_new - q_current| = 0.038837, |SV - target| = 0.000023, Policy Flips: 1883

--- Alternating Optim Iteration 3/10 ---
Current q^(k-1) = 3.064813
    -> Updated Empirical Survival Value (SV) at new q 3.064813: 0.500023 (Target: 0.500000)
    -> Policy Flip Counts: F1=0, F2=0
    -> Policy Flip Rates: F1=0.000000, F2=0.000000 (thresh=0.0100)
    -> Convergence checks: |q_new - q_current| = 0.000000, |SV - target| = 0.000023, Policy Flips: 0
✅ AO Converged by epsilon: |0.500023 - 0.500000| <= 0.000100

✅ Training Completed! Final optimal q: 3.064813, Estimated SV: 0.500023
  -> Training SRA Estimator (No-CF: True)...

==================================================
🚀 Starting SRA Policy Learning (NO-CF MODE, S1)

=== SRA Step 1: Estimating Propensity Weights (Logistic Regression) - NO CF ===
Training SRA Propensity Models (Logistic Regression)...

=== SRA Step 2 & 3: Alternating Optimization (Binary Search Version) ===
AO Settings -> Grid size: 5000, epsilon_n: 0.000100, delta_n: 0.000100, hn: 0.023482

--- Running Initial Hyperparameter Optimization for Policy Networks (SRA NO-CF AO) ---
Optimal configs locked: {'lr': 0.0011502150462798896, 'l2': 6.507641713315862e-07, 'network_width': 128, 'network_depth': 3, 'epochs': 200}

--- Alternating Optim Iteration 1/10 ---
Current q^(k-1) = 0.098247
    -> Updated Empirical Survival Value (SV) at new q 4.595868: 0.499697 (Target: 0.500000)
    -> Convergence checks: |q_new - q_current| = 4.497621, |SV - target| = 0.000303, Policy Flips: 0

--- Alternating Optim Iteration 2/10 ---
Current q^(k-1) = 4.595868
    -> Updated Empirical Survival Value (SV) at new q 4.336631: 0.500291 (Target: 0.500000)
    -> Convergence checks: |q_new - q_current| = 0.259237, |SV - target| = 0.000291, Policy Flips: 4672

--- Alternating Optim Iteration 3/10 ---
Current q^(k-1) = 4.336631
    -> Updated Empirical Survival Value (SV) at new q 4.400736: 0.500220 (Target: 0.500000)
    -> Convergence checks: |q_new - q_current| = 0.064105, |SV - target| = 0.000220, Policy Flips: 213

--- Alternating Optim Iteration 4/10 ---
Current q^(k-1) = 4.400736
    -> Updated Empirical Survival Value (SV) at new q 4.336631: 0.500291 (Target: 0.500000)
    -> Convergence checks: |q_new - q_current| = 0.064105, |SV - target| = 0.000291, Policy Flips: 213

--- Alternating Optim Iteration 5/10 ---
Current q^(k-1) = 4.336631
    -> Updated Empirical Survival Value (SV) at new q 4.336631: 0.500291 (Target: 0.500000)
    -> Convergence checks: |q_new - q_current| = 0.000000, |SV - target| = 0.000291, Policy Flips: 0
✅ AO Converged by delta_n threshold (q settled): shifed 0.000000 <= 0.000100
  -> Training Oracle Estimator (No-CF: True)...

==================================================
🚀 Starting Oracle Policy Learning (NO-CF MODE, S1)

=== Oracle Step 1: Estimating Propensity Weights (Oracle Features) - NO CF ===
Training Oracle Propensity Models (Logistic Regression - DGPSatisfied)...

=== Oracle Step 2 & 3: Alternating Optimization (Binary Search Version) ===
AO Settings -> Grid size: 5000, epsilon_n: 0.000100, delta_n: 0.000100, hn: 0.023482

--- Running Initial Hyperparameter Optimization for Policy Networks (Oracle NO-CF AO) ---
Optimal configs locked: {'lr': 0.0016574287791258496, 'l2': 8.96532931552687e-07, 'network_width': 128, 'network_depth': 3, 'epochs': 200}

--- Alternating Optim Iteration 1/10 ---
Current q^(k-1) = 0.098247
    -> Updated Empirical Survival Value (SV) at new q 6.014042: 0.500175 (Target: 0.500000)
    -> Convergence checks: |q_new - q_current| = 5.915794, |SV - target| = 0.000175, Policy Flips: 0

--- Alternating Optim Iteration 2/10 ---
Current q^(k-1) = 6.014042
    -> Updated Empirical Survival Value (SV) at new q 6.079245: 0.500223 (Target: 0.500000)
    -> Convergence checks: |q_new - q_current| = 0.065204, |SV - target| = 0.000223, Policy Flips: 91

--- Alternating Optim Iteration 3/10 ---
Current q^(k-1) = 6.079245
    -> Updated Empirical Survival Value (SV) at new q 6.061411: 0.499925 (Target: 0.500000)
    -> Convergence checks: |q_new - q_current| = 0.017834, |SV - target| = 0.000075, Policy Flips: 66
✅ AO Converged by epsilon: |0.499925 - 0.500000| <= 0.000100
   Perf  -> Prox: 4.750478718435 | SRA: 5.707555457326 | Oracle: 5.689704421268

[3/30] MC Repetition Seed: 285065
  -> Training Proximal QTR (Always Cross-Fitting)

==================================================
🚀 Starting Proximal QTR Policy Learning (S1)
=== Configuration & Data Generation ===
Generated data: Train(5000), Val(1250)

=== Step 1: Pre-estimating Bridge Functions (q22) w/ Cross-Fitting ===

>> Cross-Fitting Fold 1/2
Starting Hyperparameter Optimization for a1=1, a2=1...
Best Params found: {'network_width': 128, 'network_depth': 4, 'dropout_prob': 0.43388026176801214, 'lr': 1.2800061549676056e-05, 'l2': 0.0005958917835657207, 'lambda_reg': 3.0416798931084604e-05, 'q22_output_bound': 6.0, 'epochs': 200}
Training Final q11 Checkpoint...
Training Final q22 Checkpoint...
Starting Hyperparameter Optimization for a1=1, a2=-1...
Best Params found: {'network_width': 64, 'network_depth': 4, 'dropout_prob': 0.4087276447254927, 'lr': 0.0004785184199600715, 'l2': 0.008244091548394065, 'lambda_reg': 0.00824360123225815, 'q22_output_bound': 6.0, 'epochs': 200}
Training Final q11 Checkpoint...
Training Final q22 Checkpoint...
Starting Hyperparameter Optimization for a1=-1, a2=1...
Best Params found: {'network_width': 64, 'network_depth': 4, 'dropout_prob': 0.3798589493593084, 'lr': 0.0005812038298879775, 'l2': 0.004176297638171825, 'lambda_reg': 0.0001371447637487641, 'q22_output_bound': 6.0, 'epochs': 200}
Training Final q11 Checkpoint...
Training Final q22 Checkpoint...
Starting Hyperparameter Optimization for a1=-1, a2=-1...
Best Params found: {'network_width': 64, 'network_depth': 4, 'dropout_prob': 0.41782854483482323, 'lr': 0.0004677272584701084, 'l2': 0.0005228193483080546, 'lambda_reg': 0.004750663811019747, 'q22_output_bound': 6.0, 'epochs': 200}
Training Final q11 Checkpoint...
Training Final q22 Checkpoint...

>> Cross-Fitting Fold 2/2
Starting Hyperparameter Optimization for a1=1, a2=1...
Best Params found: {'network_width': 32, 'network_depth': 4, 'dropout_prob': 0.4303883053553779, 'lr': 0.0001274168131712257, 'l2': 0.009073331294711365, 'lambda_reg': 0.0009839280709379632, 'q22_output_bound': 6.0, 'epochs': 200}
Training Final q11 Checkpoint...
Training Final q22 Checkpoint...
Starting Hyperparameter Optimization for a1=1, a2=-1...
Best Params found: {'network_width': 32, 'network_depth': 4, 'dropout_prob': 0.21882695649806513, 'lr': 2.4802436250578746e-05, 'l2': 0.009248086001024674, 'lambda_reg': 6.054577682336738e-05, 'q22_output_bound': 6.0, 'epochs': 200}
Training Final q11 Checkpoint...
Training Final q22 Checkpoint...
Starting Hyperparameter Optimization for a1=-1, a2=1...
Best Params found: {'network_width': 64, 'network_depth': 4, 'dropout_prob': 0.3529966687529106, 'lr': 0.0014697145228908118, 'l2': 0.008612244466209295, 'lambda_reg': 1.3401550218283625e-05, 'q22_output_bound': 6.0, 'epochs': 200}
Training Final q11 Checkpoint...
Training Final q22 Checkpoint...
Starting Hyperparameter Optimization for a1=-1, a2=-1...
Best Params found: {'network_width': 128, 'network_depth': 4, 'dropout_prob': 0.43431316667988284, 'lr': 0.000790592089789329, 'l2': 0.00029145546315774364, 'lambda_reg': 0.005583973595251292, 'q22_output_bound': 6.0, 'epochs': 200}
Training Final q11 Checkpoint...
Training Final q22 Checkpoint...
Weight summary before inner optimization -> Train mean: 2.3226, Max: 5.4732

=== Step 2 & 3: Alternating Optimization for Policy Learning ===
Alternating Optim Settings -> Grid size: 5000, epsilon_n: 0.000100, delta_n: 0.000100, hn: 0.023482
                           -> flip_rate_thresh: 0.0100, batch_size: 128

--- Running Initial Hyperparameter Optimization for Policy Networks ---
Optimal configs locked: {'lr': 0.0009964088392567065, 'l2': 9.656742550191627e-07, 'network_width': 128, 'network_depth': 4, 'epochs': 200}

--- Alternating Optim Iteration 1/10 ---
Current q^(k-1) = 0.067220
    -> Updated Empirical Survival Value (SV) at new q 5.506488: 0.500047 (Target: 0.500000)
    -> Convergence checks: |q_new - q_current| = 5.439268, |SV - target| = 0.000047, Policy Flips: 0

--- Alternating Optim Iteration 2/10 ---
Current q^(k-1) = 5.506488
    -> Updated Empirical Survival Value (SV) at new q 5.558431: 0.499958 (Target: 0.500000)
    -> Policy Flip Counts: F1=30, F2=0
    -> Policy Flip Rates: F1=0.006000, F2=0.000000 (thresh=0.0100)
    -> Convergence checks: |q_new - q_current| = 0.051943, |SV - target| = 0.000042, Policy Flips: 30
✅ AO Converged by epsilon: |0.499958 - 0.500000| <= 0.000100

✅ Training Completed! Final optimal q: 5.558431, Estimated SV: 0.499958
  -> Training SRA Estimator (No-CF: True)...

==================================================
🚀 Starting SRA Policy Learning (NO-CF MODE, S1)

=== SRA Step 1: Estimating Propensity Weights (Logistic Regression) - NO CF ===
Training SRA Propensity Models (Logistic Regression)...

=== SRA Step 2 & 3: Alternating Optimization (Binary Search Version) ===
AO Settings -> Grid size: 5000, epsilon_n: 0.000100, delta_n: 0.000100, hn: 0.023482

--- Running Initial Hyperparameter Optimization for Policy Networks (SRA NO-CF AO) ---
Optimal configs locked: {'lr': 0.009503558853176063, 'l2': 4.612042557613642e-07, 'network_width': 128, 'network_depth': 4, 'epochs': 200}

--- Alternating Optim Iteration 1/10 ---
Current q^(k-1) = 0.067220
    -> Updated Empirical Survival Value (SV) at new q 4.047948: 0.500353 (Target: 0.500000)
    -> Convergence checks: |q_new - q_current| = 3.980728, |SV - target| = 0.000353, Policy Flips: 0

--- Alternating Optim Iteration 2/10 ---
Current q^(k-1) = 4.047948
    -> Updated Empirical Survival Value (SV) at new q 4.047948: 0.500353 (Target: 0.500000)
    -> Convergence checks: |q_new - q_current| = 0.000000, |SV - target| = 0.000353, Policy Flips: 0
✅ AO Converged by delta_n threshold (q settled): shifed 0.000000 <= 0.000100
  -> Training Oracle Estimator (No-CF: True)...

==================================================
🚀 Starting Oracle Policy Learning (NO-CF MODE, S1)

=== Oracle Step 1: Estimating Propensity Weights (Oracle Features) - NO CF ===
Training Oracle Propensity Models (Logistic Regression - DGPSatisfied)...

=== Oracle Step 2 & 3: Alternating Optimization (Binary Search Version) ===
AO Settings -> Grid size: 5000, epsilon_n: 0.000100, delta_n: 0.000100, hn: 0.023482

--- Running Initial Hyperparameter Optimization for Policy Networks (Oracle NO-CF AO) ---
Optimal configs locked: {'lr': 0.0037569223186336162, 'l2': 3.785833976164003e-07, 'network_width': 128, 'network_depth': 4, 'epochs': 200}

--- Alternating Optim Iteration 1/10 ---
Current q^(k-1) = 0.067220
    -> Updated Empirical Survival Value (SV) at new q 5.508683: 0.499888 (Target: 0.500000)
    -> Convergence checks: |q_new - q_current| = 5.441463, |SV - target| = 0.000112, Policy Flips: 0

--- Alternating Optim Iteration 2/10 ---
Current q^(k-1) = 5.508683
    -> Updated Empirical Survival Value (SV) at new q 5.508683: 0.499888 (Target: 0.500000)
    -> Convergence checks: |q_new - q_current| = 0.000000, |SV - target| = 0.000112, Policy Flips: 0
✅ AO Converged by delta_n threshold (q settled): shifed 0.000000 <= 0.000100
   Perf  -> Prox: 4.799912497981 | SRA: 5.754680453335 | Oracle: 5.754680453335

[4/30] MC Repetition Seed: 285066
  -> Training Proximal QTR (Always Cross-Fitting)

==================================================
🚀 Starting Proximal QTR Policy Learning (S1)
=== Configuration & Data Generation ===
Generated data: Train(5000), Val(1250)

=== Step 1: Pre-estimating Bridge Functions (q22) w/ Cross-Fitting ===

>> Cross-Fitting Fold 1/2
Starting Hyperparameter Optimization for a1=1, a2=1...
Best Params found: {'network_width': 128, 'network_depth': 4, 'dropout_prob': 0.36755192914465196, 'lr': 0.00026289019449924744, 'l2': 0.005652158249465178, 'lambda_reg': 3.126324968323617e-05, 'q22_output_bound': 6.0, 'epochs': 200}
Training Final q11 Checkpoint...
Training Final q22 Checkpoint...
Starting Hyperparameter Optimization for a1=1, a2=-1...
Best Params found: {'network_width': 64, 'network_depth': 3, 'dropout_prob': 0.39007286314164646, 'lr': 0.0010067572196129375, 'l2': 0.00013590896448077065, 'lambda_reg': 2.925688999676694e-05, 'q22_output_bound': 6.0, 'epochs': 200}
Training Final q11 Checkpoint...
Training Final q22 Checkpoint...
Starting Hyperparameter Optimization for a1=-1, a2=1...
Best Params found: {'network_width': 32, 'network_depth': 4, 'dropout_prob': 0.3589402104165322, 'lr': 0.00215084911191051, 'l2': 0.0033277125731049186, 'lambda_reg': 2.3446402522946238e-06, 'q22_output_bound': 6.0, 'epochs': 200}
Training Final q11 Checkpoint...
Training Final q22 Checkpoint...
Starting Hyperparameter Optimization for a1=-1, a2=-1...
Best Params found: {'network_width': 128, 'network_depth': 4, 'dropout_prob': 0.2920186682950843, 'lr': 0.000608273928320185, 'l2': 0.0018011691762573692, 'lambda_reg': 2.1779213056130785e-05, 'q22_output_bound': 6.0, 'epochs': 200}
Training Final q11 Checkpoint...
Training Final q22 Checkpoint...

>> Cross-Fitting Fold 2/2
Starting Hyperparameter Optimization for a1=1, a2=1...
Best Params found: {'network_width': 64, 'network_depth': 4, 'dropout_prob': 0.44683722857625363, 'lr': 1.6022987171296134e-05, 'l2': 0.0009470629797828443, 'lambda_reg': 0.006262889674601504, 'q22_output_bound': 6.0, 'epochs': 200}
Training Final q11 Checkpoint...
Training Final q22 Checkpoint...
Starting Hyperparameter Optimization for a1=1, a2=-1...
Best Params found: {'network_width': 64, 'network_depth': 4, 'dropout_prob': 0.3599529407352845, 'lr': 0.0009819538675344744, 'l2': 0.0012696933106975223, 'lambda_reg': 0.0015167455831898758, 'q22_output_bound': 6.0, 'epochs': 200}
Training Final q11 Checkpoint...
Training Final q22 Checkpoint...
Starting Hyperparameter Optimization for a1=-1, a2=1...
