
######################################################################
   MONTE CARLO COMPARATIVE ANALYSIS (Proximal vs SRA vs Oracle)
######################################################################
Configurations:
 - n_train: 10000
 - mc_reps: 50
 - mc_eval_size: 100000
 - seed: 285063
 - tau: 0.5
 - phi_type: 3
 - model_type: nn
 - k_folds: 2
 - max_alt_iters: 10
 - dgp: S1
 - optim_mode: ao
 - no_cf: True
 - prox_only: True
 - mmr_loss: V_statistic
 - q22_output_bound: 0.0
 - Device: cuda


[1/50] MC Repetition Seed: 285063
  -> Training Proximal QTR (Always Cross-Fitting)

==================================================
🚀 Starting Proximal QTR Policy Learning (S1)
=== Configuration & Data Generation ===
Generated data: Train(10000), Val(2500)

=== Step 1: Pre-estimating Bridge Functions (q22) w/ Cross-Fitting ===

>> Cross-Fitting Fold 1/2
Starting Hyperparameter Optimization for a1=1, a2=1...
Best Params found: {'network_width': 128, 'network_depth': 4, 'dropout_prob': 0.4403594376089641, 'lr': 1.4468918834190997e-05, 'l2': 0.0015429665843071988, 'lambda_reg': 1.1900755829738642e-05, 'q22_output_bound': 0.0, 'epochs': 200}
Training Final q11 Checkpoint...
Training Final q22 Checkpoint...
Starting Hyperparameter Optimization for a1=1, a2=-1...
Best Params found: {'network_width': 32, 'network_depth': 4, 'dropout_prob': 0.4842475432385421, 'lr': 0.00022153012066366366, 'l2': 0.0020073661413593934, 'lambda_reg': 1.4757505556130384e-05, 'q22_output_bound': 0.0, 'epochs': 200}
Training Final q11 Checkpoint...
Training Final q22 Checkpoint...
Starting Hyperparameter Optimization for a1=-1, a2=1...
Best Params found: {'network_width': 32, 'network_depth': 4, 'dropout_prob': 0.44037406397138334, 'lr': 0.0008856846049431748, 'l2': 0.0006262658185854077, 'lambda_reg': 3.143949826531621e-05, 'q22_output_bound': 0.0, 'epochs': 200}
Training Final q11 Checkpoint...
Training Final q22 Checkpoint...
Starting Hyperparameter Optimization for a1=-1, a2=-1...
Best Params found: {'network_width': 64, 'network_depth': 4, 'dropout_prob': 0.3317011007464652, 'lr': 0.00018206628135026097, 'l2': 0.0024600841303763447, 'lambda_reg': 0.004932010935360592, 'q22_output_bound': 0.0, 'epochs': 200}
Training Final q11 Checkpoint...
Training Final q22 Checkpoint...

>> Cross-Fitting Fold 2/2
Starting Hyperparameter Optimization for a1=1, a2=1...
Best Params found: {'network_width': 64, 'network_depth': 4, 'dropout_prob': 0.4802277500449067, 'lr': 0.00018112590557386657, 'l2': 0.00011761057547402307, 'lambda_reg': 2.9190083136811e-05, 'q22_output_bound': 0.0, 'epochs': 200}
Training Final q11 Checkpoint...
Training Final q22 Checkpoint...
Starting Hyperparameter Optimization for a1=1, a2=-1...
Best Params found: {'network_width': 32, 'network_depth': 3, 'dropout_prob': 0.40329197203245193, 'lr': 0.0001945966153146029, 'l2': 0.0005510101503323912, 'lambda_reg': 3.035314780315771e-05, 'q22_output_bound': 0.0, 'epochs': 200}
Training Final q11 Checkpoint...
Training Final q22 Checkpoint...
Starting Hyperparameter Optimization for a1=-1, a2=1...
Best Params found: {'network_width': 32, 'network_depth': 4, 'dropout_prob': 0.41790491454398615, 'lr': 6.759545115193767e-05, 'l2': 0.0015675364263467544, 'lambda_reg': 0.008119305290919518, 'q22_output_bound': 0.0, 'epochs': 200}
Training Final q11 Checkpoint...
Training Final q22 Checkpoint...
Starting Hyperparameter Optimization for a1=-1, a2=-1...
Best Params found: {'network_width': 64, 'network_depth': 3, 'dropout_prob': 0.48727705423358725, 'lr': 9.922294877869689e-05, 'l2': 0.0008671078144120634, 'lambda_reg': 0.00281582444035579, 'q22_output_bound': 0.0, 'epochs': 200}
Training Final q11 Checkpoint...
Training Final q22 Checkpoint...
Weight summary before inner optimization -> Train mean: 1.0238, Max: 8.6139

=== Step 2 & 3: Alternating Optimization for Policy Learning ===
Alternating Optim Settings -> Grid size: 10000, epsilon_n: 0.000100, delta_n: 0.000100, hn: 0.021715
                           -> flip_rate_thresh: 0.0100, batch_size: 128

--- Running Initial Hyperparameter Optimization for Policy Networks ---
Optimal configs locked: {'lr': 0.00019028696825331744, 'l2': 4.2302232241488493e-07, 'network_width': 128, 'network_depth': 4, 'epochs': 200}

--- Alternating Optim Iteration 1/10 ---
Current q^(k-1) = 0.065037
    -> Updated Empirical Survival Value (SV) at new q 2.039264: 0.500068 (Target: 0.500000)
    -> Convergence checks: |q_new - q_current| = 1.974226, |SV - target| = 0.000068, Policy Flips: 0

--- Alternating Optim Iteration 2/10 ---
Current q^(k-1) = 2.039264
    -> Updated Empirical Survival Value (SV) at new q 2.363760: 0.499929 (Target: 0.500000)
    -> Policy Flip Counts: F1=0, F2=1608
    -> Policy Flip Rates: F1=0.000000, F2=0.160800 (thresh=0.0100)
    -> Convergence checks: |q_new - q_current| = 0.324496, |SV - target| = 0.000071, Policy Flips: 1608

--- Alternating Optim Iteration 3/10 ---
Current q^(k-1) = 2.363760
    -> Updated Empirical Survival Value (SV) at new q 2.363760: 0.499929 (Target: 0.500000)
    -> Policy Flip Counts: F1=0, F2=0
    -> Policy Flip Rates: F1=0.000000, F2=0.000000 (thresh=0.0100)
    -> Convergence checks: |q_new - q_current| = 0.000000, |SV - target| = 0.000071, Policy Flips: 0
✅ AO Converged by epsilon: |0.499929 - 0.500000| <= 0.000100

✅ Training Completed! Final optimal q: 2.363760, Estimated SV: 0.499929
   Perf  -> Prox: 5.709799358629

[2/50] MC Repetition Seed: 285064
  -> Training Proximal QTR (Always Cross-Fitting)

==================================================
🚀 Starting Proximal QTR Policy Learning (S1)
=== Configuration & Data Generation ===
Generated data: Train(10000), Val(2500)

=== Step 1: Pre-estimating Bridge Functions (q22) w/ Cross-Fitting ===

>> Cross-Fitting Fold 1/2
Starting Hyperparameter Optimization for a1=1, a2=1...
Best Params found: {'network_width': 64, 'network_depth': 3, 'dropout_prob': 0.429017745412103, 'lr': 5.028793105050067e-05, 'l2': 0.00010456300482721512, 'lambda_reg': 0.009931947898329931, 'q22_output_bound': 0.0, 'epochs': 200}
Training Final q11 Checkpoint...
Training Final q22 Checkpoint...
Starting Hyperparameter Optimization for a1=1, a2=-1...
Best Params found: {'network_width': 32, 'network_depth': 4, 'dropout_prob': 0.48940513960595583, 'lr': 0.00039712104521364333, 'l2': 0.008180542439411603, 'lambda_reg': 8.47925407609971e-06, 'q22_output_bound': 0.0, 'epochs': 200}
Training Final q11 Checkpoint...
Training Final q22 Checkpoint...
Starting Hyperparameter Optimization for a1=-1, a2=1...
Best Params found: {'network_width': 128, 'network_depth': 4, 'dropout_prob': 0.49738771328497716, 'lr': 3.87875051750725e-05, 'l2': 0.009374732703859464, 'lambda_reg': 0.00032687280182703323, 'q22_output_bound': 0.0, 'epochs': 200}
Training Final q11 Checkpoint...
Training Final q22 Checkpoint...
Starting Hyperparameter Optimization for a1=-1, a2=-1...
Best Params found: {'network_width': 128, 'network_depth': 4, 'dropout_prob': 0.4769219260793231, 'lr': 7.222620430076167e-05, 'l2': 0.0006782373997153856, 'lambda_reg': 1.4527975839484827e-05, 'q22_output_bound': 0.0, 'epochs': 200}
Training Final q11 Checkpoint...
Training Final q22 Checkpoint...

>> Cross-Fitting Fold 2/2
Starting Hyperparameter Optimization for a1=1, a2=1...
Best Params found: {'network_width': 128, 'network_depth': 4, 'dropout_prob': 0.4721901489335141, 'lr': 3.4841389399457145e-05, 'l2': 0.0014646990439852042, 'lambda_reg': 0.008488663590875597, 'q22_output_bound': 0.0, 'epochs': 200}
Training Final q11 Checkpoint...
Training Final q22 Checkpoint...
Starting Hyperparameter Optimization for a1=1, a2=-1...
Best Params found: {'network_width': 64, 'network_depth': 3, 'dropout_prob': 0.4982958878530391, 'lr': 8.957707606332713e-05, 'l2': 0.00024678175902931684, 'lambda_reg': 2.923124951949043e-06, 'q22_output_bound': 0.0, 'epochs': 200}
Training Final q11 Checkpoint...
Training Final q22 Checkpoint...
Starting Hyperparameter Optimization for a1=-1, a2=1...
Best Params found: {'network_width': 128, 'network_depth': 3, 'dropout_prob': 0.4931271176294644, 'lr': 0.00021182023417842339, 'l2': 0.0006828748454448853, 'lambda_reg': 6.4427024789446756e-06, 'q22_output_bound': 0.0, 'epochs': 200}
Training Final q11 Checkpoint...
Training Final q22 Checkpoint...
Starting Hyperparameter Optimization for a1=-1, a2=-1...
Best Params found: {'network_width': 64, 'network_depth': 4, 'dropout_prob': 0.49900592848085595, 'lr': 0.001205891127782379, 'l2': 0.00010067748093375049, 'lambda_reg': 0.0004721557049072535, 'q22_output_bound': 0.0, 'epochs': 200}
Training Final q11 Checkpoint...
Training Final q22 Checkpoint...
Weight summary before inner optimization -> Train mean: 1.5022, Max: 8.5282

=== Step 2 & 3: Alternating Optimization for Policy Learning ===
Alternating Optim Settings -> Grid size: 10000, epsilon_n: 0.000100, delta_n: 0.000100, hn: 0.021715
                           -> flip_rate_thresh: 0.0100, batch_size: 128

--- Running Initial Hyperparameter Optimization for Policy Networks ---
Optimal configs locked: {'lr': 0.0009945708976927827, 'l2': 4.746035278520251e-07, 'network_width': 32, 'network_depth': 3, 'epochs': 200}

--- Alternating Optim Iteration 1/10 ---
Current q^(k-1) = 0.152392
    -> Updated Empirical Survival Value (SV) at new q 0.968000: 0.500366 (Target: 0.500000)
    -> Convergence checks: |q_new - q_current| = 0.815608, |SV - target| = 0.000366, Policy Flips: 0

--- Alternating Optim Iteration 2/10 ---
Current q^(k-1) = 0.968000
    -> Updated Empirical Survival Value (SV) at new q 1.092926: 0.500286 (Target: 0.500000)
    -> Policy Flip Counts: F1=0, F2=578
    -> Policy Flip Rates: F1=0.000000, F2=0.057800 (thresh=0.0100)
    -> Convergence checks: |q_new - q_current| = 0.124925, |SV - target| = 0.000286, Policy Flips: 578

--- Alternating Optim Iteration 3/10 ---
Current q^(k-1) = 1.092926
    -> Updated Empirical Survival Value (SV) at new q 1.262606: 0.500116 (Target: 0.500000)
    -> Policy Flip Counts: F1=0, F2=499
    -> Policy Flip Rates: F1=0.000000, F2=0.049900 (thresh=0.0100)
    -> Convergence checks: |q_new - q_current| = 0.169680, |SV - target| = 0.000116, Policy Flips: 499

--- Alternating Optim Iteration 4/10 ---
Current q^(k-1) = 1.262606
    -> Updated Empirical Survival Value (SV) at new q 1.151918: 0.499954 (Target: 0.500000)
    -> Policy Flip Counts: F1=0, F2=442
    -> Policy Flip Rates: F1=0.000000, F2=0.044200 (thresh=0.0100)
    -> Convergence checks: |q_new - q_current| = 0.110687, |SV - target| = 0.000046, Policy Flips: 442

--- Alternating Optim Iteration 5/10 ---
Current q^(k-1) = 1.151918
    -> Updated Empirical Survival Value (SV) at new q 1.204443: 0.500023 (Target: 0.500000)
    -> Policy Flip Counts: F1=0, F2=186
    -> Policy Flip Rates: F1=0.000000, F2=0.018600 (thresh=0.0100)
    -> Convergence checks: |q_new - q_current| = 0.052525, |SV - target| = 0.000023, Policy Flips: 186

--- Alternating Optim Iteration 6/10 ---
Current q^(k-1) = 1.204443
    -> Updated Empirical Survival Value (SV) at new q 1.320654: 0.500091 (Target: 0.500000)
    -> Policy Flip Counts: F1=0, F2=249
    -> Policy Flip Rates: F1=0.000000, F2=0.024900 (thresh=0.0100)
    -> Convergence checks: |q_new - q_current| = 0.116211, |SV - target| = 0.000091, Policy Flips: 249

--- Alternating Optim Iteration 7/10 ---
Current q^(k-1) = 1.320654
    -> Updated Empirical Survival Value (SV) at new q 1.099245: 0.500154 (Target: 0.500000)
    -> Policy Flip Counts: F1=0, F2=323
    -> Policy Flip Rates: F1=0.000000, F2=0.032300 (thresh=0.0100)
    -> Convergence checks: |q_new - q_current| = 0.221409, |SV - target| = 0.000154, Policy Flips: 323

--- Alternating Optim Iteration 8/10 ---
Current q^(k-1) = 1.099245
    -> Updated Empirical Survival Value (SV) at new q 1.243434: 0.499895 (Target: 0.500000)
    -> Policy Flip Counts: F1=0, F2=264
    -> Policy Flip Rates: F1=0.000000, F2=0.026400 (thresh=0.0100)
    -> Convergence checks: |q_new - q_current| = 0.144189, |SV - target| = 0.000105, Policy Flips: 264

--- Alternating Optim Iteration 9/10 ---
Current q^(k-1) = 1.243434
    -> Updated Empirical Survival Value (SV) at new q 1.184551: 0.500056 (Target: 0.500000)
    -> Policy Flip Counts: F1=0, F2=145
    -> Policy Flip Rates: F1=0.000000, F2=0.014500 (thresh=0.0100)
    -> Convergence checks: |q_new - q_current| = 0.058883, |SV - target| = 0.000056, Policy Flips: 145

--- Alternating Optim Iteration 10/10 ---
Current q^(k-1) = 1.184551
    -> Updated Empirical Survival Value (SV) at new q 1.285809: 0.500084 (Target: 0.500000)
    -> Policy Flip Counts: F1=0, F2=556
    -> Policy Flip Rates: F1=0.000000, F2=0.055600 (thresh=0.0100)
    -> Convergence checks: |q_new - q_current| = 0.101259, |SV - target| = 0.000084, Policy Flips: 556

✅ Training Completed! Final optimal q: 1.285809, Estimated SV: 0.500084
   Perf  -> Prox: 0.667462998762

[3/50] MC Repetition Seed: 285065
  -> Training Proximal QTR (Always Cross-Fitting)

==================================================
🚀 Starting Proximal QTR Policy Learning (S1)
=== Configuration & Data Generation ===
Generated data: Train(10000), Val(2500)

=== Step 1: Pre-estimating Bridge Functions (q22) w/ Cross-Fitting ===

>> Cross-Fitting Fold 1/2
Starting Hyperparameter Optimization for a1=1, a2=1...
Best Params found: {'network_width': 128, 'network_depth': 4, 'dropout_prob': 0.4855116324830472, 'lr': 5.2503930334804707e-05, 'l2': 0.0004210814808028919, 'lambda_reg': 3.6969875695104854e-05, 'q22_output_bound': 0.0, 'epochs': 200}
Training Final q11 Checkpoint...
Training Final q22 Checkpoint...
Starting Hyperparameter Optimization for a1=1, a2=-1...
Best Params found: {'network_width': 128, 'network_depth': 4, 'dropout_prob': 0.44085531384089094, 'lr': 0.00045878619320174376, 'l2': 0.0002949783591619714, 'lambda_reg': 9.711547597538661e-06, 'q22_output_bound': 0.0, 'epochs': 200}
Training Final q11 Checkpoint...
Training Final q22 Checkpoint...
Starting Hyperparameter Optimization for a1=-1, a2=1...
Best Params found: {'network_width': 128, 'network_depth': 3, 'dropout_prob': 0.35586683332411545, 'lr': 0.00038742783854649415, 'l2': 0.0009163013154311021, 'lambda_reg': 1.04651432908344e-06, 'q22_output_bound': 0.0, 'epochs': 200}
Training Final q11 Checkpoint...
Training Final q22 Checkpoint...
Starting Hyperparameter Optimization for a1=-1, a2=-1...
Best Params found: {'network_width': 64, 'network_depth': 4, 'dropout_prob': 0.4911022949331354, 'lr': 0.00028406074708666346, 'l2': 0.0003408325357863957, 'lambda_reg': 1.1663392595977397e-06, 'q22_output_bound': 0.0, 'epochs': 200}
Training Final q11 Checkpoint...
Training Final q22 Checkpoint...

>> Cross-Fitting Fold 2/2
Starting Hyperparameter Optimization for a1=1, a2=1...
